!AIVDM,1,1,,A,402=ac1vU4i5WOhIhBP3BQwP268D,0*69
!AIVDM,1,1,,B,33:EIf0OhuOiKIhP2JesWaUB01wP,0*62
!AIVDM,2,1,0,B,53M@D`42;N`4mMISH00Pu0E@uDp000000000000l2PG68<n60@B3mCQ8,0*58
!AIVDM,2,2,0,B,43jCU0000000000,2*6C
!AIVDM,1,1,,A,13:iFj3P00wiKMbP2KsesgwB0D0N,0*56
!AIVDM,2,1,1,A,53M@D`42;N`4mMISH00Pu0E@uDp000000000000l2PG68<n60@B3mCQ8,0*5A
!AIVDM,2,2,1,A,43jCU0000000000,2*6E
!AIVDM,1,1,,B,402MN7h000Htt<tSF0l4Q@3P0t0M,0*49
!AIVDM,2,1,2,B,53M@D`42;N`4mMISH00Pu0E@uDp000000000000l2PG684n60@B3mCQ8,0*52
!AIVDM,2,2,2,B,43jCU0000000000,2*6E
!AIVDM,1,1,,A,13:EQR000oOiGIfP2cAKPa=F00S;,0*60
!AIVDM,1,1,,A,33:EIf0OhwOiKG0P2JlKdagH01<P,0*44
!AIVDM,1,1,,A,13MA4Bh000Oi@4LP2?gf467F00Ri,0*0C
!AIVDM,2,1,3,A,53M@D`42;N`4mMISH00Pu0E@uDp000000000000l2PG684n60@B3mCQ8,0*50
!AIVDM,2,2,3,A,43jCU0000000000,2*6C
!AIVDM,1,1,,A,402MN7h000Htt<tSF0l4Q@3P0t0M,0*4A
!AIVDM,2,1,4,B,53M@D`42;N`4mMISH00Pu0E@uDp000000000000l2PG68<n60@B3mCQ8,0*5C
!AIVDM,2,2,4,B,43jCU0000000000,2*68
!AIVDM,2,1,5,A,53M@D`42;N`4mMISH00Pu0E@uDp000000000000l2PG68<n60@B3mCQ8,0*5E
!AIVDM,2,2,5,A,43jCU0000000000,2*6A
!AIVDM,1,1,,B,402MN7h000Htt<tSF0l4Q@3P0t0M,0*49
!AIVDM,1,1,,B,33M@QnhP@1whOwfP2Ohi:lwH00dP,0*6E
!AIVDM,1,1,,B,138Nsd0000OiKF8P2L?=4:3N0D0W,0*19
!AIVDM,2,1,6,B,53M@D`42;N`4mMISH00Pu0E@uDp000000000000l2PG68<n60@B3mCQ8,0*5E
!AIVDM,2,2,6,B,43jCU0000000000,2*6A
!AIVDM,1,1,,A,33P8nuE000OhS<6P2h`5jPOL0C4:,0*45
!AIVDM,1,1,,A,33M@Qnh001whOwfP2Oi3vTwL010@,0*13
!AIVDM,1,1,,B,13:EIf0Oi1OiKBhP2K3KvIoP0@L9,0*43
!AIVDM,1,1,,A,402MN7h000Htt<tSF0l4Q@3P0t0M,0*4A
!AIVDM,2,1,7,A,53M@D`42;N`4mMISH00Pu0E@uDp000000000000l2PG68<n60@B3mCQ8,0*5C
!AIVDM,2,2,7,A,43jCU0000000000,2*68
!AIVDM,2,1,8,B,53M@D`42;N`4mMISH00Pu0E@uDp000000000000l2PG68<n60@B3mCQ8,0*50
!AIVDM,2,2,8,B,43jCU0000000000,2*64
!AIVDM,1,1,,B,402=ac1vU4i5iOhIh@P3BS?P268D,0*1C
!AIVDM,2,1,9,A,53M@D`42;N`4mMISH00Pu0E@uDp000000000000l2PG68<n60@B3mCQ8,0*52
!AIVDM,2,2,9,A,43jCU0000000000,2*66
!AIVDM,1,1,,B,13:iFj3P00wiKMVP2KsMsgwT0D0N,0*5F
!AIVDM,1,1,,B,13MAjP0P00wi@2dP2?p4IOwR0V8D,0*59
!AIVDM,2,1,0,B,53M@D`42;N`4mMISH00Pu0E@uDp000000000000l2PG68<n60@B3mCQ8,0*58
!AIVDM,2,2,0,B,43jCU0000000000,2*6C
!AIVDM,1,1,,A,33:EIf0Oi3OiK@LP2K=d8qs`01qP,0*38
!AIVDM,1,1,,A,33M@DV5000OfuJ2P3UH1:AQV0Dg:,0*02
!AIVDM,1,1,,A,402MN7h000Htt<tSF0l4Q@3P0t0M,0*4A
!AIVDM,2,1,1,A,53M@D`42;N`4mMISH00Pu0E@uDp000000000000l2PG68<n60@B3mCQ8,0*5A
!AIVDM,2,2,1,A,43jCU0000000000,2*6E
!AIVDM,1,1,,B,13:EQR000nOiGB4P2cQ;Pq=b08No,0*2E
!AIVDM,2,1,2,B,53M@D`42;N`4mMISH00Pu0E@uDp000000000000l2PG68<n60@B3mCQ8,0*5A
!AIVDM,2,2,2,B,43jCU0000000000,2*6E
!AIVDM,1,1,,B,33:EIf0Oi4OiK>8P2KH<>9sd00uh,0*6C
!AIVDM,1,1,,B,402MN7h000Htt<tSF0l4Q@3P0t0M,0*49
!AIVDM,1,1,,A,337SK61001Oiqa4P6v35qGSb0DV:,0*34
!AIVDM,1,1,,B,B3P9QrP007t6>K80aucQ3ws1jD@r,0*7A
!AIVDM,1,1,,A,138Nsd0000OiKF:P2L>u4:3f068D,0*10
!AIVDM,2,1,3,A,53M@D`42;N`4mMISH00Pu0E@uDp000000000000l2PG68<n60@B3mCQ8,0*58
!AIVDM,2,2,3,A,43jCU0000000000,2*6C
!AIVDM,2,1,4,B,53M@D`42;N`4mMISH00Pu0E@uDp000000000000l2PG68<n60@B3mCQ8,0*5C
!AIVDM,2,2,4,B,43jCU0000000000,2*68
!AIVDM,1,1,,A,402MN7h000Htt<tSF0l4Q@3P0t0M,0*4A
!AIVDM,2,1,5,A,53M@D`42;N`4mMISH00Pu0E@uDp000000000000l2PG684n60@B3mCQ8,0*56
!AIVDM,2,2,5,A,43jCU0000000000,2*6A
!AIVDM,2,1,6,B,53M@D`42;N`4mMISH00Pu0E@uDp000000000000l2PG68<n60@B3mCQ8,0*5E
!AIVDM,2,2,6,B,43jCU0000000000,2*6A
!AIVDM,1,1,,A,33dqcb5000Og5b4P3pRk=hsj0Dir,0*75
!AIVDM,1,1,,A,13:EIf0015OiK;8P2KW<FIsl0<0S,0*23
!AIVDM,1,1,,B,402MN7h000Htt<tSF0l4Q@3P0t0M,0*49
!AIVDM,1,1,,B,13M@Qnh000whOwfP2Oi6Ilwl0<0K,0*37
!AIVDM,2,1,7,A,53M@D`42;N`4mMISH00Pu0E@uDp000000000000l2PG68<n60@B3mCQ8,0*5C
!AIVDM,2,2,7,A,43jCU0000000000,2*68
!AIVDM,1,1,,A,13:iFj3P00wiKMVP2Ks=sgwn0@S4,0*0B
!AIVDM,2,1,8,B,53M@D`42;N`4mMISH00Pu0E@uDp000000000000l2PG68<n60@B3mCQ8,0*50
!AIVDM,2,2,8,B,43jCU0000000000,2*64
!AIVDM,1,1,,A,402=ac1vU4i5sOhIh:P3BSwP20S:,0*24
!AIVDM,1,1,,B,33:EIf0PA6OiK9VP2Kg<Gqp2023P,0*07
!AIVDM,2,1,9,A,53M@D`42;N`4mMISH00Pu0E@uDp000000000000l2PG68<n60@B3mCQ8,0*52
!AIVDM,2,2,9,A,43jCU0000000000,2*66
!AIVDM,1,1,,B,402MN7h000Htt<tSF0l4Q@3P0t0M,0*49
!AIVDM,2,1,0,B,53M@D`42;N`4mMISH00Pu0E@uDp000000000000l2PG68<n60@B3mCQ8,0*58
!AIVDM,2,2,0,B,43jCU0000000000,2*6C
!AIVDM,1,1,,A,13MA4Bh000Oi@4LP2?gf4666081q,0*0E
!AIVDM,2,1,1,A,53M@D`42;N`4mMISH00Pu0E@uDp000000000000l2PG68<n60@B3mCQ8,0*5A
!AIVDM,2,2,1,A,43jCU0000000000,2*6E
!AIVDM,1,1,,A,13:EQR000kOiG:0P2cicOI<8068H,0*17
!AIVDM,1,1,,A,402MN7h000Htt<tSF0l4Q@3P0p2P,0*51
!AIVDM,2,1,2,B,53M@D`42;N`4mMISH00Pu0E@uDp000000000000l2PG68<n60@B3mCQ8,0*5A
!AIVDM,2,2,2,B,43jCU0000000000,2*6E
!AIVDM,1,1,,A,33:EIf0PA7OiK6HP2Kw<Hql:00j0,0*24
!AIVDM,1,1,,B,338Nsd0000OiKF8P2L>=4:2:0723,0*7A
!AIVDM,2,1,3,A,53M@D`42;N`4mMISH00Pu0E@uDp000000000000l2PG68<n60@B3mCQ8,0*58
!AIVDM,2,2,3,A,43jCU0000000000,2*6C
!AIVDM,2,1,4,B,53M@D`42;N`4mMISH00Pu0E@uDp000000000000l2PG68<n60@B3mCQ8,0*5C
!AIVDM,2,2,4,B,43jCU0000000000,2*68
!AIVDM,1,1,,A,13M@Qnh000whOwbP2Oi=Vlv<00S?,0*6E
!AIVDM,1,1,,B,13:EIf0PA8OiK3DP2L><H9jB068H,0*77
!AIVDM,1,1,,A,402MN7h000Htt<tSF0l4Q@3P0t0M,0*4A
!AIVDM,2,1,5,A,53M@D`42;N`4mMISH00Pu0E@uDp000000000000l2PG68<n60@B3mCQ8,0*5E
!AIVDM,2,2,5,A,43jCU0000000000,2*6A
!AIVDM,2,1,6,B,53M@D`42;N`4mMISH00Pu0E@uDp000000000000l2PG68<n60@B3mCQ8,0*5E
!AIVDM,2,2,6,B,43jCU0000000000,2*6A
!AIVDM,1,1,,A,33:EIf0PA9OiK2RP2LB<FIhD027P,0*75
!AIVDM,2,1,7,A,53M@D`42;N`4mMISH00Pu0E@uDp000000000000l2PG684n60@B3mCQ8,0*54
!AIVDM,2,2,7,A,43jCU0000000000,2*68
!AIVDM,1,1,,B,402=ac1vU4i69OhIh6P3BSgP20S:,0*72
!AIVDM,1,1,,B,13:iFj3P00wiKMbP2KresgvD00SB,0*48
!AIVDM,1,1,,B,13MAjP0P00wi@2nP2?o4IOv@0`6A,0*62
!AIVDM,2,1,8,B,53M@D`42;N`4mMISH00Pu0E@uDp000000000000l2PG684n60@B3mCQ8,0*58
!AIVDM,2,2,8,B,43jCU0000000000,2*64
!AIVDM,2,1,9,A,53M@D`42;N`4mMISH00Pu0E@uDp000000000000l2PG68<n60@B3mCQ8,0*52
!AIVDM,2,2,9,A,43jCU0000000000,2*66
!AIVDM,1,1,,A,402MN7h000Htt<tSF0l4Q@3P0t0M,0*4A
!AIVDM,1,1,,B,13:EQR000hOiG3fP2cu;Ja>J087b,0*7A
!AIVDM,2,1,0,B,53M@D`42;N`4mMISH00Pu0E@uDp000000000000l2PG68<n60@B3mCQ8,0*58
!AIVDM,2,2,0,B,43jCU0000000000,2*6C
!AIVDM,1,1,,B,402MN7h000Htt<tSF0l4Q@3P0t0M,0*49
!AIVDM,1,1,,B,33:EIf0PA:OiJvVP2LTLC9fN00u@,0*73
!AIVDM,2,1,1,A,53M@D`42;N`4mMISH00Pu0E@uDp000000000000l2PG68<n60@B3mCQ8,0*5A
!AIVDM,2,2,1,A,43jCU0000000000,2*6E
!AIVDM,2,1,2,B,53M@D`42;N`4mMISH00Pu0E@uDp000000000000l2PG68<n60@B3mCQ8,0*5A
!AIVDM,2,2,2,B,43jCU0000000000,2*6E
!AIVDM,1,1,,A,138Nsd0000OiKF8P2L=M4:4P0<0W,0*09
!AIVDM,1,1,,A,402MN7h000Htt<tSF0l4Q@3P0t0M,0*4A
!AIVDM,2,1,3,A,53M@D`42;N`4mMISH00Pu0E@uDp000000000000l2PG68<n60@B3mCQ8,0*58
!AIVDM,2,2,3,A,43jCU0000000000,2*6C
!AIVDM,1,1,,A,13:EIf0PA;OiJt2P2LgL@adT08:@,0*22
!AIVDM,2,1,4,B,53M@D`42;N`4mMISH00Pu0E@uDp000000000000l2PG68<n60@B3mCQ8,0*5C
!AIVDM,2,2,4,B,43jCU0000000000,2*68
!AIVDM,1,1,,B,13M@Qnh001whOwRP2Oi81lvP0H:L,0*30
!AIVDM,1,1,,B,402MN7h000Htt<tSF0l4Q@3P0t0M,0*49
!AIVDM,2,1,5,A,53M@D`42;N`4mMISH00Pu0E@uDp000000000000l2PG68<n60@B3mCQ8,0*5E
!AIVDM,2,2,5,A,43jCU0000000000,2*6A
!AIVDM,2,1,6,B,53M@D`42;N`4mMISH00Pu0E@uDp000000000000l2PG68<n60@B3mCQ8,0*5E
!AIVDM,2,2,6,B,43jCU0000000000,2*6A
!AIVDM,1,1,,A,13:iFj3P00wiKMfP2KrMsgvV0L0N,0*66
!AIVDM,1,1,,B,33P5WB5000wiN7PP2>4;E9DV0Dcr,0*3F
!AIVDM,1,1,,A,402=ac1vU4i6COhIh4P3BS?P20S:,0*51
!AIVDM,2,1,7,A,53M@D`42;N`4mMISH00Pu0E@uDp000000000000l2PG68<n60@B3mCQ8,0*5C
!AIVDM,2,2,7,A,43jCU0000000000,2*68
!AIVDM,2,1,8,B,53M@D`42;N`4mMISH00Pu0E@uDp000000000000l2PG68<n60@B3mCQ8,0*50
!AIVDM,2,2,8,B,43jCU0000000000,2*64
!AIVDM,1,1,,B,402MN7h000Htt<tSF0l4Q@3P0t0M,0*49
!AIVDM,1,1,,A,13MA4Bh000Oi@4LP2?gf464d0<0C,0*69
!AIVDM,2,1,9,A,53M@D`42;N`4mMISH00Pu0E@uDp000000000000l2PG68<n60@B3mCQ8,0*52
!AIVDM,2,2,9,A,43jCU0000000000,2*66
!AIVDM,2,1,0,B,53M@D`42;N`4mMISH00Pu0E@uDp000000000000l2PG684n60@B3mCQ8,0*50
!AIVDM,2,2,0,B,43jCU0000000000,2*6C
!AIVDM,1,1,,A,402MN7h000Htt<tSF0l4Q@3P0t0M,0*4A
!AIVDM,2,1,1,A,53M@D`42;N`4mMISH00Pu0E@uDp000000000000l2PG68<n60@B3mCQ8,0*5A
!AIVDM,2,2,1,A,43jCU0000000000,2*6E
!AIVDM,1,1,,B,402MN7h000Htt<tSF0l4Q@3P0t0M,0*49
!AIVDM,1,1,,B,138Nsd0000OiKF>P2L==4:2n00S;,0*47
!AIVDM,2,1,2,B,53M@D`42;N`4mMISH00Pu0E@uDp000000000000l2PG68<n60@B3mCQ8,0*5A
!AIVDM,2,2,2,B,43jCU0000000000,2*6E
!AIVDM,1,1,,A,33M@Qnh000whOwNP2OhV>U0l02sA,0*31
!AIVDM,1,1,,A,33:EIf0Oi;OiJifP2MEL?qvp00LP,0*4A
!AIVDM,1,1,,B,33:EIf0Oi;OiJifP2MEL?qvp00tP,0*71
!AIVDM,2,1,3,A,53M@D`42;N`4mMISH00Pu0E@uDp000000000000l2PG68<n60@B3mCQ8,0*58
!AIVDM,2,2,3,A,43jCU0000000000,2*6C
!AIVDM,1,1,,A,402MN7h000Htt<tSF0l4Q@3P0t0M,0*4A
!AIVDM,2,1,4,B,53M@D`42;N`4mMISH00Pu0E@uDp000000000000l2PG68<n60@B3mCQ8,0*5C
!AIVDM,2,2,4,B,43jCU0000000000,2*68
!AIVDM,1,1,,B,B4eHT0@007t66f`0af3Q3wf1jCf:,0*2C
!AIVDM,2,1,5,A,53M@D`42;N`4mMISH00Pu0E@uDp000000000000l2PG68<n60@B3mCQ8,0*5E
!AIVDM,2,2,5,A,43jCU0000000000,2*6A
!AIVDM,1,1,,B,33M@QnhP@1whOwLP2Oh`q4vp00I0,0*2A
!AIVDM,1,1,,A,33M@QnhP@1whOwLP2Oh`q4vp00l@,0*7C
!AIVDM,1,1,,B,402=ac1vU4i6MOhIh0P3BROP20S:,0*29
!AIVDM,1,1,,B,13:iFj3P00wiKMfP2Kr=sgvr08An,0*14
!AIVDM,2,1,6,B,53M@D`42;N`4mMISH00Pu0E@uDp000000000000l2PG68<n60@B3mCQ8,0*5E
!AIVDM,2,2,6,B,43jCU0000000000,2*6A
!AIVDM,1,1,,A,33:EIf0Oi;OiJgJP2MPtHr0v01uP,0*49
!AIVDM,2,1,7,A,53M@D`42;N`4mMISH00Pu0E@uDp000000000000l2PG68<n60@B3mCQ8,0*5C
!AIVDM,2,2,7,A,43jCU0000000000,2*68
!AIVDM,1,1,,A,402MN7h000Htt<tSF0l4Q@3P0t0M,0*4A
!AIVDM,2,1,8,B,53M@D`42;N`4mMISH00Pu0E@uDp000000000000l2PG68<n60@B3mCQ8,0*50
!AIVDM,2,2,8,B,43jCU0000000000,2*64
!AIVDM,2,1,9,A,53M@D`42;N`4mMISH00Pu0E@uDp000000000000l2PG68<n60@B3mCQ8,0*52
!AIVDM,2,2,9,A,43jCU0000000000,2*66
!AIVDM,1,1,,B,402MN7h000Htt<tSF0l4Q@3P0t0M,0*49
!AIVDM,2,1,0,B,53M@D`42;N`4mMISH00Pu0E@uDp000000000000l2PG68<n60@B3mCQ8,0*58
!AIVDM,2,2,0,B,43jCU0000000000,2*6C
!AIVDM,1,1,,B,13:EQR000dOiFmtP2dMKd9=60<0I,0*55
!AIVDM,1,1,,B,33:EIf001;OiJe@P2MctLb1600ph,0*3F
!AIVDM,1,1,,A,138Nsd0000OiKF@P2L=M4:380L0W,0*6E
!AIVDM,2,1,1,A,53M@D`42;N`4mMISH00Pu0E@uDp000000000000l2PG68<n60@B3mCQ8,0*5A
!AIVDM,2,2,1,A,43jCU0000000000,2*6E
!AIVDM,1,1,,A,402MN7h000Htt<tSF0l4Q@3P0t0M,0*4A
!AIVDM,1,1,,A,13:EIf0PA;OiJchP2Mk<MIw:0D0S,0*2F
!AIVDM,2,1,2,B,53M@D`42;N`4mMISH00Pu0E@uDp000000000000l2PG684n60@B3mCQ8,0*52
!AIVDM,2,2,2,B,43jCU0000000000,2*6E
!AIVDM,2,1,3,B,54S7qJ82EcoQK8MS:21<htl4r0PD8F222222221@?0I>652k0EkS0CDw,0*03
!AIVDM,2,2,3,B,QhQlQp888888880,2*01
!AIVDM,1,1,,A,E>jHE7?6Rb@1:WdP00000000000OpTec@2LuP10888jh20,4*67
!AIVDM,1,1,,B,E>jHE7?6Rb@1:WdP00000000000OpTec@2LuP10888jh20,4*64
!AIVDM,1,1,,B,13M@Qnh001whOwJP2OhD<Tw80@FB,0*73
!AIVDM,2,1,4,A,8>jHE700Gh00F`00;I<AgwvlFR06F2wwgwl?wnP1cq@4q:054<0>8OGm,0*65
!AIVDM,2,2,4,A,wvuP0000000,2*04
!AIVDM,2,1,5,A,53M@D`42;N`4mMISH00Pu0E@uDp000000000000l2PG684n60@B3mCQ8,0*56
!AIVDM,2,2,5,A,43jCU0000000000,2*6A
!AIVDM,1,1,,B,402MN7h000Htt<tSF0l4Q@3P0t0M,0*49
!AIVDM,2,1,6,B,53M@D`42;N`4mMISH00Pu0E@uDp000000000000l2PG68<n60@B3mCQ8,0*5E
!AIVDM,2,2,6,B,43jCU0000000000,2*6A
!AIVDM,2,1,7,B,8>jHE700Gh00F`00;I<AgwvlFR06F2wwgwl?wnP1cq@4q:054<0>8OGm,0*65
!AIVDM,2,2,7,B,wvuP0000000,2*04
!AIVDM,1,1,,A,H3P9QrQ5DDDq<HE99V08DhhD000,2*1B
!AIVDM,2,1,8,A,53M@D`42;N`4mMISH00Pu0E@uDp000000000000l2PG68<n60@B3mCQ8,0*53
!AIVDM,2,2,8,A,43jCU0000000000,2*67
!AIVDM,2,1,9,B,53M@D`42;N`4mMISH00Pu0E@uDp000000000000l2PG68<n60@B3mCQ8,0*51
!AIVDM,2,2,9,B,43jCU0000000000,2*65
!AIVDM,1,1,,A,13:iFj3P00wiKMfP2KqusgwB0@HG,0*35
!AIVDM,2,1,0,A,53M@D`42;N`4mMISH00Pu0E@uDp000000000000l2PG68<n60@B3mCQ8,0*5B
!AIVDM,2,2,0,A,43jCU0000000000,2*6F
!AIVDM,1,1,,B,402MN7h000Htt<tSF0l4Q@3P0t0M,0*49
!AIVDM,1,1,,A,13MA4Bh000Oi@4LP2?gf465D0<0C,0*48
!AIVDM,2,1,1,B,53M@D`42;N`4mMISH00Pu0E@uDp000000000000l2PG68<n60@B3mCQ8,0*59
!AIVDM,2,2,1,B,43jCU0000000000,2*6D
!AIVDM,2,1,2,A,53M@D`42;N`4mMISH00Pu0E@uDp000000000000l2PG68<n60@B3mCQ8,0*59
!AIVDM,2,2,2,A,43jCU0000000000,2*6D
!AIVDM,1,1,,A,402MN7h000Htt<tSF0l4Q@3P0t0M,0*4A
!AIVDM,1,1,,A,33:EIf0PA<OiJUlP2NALMaoJ00o@,0*39
!AIVDM,2,1,3,B,53M@D`42;N`4mMISH00Pu0E@uDp000000000000l2PG68<n60@B3mCQ8,0*5B
!AIVDM,2,2,3,B,43jCU0000000000,2*6F
!AIVDM,2,1,4,A,53M@D`42;N`4mMISH00Pu0E@uDp000000000000l2PG68<n60@B3mCQ8,0*5F
!AIVDM,2,2,4,A,43jCU0000000000,2*6B
!AIVDM,1,1,,B,402MN7h000Htt<tSF0l4Q@3P0t0M,0*49
!AIVDM,1,1,,A,B3M@Gf@00?t6>W`0a:PAswo5oP06,0*52
!AIVDM,1,1,,B,138Nsd0000OiKFFP2L>=4:3N0@KK,0*05
!AIVDM,2,1,5,B,53M@D`42;N`4mMISH00Pu0E@uDp000000000000l2PG68<n60@B3mCQ8,0*5D
!AIVDM,2,2,5,B,43jCU0000000000,2*69
!AIVDM,2,1,6,B,53ewh282E6P?TP7C;SDTpDu>0TqADU@Ttr22221@AhVE653?0FEDj3mO,0*20
!AIVDM,2,2,6,B,QhQlQp888888880,2*04
!AIVDM,1,1,,A,13M@Qnh001whOwNP2OhC?51L0L0J,0*51
!AIVDM,1,1,,A,402MN7h000Htt<tSF0l4Q@3P0t0M,0*4A
!AIVDM,2,1,7,A,53M@D`42;N`4mMISH00Pu0E@uDp000000000000l2PG68<n60@B3mCQ8,0*5C
!AIVDM,2,2,7,A,43jCU0000000000,2*68
!AIVDM,2,1,8,B,53M@D`42;N`4mMISH00Pu0E@uDp000000000000l2PG68<n60@B3mCQ8,0*50
!AIVDM,2,2,8,B,43jCU0000000000,2*64
!AIVDM,1,1,,A,33M@du5000OhnwJP3vn;9Q7R0Dwb,0*67
!AIVDM,1,1,,B,402=ac1vU4i6iOhIgnP3BROP20S:,0*5C
!AIVDM,1,1,,A,33:EIf0Oi<OiJPrP2NatHqwV023P,0*52
!AIVDM,1,1,,B,13:iFj3P00wiKMfP2Kr=sgwR0@MN,0*61
!AIVDM,2,1,9,A,53M@D`42;N`4mMISH00Pu0E@uDp000000000000l2PG684n60@B3mCQ8,0*5A
!AIVDM,2,2,9,A,43jCU0000000000,2*66
!AIVDM,1,1,,B,13MAjP0P00wi@2fP2?p4IOwR0P04,0*25
!AIVDM,2,1,0,B,53M@D`42;N`4mMISH00Pu0E@uDp000000000000l2PG68<n60@B3mCQ8,0*58
!AIVDM,2,2,0,B,43jCU0000000000,2*6C
!AIVDM,1,1,,A,402MN7h000Htt<tSF0l4Q@3P0t0M,0*4A
!AIVDM,1,1,,B,13:EQR000aOiFcNP2dkcP9=b068H,0*09
!AIVDM,2,1,1,B,538Nsd42CfhgD9AGF20M1>05HDpLE:222222220l10C274Od07S1BE28,0*07
!AIVDM,2,2,1,B,14QA1iH3l4p8880,2*00
!AIVDM,2,1,2,A,53M@D`42;N`4mMISH00Pu0E@uDp000000000000l2PG68<n60@B3mCQ8,0*59
!AIVDM,2,2,2,A,43jCU0000000000,2*6D
!AIVDM,1,1,,B,33:EIf0Oi<OiJNLP2Nn<Ib1d016P,0*56
!AIVDM,1,1,,B,402MN7h000Htt<tSF0l4Q@3P0t0M,0*49
!AIVDM,2,1,3,B,53M@D`42;N`4mMISH00Pu0E@uDp000000000000l2PG68<n60@B3mCQ8,0*5B
!AIVDM,2,2,3,B,43jCU0000000000,2*6F
!AIVDM,1,1,,A,138Nsd0000OiKFPP2L>e4:3f00T1,0*75
!AIVDM,2,1,4,B,53MAGG82<2g@lDiWT00dtll4p@u:1=E<4p00000O2Q0::52C0=S1BE20,0*11
!AIVDM,2,2,4,B,000000000000000,2*23
!AIVDM,1,1,,B,33P;FBE000wi<PDP4mweL7Wf0000,0*58
!AIVDM,2,1,5,A,53M@D`42;N`4mMISH00Pu0E@uDp000000000000l2PG68<n60@B3mCQ8,0*5E
!AIVDM,2,2,5,A,43jCU0000000000,2*6A
!AIVDM,1,1,,A,402MN7h000Htt<tSF0l4Q@3P0t0M,0*4A
!AIVDM,1,1,,B,33P;D0E000OhH4RP2UBLnV1h0000,0*1E
!AIVDM,2,1,6,B,53M@D`42;N`4mMISH00Pu0E@uDp000000000000l2PG68<n60@B3mCQ8,0*5E
!AIVDM,2,2,6,B,43jCU0000000000,2*6A
!AIVDM,1,1,,A,13:EIf001<OiJJpP2O<LRr1l08R0,0*65
!AIVDM,2,1,7,A,53M@D`42;N`4mMISH00Pu0E@uDp000000000000l2PG68<n60@B3mCQ8,0*5C
!AIVDM,2,2,7,A,43jCU0000000000,2*68
!AIVDM,1,1,,B,402MN7h000Htt<tSF0l4Q@3P0t0M,0*49
!AIVDM,1,1,,B,33M@Qnh001whOwPP2OghE4wh05>3,0*7D
!AIVDM,2,1,8,B,53M@D`42;N`4mMISH00Pu0E@uDp000000000000l2PG68<n60@B3mCQ8,0*50
!AIVDM,2,2,8,B,43jCU0000000000,2*64
!AIVDM,1,1,,A,13:iFj3P00wiKMdP2KrMsgv00<0N,0*72
!AIVDM,1,1,,A,402=ac1vU4i6sOhIgdP3BROP2L0E,0*2F
!AIVDM,1,1,,A,13MCd6P11iOk7>lP6Tm2ij=n0D0T,0*2D
!AIVDM,2,1,9,A,53M@D`42;N`4mMISH00Pu0E@uDp000000000000l2PG68<n60@B3mCQ8,0*52
!AIVDM,2,2,9,A,43jCU0000000000,2*66
!AIVDM,2,1,0,B,53M@D`42;N`4mMISH00Pu0E@uDp000000000000l2PG68<n60@B3mCQ8,0*58
!AIVDM,2,2,0,B,43jCU0000000000,2*6C
!AIVDM,2,1,1,A,53MAf3H2EV<HlLqWR210E@E8Dj2222222222220l1H=5751F0>53mhAi,0*1A
!AIVDM,2,2,1,A,H3l4p8888888880,2*4E
!AIVDM,1,1,,A,H3MBj@hHu9@R04AHDqAE8E80000,2*7D
!AIVDM,2,1,2,A,53M@D`42;N`4mMISH00Pu0E@uDp000000000000l2PG68<n60@B3mCQ8,0*59
!AIVDM,2,2,2,A,43jCU0000000000,2*6D
!AIVDM,2,1,3,B,53M@D`42;N`4mMISH00Pu0E@uDp000000000000l2PG68<n60@B3mCQ8,0*5B
!AIVDM,2,2,3,B,43jCU0000000000,2*6F
!AIVDM,2,1,4,A,53M@D`42;N`4mMISH00Pu0E@uDp000000000000l2PG684n60@B3mCQ8,0*57
!AIVDM,2,2,4,A,43jCU0000000000,2*6B
!AIVDM,2,1,5,B,53M@D`42;N`4mMISH00Pu0E@uDp000000000000l2PG684n60@B3mCQ8,0*55
!AIVDM,2,2,5,B,43jCU0000000000,2*69
!AIVDM,1,1,,B,138Nsd0000OiKFPP2L>u4:0:00SL,0*43
!AIVDM,1,1,,B,34hIiw5000OiLc`P25s:BQJ60000,0*00
!AIVDM,2,1,6,A,53M@D`42;N`4mMISH00Pu0E@uDp000000000000l2PG68<n60@B3mCQ8,0*5D
!AIVDM,2,2,6,A,43jCU0000000000,2*69
!AIVDM,2,1,7,B,53M@D`42;N`4mMISH00Pu0E@uDp000000000000l2PG68<n60@B3mCQ8,0*5F
!AIVDM,2,2,7,B,43jCU0000000000,2*6B
!AIVDM,1,1,,B,13:EIf0PA<OiJCRP2OoLR9p@00S>,0*2F
!AIVDM,1,1,,A,13M@Qnh001whOwJP2Ogl6lv<0<0H,0*60
!AIVDM,2,1,8,A,53M@D`42;N`4mMISH00Pu0E@uDp000000000000l2PG68<n60@B3mCQ8,0*53
!AIVDM,2,2,8,A,43jCU0000000000,2*67
!AIVDM,2,1,9,B,53M@D`42;N`4mMISH00Pu0E@uDp000000000000l2PG68<n60@B3mCQ8,0*51
!AIVDM,2,2,9,B,43jCU0000000000,2*65
!AIVDM,1,1,,B,33mRVH5000OiOqJP26B5l3lD0Dfr,0*67
!AIVDM,1,1,,B,402=ac1vU4i79OhIgLP3BQgP2L0E,0*64
!AIVDM,1,1,,B,13:iFj3P00wiKMfP2KresgvD0@6<,0*27
!AIVDM,2,1,0,A,53M@D`42;N`4mMISH00Pu0E@uDp000000000000l2PG68<n60@B3mCQ8,0*5B
!AIVDM,2,2,0,A,43jCU0000000000,2*6F
!AIVDM,2,1,1,B,53M@D`42;N`4mMISH00Pu0E@uDp000000000000l2PG68<n60@B3mCQ8,0*59
!AIVDM,2,2,1,B,43jCU0000000000,2*6D
!AIVDM,2,1,2,A,53M@D`42;N`4mMISH00Pu0E@uDp000000000000l2PG68<n60@B3mCQ8,0*59
!AIVDM,2,2,2,A,43jCU0000000000,2*6D
!AIVDM,1,1,,B,13:EQR000UOiFPpP2e8sO9>J068L,0*42
!AIVDM,2,1,3,B,53M@D`42;N`4mMISH00Pu0E@uDp000000000000l2PG68<n60@B3mCQ8,0*5B
!AIVDM,2,2,3,B,43jCU0000000000,2*6F
!AIVDM,2,1,4,A,53M@D`42;N`4mMISH00Pu0E@uDp000000000000l2PG68<n60@B3mCQ8,0*5F
!AIVDM,2,2,4,A,43jCU0000000000,2*6B
!AIVDM,2,1,5,B,53M@D`42;N`4mMISH00Pu0E@uDp000000000000l2PG68<n60@B3mCQ8,0*5D
!AIVDM,2,2,5,B,43jCU0000000000,2*69
!AIVDM,2,1,6,A,53M@D`42;N`4mMISH00Pu0E@uDp000000000000l2PG68<n60@B3mCQ8,0*5D
!AIVDM,2,2,6,A,43jCU0000000000,2*69
!AIVDM,1,1,,A,13:EIf0Oi=OiJ<JP2PJtJqtT068L,0*20
!AIVDM,1,1,,B,33M@Qnh000whOwLP2OgHuTvP00sh,0*3A
!AIVDM,2,1,7,B,53M@D`42;N`4mMISH00Pu0E@uDp000000000000l2PG684n60@B3mCQ8,0*57
!AIVDM,2,2,7,B,43jCU0000000000,2*6B
!AIVDM,1,1,,A,34S7qJ5000wg5q0P3uJ`R:JR0Dur,0*20
!AIVDM,1,1,,B,33l3kv5000OiPNvP22rDqIJN0Dfb,0*06
!AIVDM,2,1,8,A,53M@D`42;N`4mMISH00Pu0E@uDp000000000000l2PG68<n60@B3mCQ8,0*53
!AIVDM,2,2,8,A,43jCU0000000000,2*67
!AIVDM,1,1,,A,13:iFj3P00wiKMdP2KresgvV0H;Q,0*5C
!AIVDM,2,1,9,B,53M@D`42;N`4mMISH00Pu0E@uDp000000000000l2PG68<n60@B3mCQ8,0*51
!AIVDM,2,2,9,B,43jCU0000000000,2*65
!AIVDM,1,1,,A,402=ac1vU4i7COhIgFP3BQOP2L0F,0*3C
!AIVDM,2,1,0,A,57OdddH2GWdeHlt80000000000000000000000002ruA=40000000000,0*42
!AIVDM,2,2,0,A,000000000000000,2*24
!AIVDM,2,1,1,A,53M@D`42;N`4mMISH00Pu0E@uDp000000000000l2PG68<n60@B3mCQ8,0*5A
!AIVDM,2,2,1,A,43jCU0000000000,2*6E
!AIVDM,2,1,2,B,53M@D`42;N`4mMISH00Pu0E@uDp000000000000l2PG68<n60@B3mCQ8,0*5A
!AIVDM,2,2,2,B,43jCU0000000000,2*6E
!AIVDM,1,1,,A,13:EQR000TOiFKlP2eDcU9>f0<0I,0*1A
!AIVDM,1,1,,A,13MA4Bh000Oi@4hP2?j>464d08=I,0*1B
!AIVDM,2,1,3,A,53M@D`42;N`4mMISH00Pu0E@uDp000000000000l2PG68<n60@B3mCQ8,0*58
!AIVDM,2,2,3,A,43jCU0000000000,2*6C
!AIVDM,2,1,4,B,53M@D`42;N`4mMISH00Pu0E@uDp000000000000l2PG68<n60@B3mCQ8,0*5C
!AIVDM,2,2,4,B,43jCU0000000000,2*68
!AIVDM,1,1,,A,33MAf3E000Ofv:hP3`4RJo<d0EJr,0*52
!AIVDM,2,1,5,A,53M@D`42;N`4mMISH00Pu0E@uDp000000000000l2PG68<n60@B3mCQ8,0*5E
!AIVDM,2,2,5,A,43jCU0000000000,2*6A
!AIVDM,1,1,,A,33M@D1E000OfuW6P3V6WRiTl0Dq:,0*7E
!AIVDM,1,1,,B,138Nsd0000OiKFNP2L>=4:0n0<0W,0*35
!AIVDM,2,1,6,B,53M@D`42;N`4mMISH00Pu0E@uDp000000000000l2PG68<n60@B3mCQ8,0*5E
!AIVDM,2,2,6,B,43jCU0000000000,2*6A
!AIVDM,2,1,7,B,53dqcb42A`vgTP7;?G5@u8>2222222222222221I=`J;:5470CAhQlQp,0*6F
!AIVDM,2,2,7,B,888888888888880,2*20
!AIVDM,1,1,,A,13M@Qnh001whOwHP2OgL0Dvl0D0H,0*44
!AIVDM,2,1,8,A,53M@D`42;N`4mMISH00Pu0E@uDp000000000000l2PG68<n60@B3mCQ8,0*53
!AIVDM,2,2,8,A,43jCU0000000000,2*67
!AIVDM,2,1,9,B,53M@D`42;N`4mMISH00Pu0E@uDp000000000000l2PG68<n60@B3mCQ8,0*51
!AIVDM,2,2,9,B,43jCU0000000000,2*65
!AIVDM,2,1,0,A,53M@D`42;N`4mMISH00Pu0E@uDp000000000000l2PG68<n60@B3mCQ8,0*5B
!AIVDM,2,2,0,A,43jCU0000000000,2*6F
!AIVDM,2,1,1,A,53M@D1D2;CQLmH=WR21=HUA`E:0iTp@QE9=B220l1p?6554<?=ilPCQi,0*46
!AIVDM,2,2,1,A,CCmE28888888880,2*07
!AIVDM,1,1,,B,402=ac1vU4i7MOhIgBP3BPwP2L0F,0*0C
!AIVDM,2,1,2,B,53M@du82EFp4l8Ls>20dUA@UL4dF22222222220l1H=4852i0=EklRjC,0*65
!AIVDM,2,2,2,B,QsDREQDcASlU280,2*03
!AIVDM,1,1,,B,13:iFj3P00wiKMfP2Kresgvt068L,0*1F
!AIVDM,2,1,3,B,53M@D`42;N`4mMISH00Pu0E@uDp000000000000l2PG684n60@B3mCQ8,0*53
!AIVDM,2,2,3,B,43jCU0000000000,2*6F
!AIVDM,2,1,4,A,53M@D`42;N`4mMISH00Pu0E@uDp000000000000l2PG684n60@B3mCQ8,0*57
!AIVDM,2,2,4,A,43jCU0000000000,2*6B
!AIVDM,1,1,,B,13MAjP0P00wi@2`P2?l4IOvt0V8L,0*6E
!AIVDM,2,1,5,B,53M@D`42;N`4mMISH00Pu0E@uDp000000000000l2PG68<n60@B3mCQ8,0*5D
!AIVDM,2,2,5,B,43jCU0000000000,2*69
!AIVDM,2,1,6,A,53M@cl42Ct>pl8E;V21@U98T<f2222222222220l1@F6665hN>31BE28,0*72
!AIVDM,2,2,6,A,888888888888880,2*22
!AIVDM,2,1,7,A,53M@D`42;N`4mMISH00Pu0E@uDp000000000000l2PG68<n60@B3mCQ8,0*5C
!AIVDM,2,2,7,A,43jCU0000000000,2*68
!AIVDM,2,1,8,B,53M@Qnp00000l4qSV21<eD62222222222222221S108134f60420EiDp,0*7F
!AIVDM,2,2,8,B,42AD`8888888880,2*74
!AIVDM,2,1,9,B,53M@D`42;N`4mMISH00Pu0E@uDp000000000000l2PG68<n60@B3mCQ8,0*51
!AIVDM,2,2,9,B,43jCU0000000000,2*65
!AIVDM,1,1,,A,H3P9QrTtC=D6MaMj<5G00000000t,0*0A
!AIVDM,1,1,,A,138Nsd0000OiKFNP2L=e4:180HDk,0*06
!AIVDM,2,1,0,A,53M@D`42;N`4mMISH00Pu0E@uDp000000000000l2PG68<n60@B3mCQ8,0*5B
!AIVDM,2,2,0,A,43jCU0000000000,2*6F
!AIVDM,2,1,1,B,53M@D`42;N`4mMISH00Pu0E@uDp000000000000l2PG68<n60@B3mCQ8,0*59
!AIVDM,2,2,1,B,43jCU0000000000,2*6D
!AIVDM,1,1,,B,13M@Qnh001whOwDP2Og61U180<0H,0*4A
!AIVDM,2,1,2,A,53M@D`42;N`4mMISH00Pu0E@uDp000000000000l2PG68<n60@B3mCQ8,0*59
!AIVDM,2,2,2,A,43jCU0000000000,2*6D
!AIVDM,1,1,,B,33MAidE000OhTonP2n;Uk1K<0Dqr,0*1B
!AIVDM,2,1,3,B,53M@D`42;N`4mMISH00Pu0E@uDp000000000000l2PG68<n60@B3mCQ8,0*5B
!AIVDM,2,2,3,B,43jCU0000000000,2*6F
!AIVDM,2,1,4,A,53M@D`42;N`4mMISH00Pu0E@uDp000000000000l2PG68<n60@B3mCQ8,0*5F
!AIVDM,2,2,4,A,43jCU0000000000,2*6B
!AIVDM,1,1,,A,13:iFj3P00wiKMdP2KresgwB0<0N,0*29
!AIVDM,2,1,5,B,53M@D`42;N`4mMISH00Pu0E@uDp000000000000l2PG68<n60@B3mCQ8,0*5D
!AIVDM,2,2,5,B,43jCU0000000000,2*69
!AIVDM,2,1,6,A,53ku8M@2=ocD=4TR2204h4p62222222222222216AH:=954WeC1hQlQp,0*6D
!AIVDM,2,2,6,A,888888888888880,2*22
!AIVDM,2,1,7,A,53M@D`42;N`4mMISH00Pu0E@uDp000000000000l2PG68<n60@B3mCQ8,0*5C
!AIVDM,2,2,7,A,43jCU0000000000,2*68
!AIVDM,1,1,,A,13MA4Bh000Oi@4hP2?gf465D08I3,0*61
!AIVDM,2,1,8,A,53MC3Qp2F3d<lq0WF2084hlE8Tpv22222222220l1P=664j60@1SlU28,0*48
!AIVDM,2,2,8,A,53mhAiH3l4p8880,2*6C
!AIVDM,2,1,9,B,53M@D`42;N`4mMISH00Pu0E@uDp000000000000l2PG68<n60@B3mCQ8,0*51
!AIVDM,2,2,9,B,43jCU0000000000,2*65
!AIVDM,2,1,0,A,53M@D`42;N`4mMISH00Pu0E@uDp000000000000l2PG684n60@B3mCQ8,0*53
!AIVDM,2,2,0,A,43jCU0000000000,2*6F
!AIVDM,1,1,,A,33:EIf0PA>OiInfP2R=LIaiL00i0,0*1B
!AIVDM,2,1,1,B,53M@D`42;N`4mMISH00Pu0E@uDp000000000000l2PG68<n60@B3mCQ8,0*59
!AIVDM,2,2,1,B,43jCU0000000000,2*6D
!AIVDM,1,1,,A,33MC3Qm000OhUjnP2nI5mQ7H0DdJ,0*08
!AIVDM,1,1,,B,138Nsd0000OiKFbP2L>e4:1N0<0W,0*60
!AIVDM,2,1,2,A,53M@D`42;N`4mMISH00Pu0E@uDp000000000000l2PG68<n60@B3mCQ8,0*59
!AIVDM,2,2,2,A,43jCU0000000000,2*6D
!AIVDM,1,1,,B,33M@QnhP@1whOwFP2OfqsDuL00Th,0*37
!AIVDM,1,1,,A,33M@QnhP@1whOwFP2OfqsDuL00uh,0*15
!AIVDM,1,1,,B,33:EIf0PA>OiIl4P2RI<FqgP00k@,0*33
!AIVDM,2,1,3,B,53M@D`42;N`4mMISH00Pu0E@uDp000000000000l2PG68<n60@B3mCQ8,0*5B
!AIVDM,2,2,3,B,43jCU0000000000,2*6F
!AIVDM,2,1,4,A,53M@D`42;N`4mMISH00Pu0E@uDp000000000000l2PG68<n60@B3mCQ8,0*5F
!AIVDM,2,2,4,A,43jCU0000000000,2*6B
!AIVDM,2,1,5,B,53M@D`42;N`4mMISH00Pu0E@uDp000000000000l2PG68<n60@B3mCQ8,0*5D
!AIVDM,2,2,5,B,43jCU0000000000,2*69
!AIVDM,1,1,,B,37OdddE000OiN4DP29M<7:AP0DhJ,0*07
!AIVDM,1,1,,B,402=ac1vU4i7iOhIgHP3BPgP2L0F,0*32
!AIVDM,1,1,,B,13:iFj3P00wiKMbP2KresgwT0<0M,0*39
!AIVDM,1,1,,A,33:EIf0PA>OiIjDP2RPtD9gV0240,0*76
!AIVDM,1,1,,B,13MAjP0P00wi@38P2?l4IOwR0pMu,0*7A
!AIVDM,2,1,6,A,53M@D`42;N`4mMISH00Pu0E@uDp000000000000l2PG68<n60@B3mCQ8,0*5D
!AIVDM,2,2,6,A,43jCU0000000000,2*69
!AIVDM,1,1,,B,33ewh210P0win2>P6`;mgWd`0Dg:,0*3D
!AIVDM,2,1,7,B,53M@D`42;N`4mMISH00Pu0E@uDp000000000000l2PG68<n60@B3mCQ8,0*5F
!AIVDM,2,2,7,B,43jCU0000000000,2*6B
!AIVDM,2,1,8,A,53M@D`42;N`4mMISH00Pu0E@uDp000000000000l2PG68<n60@B3mCQ8,0*53
!AIVDM,2,2,8,A,43jCU0000000000,2*67
!AIVDM,2,1,9,B,53M@D`42;N`4mMISH00Pu0E@uDp000000000000l2PG68<n60@B3mCQ8,0*51
!AIVDM,2,2,9,B,43jCU0000000000,2*65
!AIVDM,2,1,0,A,53M@D`42;N`4mMISH00Pu0E@uDp000000000000l2PG68<n60@B3mCQ8,0*5B
!AIVDM,2,2,0,A,43jCU0000000000,2*6F
!AIVDM,1,1,,A,33ku8ME000wg5d@P3g<U<WQd0000,0*0A
!AIVDM,1,1,,A,138Nsd0000OiKFlP2L?=4:1j0HQ7,0*65
!AIVDM,2,1,1,B,53M@D`42;N`4mMISH00Pu0E@uDp000000000000l2PG68<n60@B3mCQ8,0*59
!AIVDM,2,2,1,B,43jCU0000000000,2*6D
!AIVDM,2,1,2,A,53M@D`42;N`4mMISH00Pu0E@uDp000000000000l2PG684n60@B3mCQ8,0*51
!AIVDM,2,2,2,A,43jCU0000000000,2*6D
!AIVDM,1,1,,A,13:EIf0Oi=OiIbtP2RvL>9ol068L,0*5A
!AIVDM,1,1,,A,H3MBj@lUCBD95b5=<Iil0000000t,0*56
!AIVDM,1,1,,B,33M@Qnh001whOwJP2Og8Flwh02bQ,0*55
!AIVDM,2,1,3,B,53M@D`42;N`4mMISH00Pu0E@uDp000000000000l2PG684n60@B3mCQ8,0*53
!AIVDM,2,2,3,B,43jCU0000000000,2*6F
!AIVDM,1,1,,B,33MAGG5000OiPe<P25m6tCqj0000,0*23
!AIVDM,1,1,,A,13:iFj3P00wiKM`P2Krusgwn08S4,0*0C
!AIVDM,2,1,4,A,53M@D`42;N`4mMISH00Pu0E@uDp000000000000l2PG68<n60@B3mCQ8,0*5F
!AIVDM,2,2,4,A,43jCU0000000000,2*6B
!AIVDM,1,1,,A,33M@D`5000OhSspP2m;GB0T00H>J,0*14
!AIVDM,2,1,5,B,53M@D`42;N`4mMISH00Pu0E@uDp000000000000l2PG68<n60@B3mCQ8,0*5D
!AIVDM,2,2,5,B,43jCU0000000000,2*69
!AIVDM,1,1,,B,33:EIf0Oi<OiI`PP2S8L?Iv20200,0*75
!AIVDM,1,1,,B,33BBGt5000Og62DP40o@aQt40Dc:,0*5D
!AIVDM,2,1,6,A,53M@D`42;N`4mMISH00Pu0E@uDp000000000000l2PG68<n60@B3mCQ8,0*5D
!AIVDM,2,2,6,A,43jCU0000000000,2*69
!AIVDM,1,1,,B,402MN7h000Htt<tSF0l4Q@3P0p1E,0*44
!AIVDM,2,1,7,B,53M@D`42;N`4mMISH00Pu0E@uDp000000000000l2PG68<n60@B3mCQ8,0*5F
!AIVDM,2,2,7,B,43jCU0000000000,2*6B
!AIVDM,1,1,,A,13MA4Bh000Oi@4hP2?gf464600Rt,0*46
!AIVDM,2,1,8,A,53M@D`42;N`4mMISH00Pu0E@uDp000000000000l2PG68<n60@B3mCQ8,0*53
!AIVDM,2,2,8,A,43jCU0000000000,2*67
!AIVDM,1,1,,A,402MN7h000Htt<tSF0l4Q@3P0t0M,0*4A
!AIVDM,1,1,,A,33:EIf0Oi9OiIVHP2SCtIJ2:00l@,0*09
!AIVDM,2,1,9,B,53M@D`42;N`4mMISH00Pu0E@uDp000000000000l2PG68<n60@B3mCQ8,0*51
!AIVDM,2,2,9,B,43jCU0000000000,2*65
!AIVDM,1,1,,B,402MN7h000Htt<tSF0l4Q@3P0t0M,0*49
!AIVDM,2,1,0,A,53M@D`42;N`4mMISH00Pu0E@uDp000000000000l2PG68<n60@B3mCQ8,0*5B
!AIVDM,2,2,0,A,43jCU0000000000,2*6F
!AIVDM,1,1,,B,B3P<v3000?t6>L80a9angwSUoP06,0*32
!AIVDM,2,1,1,B,53M@D`42;N`4mMISH00Pu0E@uDp000000000000l2PG68<n60@B3mCQ8,0*59
!AIVDM,2,2,1,B,43jCU0000000000,2*6D
!AIVDM,1,1,,A,13M@Qnh000whOwLP2OfU`Tv<084l,0*15
!AIVDM,1,1,,A,402MN7h000Htt<tSF0l4Q@3P0t0M,0*4A
!AIVDM,1,1,,B,13:EIf0018OiISjP2SStLr4B0<0S,0*19
!AIVDM,2,1,2,A,53M@D`42;N`4mMISH00Pu0E@uDp000000000000l2PG68<n60@B3mCQ8,0*59
!AIVDM,2,2,2,A,43jCU0000000000,2*6D
!AIVDM,1,1,,A,H4eHT0@:0=D8D00000000000000,2*5E
!AIVDM,1,1,,A,33:EIf0017OiIRRP2Sd<P:2D020P,0*08
!AIVDM,2,1,3,B,53M@D`42;N`4mMISH00Pu0E@uDp000000000000l2PG68<n60@B3mCQ8,0*5B
!AIVDM,2,2,3,B,43jCU0000000000,2*6F
!AIVDM,1,1,,B,402=ac1vU4i89OhIgHP3BOgP2H61,0*07
!AIVDM,1,1,,B,13:iFj3P00wiKMRP2KrusgvD0<0M,0*08
!AIVDM,1,1,,B,13MAjP0P00wi@2LP2?k4IOv@0PRn,0*3F
!AIVDM,2,1,4,A,53M@D`42;N`4mMISH00Pu0E@uDp000000000000l2PG68<n60@B3mCQ8,0*5F
!AIVDM,2,2,4,A,43jCU0000000000,2*6B
!AIVDM,1,1,,A,402MN7h000Htt<tSF0l4Q@3P0t0M,0*4A
!AIVDM,2,1,5,B,53M@D`42;N`4mMISH00Pu0E@uDp000000000000l2PG684n60@B3mCQ8,0*55
!AIVDM,2,2,5,B,43jCU0000000000,2*69
!AIVDM,1,1,,A,33M@cl5000OiNilP2=GrDlDL0Dob,0*7F
!AIVDM,2,1,6,A,53M@D`42;N`4mMISH00Pu0E@uDp000000000000l2PG68<n60@B3mCQ8,0*5D
!AIVDM,2,2,6,A,43jCU0000000000,2*69
!AIVDM,1,1,,B,402MN7h000Htt<tSF0l4Q@3P0t0M,0*49
!AIVDM,1,1,,B,33:EIf0PA5OiIP4P2St<UqvN00nh,0*09
!AIVDM,2,1,7,B,53M@D`42;N`4mMISH00Pu0E@uDp000000000000l2PG68<n60@B3mCQ8,0*5F
!AIVDM,2,2,7,B,43jCU0000000000,2*6B
!AIVDM,1,1,,A,138Nsd0000OiKFpP2L?u4:0P068P,0*7A
!AIVDM,2,1,8,A,53M@D`42;N`4mMISH00Pu0E@uDp000000000000l2PG68<n60@B3mCQ8,0*53
!AIVDM,2,2,8,A,43jCU0000000000,2*67
!AIVDM,2,1,9,B,53M@D`42;N`4mMISH00Pu0E@uDp000000000000l2PG68<n60@B3mCQ8,0*51
!AIVDM,2,2,9,B,43jCU0000000000,2*65
!AIVDM,1,1,,A,402MN7h000Htt<tSF0l4Q@3P0t0M,0*4A
!AIVDM,1,1,,B,13M@Qnh000whOwJP2Of@C4vL0L0H,0*62
!AIVDM,2,1,0,A,53M@D`42;N`4mMISH00Pu0E@uDp000000000000l2PG68<n60@B3mCQ8,0*5B
!AIVDM,2,2,0,A,43jCU0000000000,2*6F
!AIVDM,1,1,,A,13:EIf0PA4OiIMvP2T6LTqpT00RU,0*7F
!AIVDM,2,1,1,B,53M@D`42;N`4mMISH00Pu0E@uDp000000000000l2PG68<n60@B3mCQ8,0*59
!AIVDM,2,2,1,B,43jCU0000000000,2*6D
!AIVDM,1,1,,B,402MN7h000Htt<tSF0l4Q@3P0t0M,0*49
!AIVDM,2,1,2,A,53M@D`42;N`4mMISH00Pu0E@uDp000000000000l2PG68<n60@B3mCQ8,0*59
!AIVDM,2,2,2,A,43jCU0000000000,2*6D
!AIVDM,1,1,,A,13:iFj3P00wiKMJP2Kt=sgvV0D0M,0*37
!AIVDM,1,1,,A,B3MBj@h007t6:E`0a4;Q3wb1jDtb,0*50
!AIVDM,1,1,,A,402=ac1vU4i8COhIgHP3BO?P2H;p,0*6A
!AIVDM,2,1,3,B,53M@D`42;N`4mMISH00Pu0E@uDp000000000000l2PG68<n60@B3mCQ8,0*5B
!AIVDM,2,2,3,B,43jCU0000000000,2*6F
!AIVDM,1,1,,B,33:EIf0PA3OiIKjP2T@LRqjb023P,0*59
!AIVDM,2,1,4,A,53M@D`42;N`4mMISH00Pu0E@uDp000000000000l2PG68<n60@B3mCQ8,0*5F
!AIVDM,2,2,4,A,43jCU0000000000,2*6B
!AIVDM,1,1,,B,402MN7h000Htt<tSF0l4Q@3P0t0M,0*49
!AIVDM,1,1,,A,13:EQR000OOiEwbP2f>sGa6f08=@,0*1B
!AIVDM,2,1,5,A,53:iFj42EF=7D8i?B20l4Lpu:22222222222220Q60E::40Ht8jiAD80,0*39
!AIVDM,2,2,5,A,k1@D`<L<3H88880,2*28
!AIVDM,2,1,6,B,53M@D`42;N`4mMISH00Pu0E@uDp000000000000l2PG68<n60@B3mCQ8,0*5E
!AIVDM,2,2,6,B,43jCU0000000000,2*6A
!AIVDM,1,1,,A,33:EIf0PA2OiIHrP2TMLNadh00s@,0*17
!AIVDM,2,1,7,A,53M@D`42;N`4mMISH00Pu0E@uDp000000000000l2PG68<n60@B3mCQ8,0*5C
!AIVDM,2,2,7,A,43jCU0000000000,2*68
!AIVDM,1,1,,A,402MN7h000Htt<tSF0l4Q@3P0t0M,0*4A
!AIVDM,2,1,8,B,53M@D`42;N`4mMISH00Pu0E@uDp000000000000l2PG68<n60@B3mCQ8,0*50
!AIVDM,2,2,8,B,43jCU0000000000,2*64
!AIVDM,2,1,9,A,53M@DV82;NqPmM4sJ21=HUA`E:04hl622222220l20>744q2e=QlPCQi,0*55
!AIVDM,2,2,9,A,CCmE28888888880,2*0F
!AIVDM,2,1,0,A,53M@D`42;N`4mMISH00Pu0E@uDp000000000000l2PG684n60@B3mCQ8,0*53
!AIVDM,2,2,0,A,43jCU0000000000,2*6F
!AIVDM,1,1,,B,402MN7h000Htt<tSF0l4Q@3P0t0M,0*49
!AIVDM,1,1,,B,138Nsd0000OiKFhP2L>u4:0n08?R,0*55
!AIVDM,2,1,1,B,53M@D`42;N`4mMISH00Pu0E@uDp000000000000l2PG68<n60@B3mCQ8,0*59
!AIVDM,2,2,1,B,43jCU0000000000,2*6D
!AIVDM,2,1,2,A,53M@D`42;N`4mMISH00Pu0E@uDp000000000000l2PG68<n60@B3mCQ8,0*59
!AIVDM,2,2,2,A,43jCU0000000000,2*6D
!AIVDM,1,1,,A,33M@Qnh001whOwFP2Of0r4vl030Q,0*69
!AIVDM,1,1,,A,402MN7h000Htt<tSF0l4Q@3P0t0M,0*4A
!AIVDM,2,1,3,B,53M@D`42;N`4mMISH00Pu0E@uDp000000000000l2PG68<n60@B3mCQ8,0*5B
!AIVDM,2,2,3,B,43jCU0000000000,2*6F
!AIVDM,2,1,4,A,53M@D`42;N`4mMISH00Pu0E@uDp000000000000l2PG68<n60@B3mCQ8,0*5F
!AIVDM,2,2,4,A,43jCU0000000000,2*6B
!AIVDM,1,1,,A,33:EIf0Oi1OiIDlP2Tg<C9dt02:@,0*69
!AIVDM,1,1,,B,402=ac1vU4i8MOhIgBP3BOOP2HAg,0*70
!AIVDM,1,1,,B,13:iFj3P00wiKM@P2Kuesgvr00S4,0*2D
!AIVDM,2,1,5,B,53M@D`42;N`4mMISH00Pu0E@uDp000000000000l2PG68<n60@B3mCQ8,0*5D
!AIVDM,2,2,5,B,43jCU0000000000,2*69
!AIVDM,1,1,,A,402MN7h000Htt<tSF0l4Q@3P0t0M,0*4A
!AIVDM,2,1,6,A,53M@D`42;N`4mMISH00Pu0E@uDp000000000000l2PG68<n60@B3mCQ8,0*5D
!AIVDM,2,2,6,A,43jCU0000000000,2*69
!AIVDM,2,1,7,B,53M@D`42;N`4mMISH00Pu0E@uDp000000000000l2PG68<n60@B3mCQ8,0*5F
!AIVDM,2,2,7,B,43jCU0000000000,2*6B
!AIVDM,2,1,8,A,53M@D`42;N`4mMISH00Pu0E@uDp000000000000l2PG68<n60@B3mCQ8,0*53
!AIVDM,2,2,8,A,43jCU0000000000,2*67
!AIVDM,1,1,,B,402MN7h000Htt<tSF0l4Q@3P0t0M,0*49
!AIVDM,1,1,,B,33:EIf0Oi0OiIB:P2TrL@ai6011@,0*42
!AIVDM,1,1,,A,138Nsd0000OiKFhP2L>=4:180D0W,0*3F
!AIVDM,2,1,9,B,53M@D`42;N`4mMISH00Pu0E@uDp000000000000l2PG68<n60@B3mCQ8,0*51
!AIVDM,2,2,9,B,43jCU0000000000,2*65
!AIVDM,1,1,,A,402MN7h000Htt<tSF0l4Q@3P0t0M,0*4A
!AIVDM,1,1,,A,13:EIf0Oi0OiI@jP2U0LA9k:0<0S,0*1A
!AIVDM,2,1,0,A,53M@D`42;N`4mMISH00Pu0E@uDp000000000000l2PG68<n60@B3mCQ8,0*5B
!AIVDM,2,2,0,A,43jCU0000000000,2*6F
!AIVDM,2,1,1,B,53M@D`42;N`4mMISH00Pu0E@uDp000000000000l2PG68<n60@B3mCQ8,0*59
!AIVDM,2,2,1,B,43jCU0000000000,2*6D
!AIVDM,1,1,,B,13M@Qnh000whOwFP2Of1jDw808FB,0*3B
!AIVDM,1,1,,B,402MN7h000Htt<tSF0l4Q@3P0t0M,0*49
!AIVDM,2,1,2,A,53M@D`42;N`4mMISH00Pu0E@uDp000000000000l2PG684n60@B3mCQ8,0*51
!AIVDM,2,2,2,A,43jCU0000000000,2*6D
!AIVDM,1,1,,A,402=ac1vU4i8WOhIg>P3BNwP2HGV,0*1B
!AIVDM,2,1,3,B,53M@D`42;N`4mMISH00Pu0E@uDp000000000000l2PG684n60@B3mCQ8,0*53
!AIVDM,2,2,3,B,43jCU0000000000,2*6F
!AIVDM,2,1,4,A,53M@D`42;N`4mMISH00Pu0E@uDp000000000000l2PG68<n60@B3mCQ8,0*5F
!AIVDM,2,2,4,A,43jCU0000000000,2*6B
!AIVDM,1,1,,A,13:iFj3P00wiKMFP2KuesgwB08HG,0*79
!AIVDM,1,1,,B,33:EIf0OhwOiI=JP2U?dAImD00sP,0*63
!AIVDM,2,1,5,B,53M@D`42;N`4mMISH00Pu0E@uDp000000000000l2PG68<n60@B3mCQ8,0*5D
!AIVDM,2,2,5,B,43jCU0000000000,2*69
!AIVDM,1,1,,B,402MN7h000Htt<tSF0l4Q@3P0t0M,0*49
!AIVDM,1,1,,A,13MA4Bh000Oi@4hP2?gf465D068P,0*7D
!AIVDM,2,1,6,A,53M@D`42;N`4mMISH00Pu0E@uDp000000000000l2PG68<n60@B3mCQ8,0*5D
!AIVDM,2,2,6,A,43jCU0000000000,2*69
!AIVDM,1,1,,A,13:EQR000OOiEn`P2fNKMq7F068P,0*68
!AIVDM,1,1,,A,402MN7h000Htt<tSF0l4Q@3P0t0M,0*4A
!AIVDM,2,1,7,B,53M@D`42;N`4mMISH00Pu0E@uDp000000000000l2PG68<n60@B3mCQ8,0*5F
!AIVDM,2,2,7,B,43jCU0000000000,2*6B
!AIVDM,1,1,,A,33:EIf000wOiI:`P2UM<CamJ00sP,0*64
!AIVDM,2,1,8,A,53M@D`42;N`4mMISH00Pu0E@uDp000000000000l2PG68<n60@B3mCQ8,0*53
!AIVDM,2,2,8,A,43jCU0000000000,2*67
!AIVDM,1,1,,B,33M@Qnh000whOwJP2Of=tTwH00l@,0*67
!AIVDM,1,1,,B,402MN7h000Htt<tSF0l4Q@3P0t0M,0*49
!AIVDM,2,1,9,B,53M@D`42;N`4mMISH00Pu0E@uDp000000000000l2PG68<n60@B3mCQ8,0*51
!AIVDM,2,2,9,B,43jCU0000000000,2*65
!AIVDM,1,1,,B,138Nsd0000OiKFhP2L>=4:1N08KK,0*51
!AIVDM,2,1,0,A,53M@D`42;N`4mMISH00Pu0E@uDp000000000000l2PG68<n60@B3mCQ8,0*5B
!AIVDM,2,2,0,A,43jCU0000000000,2*6F
!AIVDM,1,1,,B,33P8nuE000OhS;2P2h`5jPOL0BEr,0*7D
!AIVDM,1,1,,B,33:EIf000wOiI8VP2UVtE9mP00qQ,0*47
!AIVDM,1,1,,A,402MN7h000Htt<tSF0l4Q@3P0t0M,0*4A
!AIVDM,2,1,1,B,53M@D`42;N`4mMISH00Pu0E@uDp000000000000l2PG68<n60@B3mCQ8,0*59
!AIVDM,2,2,1,B,43jCU0000000000,2*6D
!AIVDM,1,1,,A,33M@Qnh000whOwJP2OfKQU1L00oh,0*5F
!AIVDM,2,1,2,A,53M@D`42;N`4mMISH00Pu0E@uDp000000000000l2PG68<n60@B3mCQ8,0*59
!AIVDM,2,2,2,A,43jCU0000000000,2*6D
!AIVDM,1,1,,B,402=ac1vU4i8iOhIg@P3BNgP2HMM,0*59
!AIVDM,1,1,,B,33:iFj3P00wiKMHP2KuusgwT0@i=,0*53
!AIVDM,2,1,3,B,53M@D`42;N`4mMISH00Pu0E@uDp000000000000l2PG68<n60@B3mCQ8,0*5B
!AIVDM,2,2,3,B,43jCU0000000000,2*6F
!AIVDM,1,1,,B,13MAjP0P00Oi@2HP2?l4IOwR0l0C,0*64
!AIVDM,2,1,4,A,53M@D`42;N`4mMISH00Pu0E@uDp000000000000l2PG68<n60@B3mCQ8,0*5F
!AIVDM,2,2,4,A,43jCU0000000000,2*6B
!AIVDM,1,1,,A,402MN7h000Htt<tSF0l4Q@3P0t0M,0*4A
!AIVDM,2,1,5,B,53M@D`42;N`4mMISH00Pu0E@uDp000000000000l2PG684n60@B3mCQ8,0*55
!AIVDM,2,2,5,B,43jCU0000000000,2*69
!AIVDM,2,1,6,A,53M@D`42;N`4mMISH00Pu0E@uDp000000000000l2PG684n60@B3mCQ8,0*55
!AIVDM,2,2,6,A,43jCU0000000000,2*69
!AIVDM,1,1,,B,402MN7h000Htt<tSF0l4Q@3P0t0M,0*49
!AIVDM,1,1,,B,337SK61001Oiqa4P6us63Gcb0DU:,0*06
!AIVDM,1,1,,A,B3P9QrP007t6>M`0auKQ3ws1jD::,0*3D
!AIVDM,1,1,,B,33M@DV5000OfuJ0P3UGiAQOd0DkJ,0*6F
!AIVDM,2,1,7,B,53M@D`42;N`4mMISH00Pu0E@uDp000000000000l2PG68<n60@B3mCQ8,0*5F
!AIVDM,2,2,7,B,43jCU0000000000,2*6B
!AIVDM,1,1,,A,402MN7h000Htt<tSF0l4Q@3P0t0M,0*4A
!AIVDM,2,1,8,A,53M@D`42;N`4mMISH00Pu0E@uDp000000000000l2PG68<n60@B3mCQ8,0*53
!AIVDM,2,2,8,A,43jCU0000000000,2*67
!AIVDM,1,1,,A,138Nsd0000OiKFVP2L>e4:1j0D0W,0*0B
!AIVDM,2,1,9,B,53M@D`42;N`4mMISH00Pu0E@uDp000000000000l2PG68<n60@B3mCQ8,0*51
!AIVDM,2,2,9,B,43jCU0000000000,2*65
!AIVDM,1,1,,A,13:EIf000wOiI1VP2V9<Gaol00Rr,0*0F
!AIVDM,1,1,,B,402MN7h000Htt<tSF0l4Q@3P0t0M,0*49
!AIVDM,2,1,0,A,53M@D`42;N`4mMISH00Pu0E@uDp000000000000l2PG68<n60@B3mCQ8,0*5B
!AIVDM,2,2,0,A,43jCU0000000000,2*6F
!AIVDM,1,1,,B,13M@Qnh001whOwLP2Ofha4wh0@RM,0*21
!AIVDM,2,1,1,B,53M@D`42;N`4mMISH00Pu0E@uDp000000000000l2PG68<n60@B3mCQ8,0*59
!AIVDM,2,2,1,B,43jCU0000000000,2*6D
!AIVDM,1,1,,A,13:iFj3P00wiKMFP2Kv=sgwn068P,0*67
!AIVDM,1,1,,A,402=ac1vU4i8sOhIgFP3BNwP2D0D,0*2E
!AIVDM,2,1,2,A,53M@D`42;N`4mMISH00Pu0E@uDp000000000000l2PG68<n60@B3mCQ8,0*59
!AIVDM,2,2,2,A,43jCU0000000000,2*6D
!AIVDM,2,1,3,B,53M@D`42;N`4mMISH00Pu0E@uDp000000000000l2PG68<n60@B3mCQ8,0*5B
!AIVDM,2,2,3,B,43jCU0000000000,2*6F
!AIVDM,1,1,,B,402MN7h000Htt<tSF0l4Q@3P0t0L,0*48
!AIVDM,2,1,4,A,53M@D`42;N`4mMISH00Pu0E@uDp000000000000l2PG68<n60@B3mCQ8,0*5F
!AIVDM,2,2,4,A,43jCU0000000000,2*6B
!AIVDM,1,1,,A,13MA4Bh000Oi@4hP2?gf46440L0D,0*6A
!AIVDM,1,1,,A,13:EQR000MOiEeRP2fesEI680<0K,0*16
!AIVDM,2,1,5,B,53M@D`42;N`4mMISH00Pu0E@uDp000000000000l2PG68<n60@B3mCQ8,0*5D
!AIVDM,2,2,5,B,43jCU0000000000,2*69
!AIVDM,1,1,,A,402MN7h000Htt<tSF0l4Q@3P0P00,0*13
!AIVDM,2,1,6,A,53M@D`42;N`4mMISH00Pu0E@uDp000000000000l2PG68<n60@B3mCQ8,0*5D
!AIVDM,2,2,6,A,43jCU0000000000,2*69
!AIVDM,2,1,7,B,53M@D`42;N`4mMISH00Pu0E@uDp000000000000l2PG68<n60@B3mCQ8,0*5F
!AIVDM,2,2,7,B,43jCU0000000000,2*6B
!AIVDM,1,1,,B,402MN7h000Htt<tSF0l4Q@3P0p3c,0*60
!AIVDM,2,1,8,A,53M@D`42;N`4mMISH00Pu0E@uDp000000000000l2PG684n60@B3mCQ8,0*5B
!AIVDM,2,2,8,A,43jCU0000000000,2*67
!AIVDM,1,1,,A,H4eHT0DT7B=4005F5jE@7000@084,0*2D
!AIVDM,2,1,9,B,53M@D`42;N`4mMISH00Pu0E@uDp000000000000l2PG68<n60@B3mCQ8,0*51
!AIVDM,2,2,9,B,43jCU0000000000,2*65
!AIVDM,1,1,,A,13M@Qnh001whOwNP2Og5W50<068T,0*5D
!AIVDM,1,1,,A,402MN7h000Htt<tSF0l4Q@3P0P00,0*13
!AIVDM,1,1,,B,13:EIf000wOiHs>P2VatIapB084o,0*7B
!AIVDM,2,1,0,A,53M@D`42;N`4mMISH00Pu0E@uDp000000000000l2PG68<n60@B3mCQ8,0*5B
!AIVDM,2,2,0,A,43jCU0000000000,2*6F
!AIVDM,1,1,,B,13MAjP0P00Oi@2TP2?p4IOv@0p5u,0*58
!AIVDM,1,1,,B,402=ac1vU4i99OhIgTP3BMwP2D0D,0*77
!AIVDM,1,1,,B,13:iFj3P00wiKMFP2KuesgvD086<,0*78
!AIVDM,2,1,1,A,53M@D`42;N`4mMISH00Pu0E@uDp000000000000l2PG68<n60@B3mCQ8,0*5A
!AIVDM,2,2,1,A,43jCU0000000000,2*6E
!AIVDM,2,1,2,B,53M@D`42;N`4mMISH00Pu0E@uDp000000000000l2PG68<n60@B3mCQ8,0*5A
!AIVDM,2,2,2,B,43jCU0000000000,2*6E
!AIVDM,1,1,,A,402MN7h000Htt<tSF0l4Q@3P0P00,0*13
!AIVDM,2,1,3,A,53M@D`42;N`4mMISH00Pu0E@uDp000000000000l2PG68<n60@B3mCQ8,0*58
!AIVDM,2,2,3,A,43jCU0000000000,2*6C
!AIVDM,1,1,,B,13:EQR000MOiEaDP2fmKKq4L0H7u,0*3A
!AIVDM,1,1,,B,402MN7h000Htt<tSF0l4Q@3P0p8G,0*4F
!AIVDM,2,1,4,B,53M@D`42;N`4mMISH00Pu0E@uDp000000000000l2PG68<n60@B3mCQ8,0*5C
!AIVDM,2,2,4,B,43jCU0000000000,2*68
!AIVDM,2,1,5,A,53M@D`42;N`4mMISH00Pu0E@uDp000000000000l2PG68<n60@B3mCQ8,0*5E
!AIVDM,2,2,5,A,43jCU0000000000,2*6A
!AIVDM,1,1,,A,402MN7h000Htt<tSF0l4Q@3P0P00,0*13
!AIVDM,1,1,,A,13:EIf000wOiHmlP2W2dJqpR0H9c,0*04
!AIVDM,2,1,6,B,53M@D`42;N`4mMISH00Pu0E@uDp000000000000l2PG68<n60@B3mCQ8,0*5E
!AIVDM,2,2,6,B,43jCU0000000000,2*6A
!AIVDM,1,1,,B,13M@Qnh001whOwRP2Og;050L0H9u,0*05
!AIVDM,2,1,7,A,53M@D`42;N`4mMISH00Pu0E@uDp000000000000l2PG68<n60@B3mCQ8,0*5C
!AIVDM,2,2,7,A,43jCU0000000000,2*68
!AIVDM,1,1,,B,402MN7h000Htt<tSF0l4Q@3P0p:e,0*6F
!AIVDM,2,1,8,B,53M@D`42;N`4mMISH00Pu0E@uDp000000000000l2PG68<n60@B3mCQ8,0*50
!AIVDM,2,2,8,B,43jCU0000000000,2*64
!AIVDM,2,1,9,A,53M@D`42;N`4mMISH00Pu0E@uDp000000000000l2PG68<n60@B3mCQ8,0*52
!AIVDM,2,2,9,A,43jCU0000000000,2*66
!AIVDM,1,1,,A,13:iFj3P00wiKMBP2KtusgvV0@;Q,0*64
!AIVDM,1,1,,A,402=ac1vU4i9COhIgjP3BMOP2D0D,0*08
!AIVDM,1,1,,A,33P5WB5000wiN7PP2>47HaDV0Der,0*63
!AIVDM,2,1,0,B,53M@D`42;N`4mMISH00Pu0E@uDp000000000000l2PG684n60@B3mCQ8,0*50
!AIVDM,2,2,0,B,43jCU0000000000,2*6C
!AIVDM,2,1,1,A,53M@D`42;N`4mMISH00Pu0E@uDp000000000000l2PG68<n60@B3mCQ8,0*5A
!AIVDM,2,2,1,A,43jCU0000000000,2*6E
!AIVDM,1,1,,B,402MN7h000Htt<tSF0l4Q@3P0p=3,0*3E
!AIVDM,2,1,2,B,53M@D`42;N`4mMISH00Pu0E@uDp000000000000l2PG68<n60@B3mCQ8,0*5A
!AIVDM,2,2,2,B,43jCU0000000000,2*6E
!AIVDM,2,1,3,A,53M@D`42;N`4mMISH00Pu0E@uDp000000000000l2PG68<n60@B3mCQ8,0*58
!AIVDM,2,2,3,A,43jCU0000000000,2*6C
!AIVDM,1,1,,A,402MN7h000Htt<tSF0l4Q@3P0P00,0*13
!AIVDM,2,1,4,B,53M@D`42;N`4mMISH00Pu0E@uDp000000000000l2PG68<n60@B3mCQ8,0*5C
!AIVDM,2,2,4,B,43jCU0000000000,2*68
!AIVDM,2,1,5,A,53M@D`42;N`4mMISH00Pu0E@uDp000000000000l2PG68<n60@B3mCQ8,0*5E
!AIVDM,2,2,5,A,43jCU0000000000,2*6A
!AIVDM,1,1,,B,402MN7h000Htt<tSF0l4Q@3P0p?I,0*46
!AIVDM,1,1,,B,138Nsd0000OiKFVP2L@M4:0n068T,0*22
!AIVDM,2,1,6,B,53M@D`42;N`4mMISH00Pu0E@uDp000000000000l2PG68<n60@B3mCQ8,0*5E
!AIVDM,2,2,6,B,43jCU0000000000,2*6A
!AIVDM,1,1,,B,13:EIf0P@wOiHfTP2WULK9fp08@4,0*48
!AIVDM,1,1,,B,33M@Qnh001whOwbP2Og2`4vl00V@,0*2B
!AIVDM,1,1,,A,33M@Qnh001whOwbP2Og2`4vl014P,0*5B
!AIVDM,1,1,,A,402MN7h000Htt<tSF0l4Q@3P0P00,0*13
!AIVDM,2,1,7,A,53M@D`42;N`4mMISH00Pu0E@uDp000000000000l2PG68<n60@B3mCQ8,0*5C
!AIVDM,2,2,7,A,43jCU0000000000,2*68
!AIVDM,2,1,8,B,53M@D`42;N`4mMISH00Pu0E@uDp000000000000l2PG68<n60@B3mCQ8,0*50
!AIVDM,2,2,8,B,43jCU0000000000,2*64
!AIVDM,1,1,,A,33:EIf0P@wOiHdLP2WfdI9bt022P,0*56
!AIVDM,1,1,,B,402=ac1vU4i9MOhIgpP3BMOP2D0D,0*1F
!AIVDM,1,1,,B,13:iFj3P00wiKM<P2KtMsgvt0L0M,0*18
!AIVDM,2,1,9,A,53M@D`42;N`4mMISH00Pu0E@uDp000000000000l2PG68<n60@B3mCQ8,0*52
!AIVDM,2,2,9,A,43jCU0000000000,2*66
!AIVDM,1,1,,B,33:EIf0P@wOiHdLP2WfdGIbv00c0,0*1A
!AIVDM,1,1,,B,H3P<v30HTHT0000000000000000,2*45
!AIVDM,2,1,0,B,53P;FB@2=Ljs88e;:20dTpL@tn0tJ0HTHF2222001@j7753a0;AhPU38,0*29
!AIVDM,2,2,0,B,888888888888880,2*27
!AIVDM,2,1,1,B,53M@D`42;N`4mMISH00Pu0E@uDp000000000000l2PG68<n60@B3mCQ8,0*59
!AIVDM,2,2,1,B,43jCU0000000000,2*6D
!AIVDM,1,1,,A,402MN7h000Htt<tSF0l4Q@3P0P00,0*13
!AIVDM,2,1,2,A,53M@D`42;N`4mMISH00Pu0E@uDp000000000000l2PG68<n60@B3mCQ8,0*59
!AIVDM,2,2,2,A,43jCU0000000000,2*6D
!AIVDM,1,1,,A,B4eHT0@007t66b80afCQ3wh1jBH:,0*22
!AIVDM,2,1,3,B,53M@D`42;N`4mMISH00Pu0E@uDp000000000000l2PG684n60@B3mCQ8,0*53
!AIVDM,2,2,3,B,43jCU0000000000,2*6F
!AIVDM,1,1,,B,33M@QnhOh1whOwTP2OfpwTw001Uh,0*79
!AIVDM,1,1,,B,402MN7h000Htt<tSF0l4Q@3P0pD5,0*41
!AIVDM,1,1,,B,13:EQR000KOiEPnP2g3sHI7600S6,0*5D
!AIVDM,2,1,4,A,53M@D`42;N`4mMISH00Pu0E@uDp000000000000l2PG684n60@B3mCQ8,0*57
!AIVDM,2,2,4,A,43jCU0000000000,2*6B
!AIVDM,1,1,,B,33:EIf0P@wOiH`jP2WvdBqS600u@,0*02
!AIVDM,1,1,,A,33M@QnhOh1whOwVP2Ofr:m1400m@,0*5D
!AIVDM,1,1,,A,138Nsd0000OiKFfP2L@u4:180@Dk,0*4B
!AIVDM,1,1,,A,402MN7h000Htt<tSF0l4Q@3P0P00,0*13
!AIVDM,1,1,,A,13:EIf0P@wOiH`4P2`1d>aO:08EC,0*6A
!AIVDM,2,1,5,B,53M@D`42;N`4mMISH00Pu0E@uDp000000000000l2PG68<n60@B3mCQ8,0*5D
!AIVDM,2,2,5,B,43jCU0000000000,2*69
!AIVDM,1,1,,A,E>jHE7?6Rb@1:WdP00000000000OpTeU@2Lw@10888jh20,4*43
!AIVDM,2,1,6,A,53M@D`42;N`4mMISH00Pu0E@uDp000000000000l2PG68<n60@B3mCQ8,0*5D
!AIVDM,2,2,6,A,43jCU0000000000,2*69
!AIVDM,1,1,,B,E>jHE7?6Rb@1:WdP00000000000OpTeU@2Lw@10888jh20,4*40
!AIVDM,1,1,,B,13M@Qnh001whOwTP2OfuEE18068T,0*62
!AIVDM,1,1,,B,402MN7h000Htt<tSF0l4Q@3P0pFK,0*3D
!AIVDM,2,1,7,B,53M@D`42;N`4mMISH00Pu0E@uDp000000000000l2PG68<n60@B3mCQ8,0*5F
!AIVDM,2,2,7,B,43jCU0000000000,2*6B
!AIVDM,1,1,,B,33M@QnhOh1whOwTP2Og9kU1<0000,0*5A
!AIVDM,2,1,8,A,53M@D`42;N`4mMISH00Pu0E@uDp000000000000l2PG68<n60@B3mCQ8,0*53
!AIVDM,2,2,8,A,43jCU0000000000,2*67
!AIVDM,2,1,9,B,53M@D`42;N`4mMISH00Pu0E@uDp000000000000l2PG68<n60@B3mCQ8,0*51
!AIVDM,2,2,9,B,43jCU0000000000,2*65
!AIVDM,1,1,,A,402=ac1vU4i9WOhIgtP3BMOP2D0D,0*02
!AIVDM,1,1,,A,33M@Qnh001whOwTP2Og9kU1<023h,0*27
!AIVDM,2,1,0,A,537SK642EUs?D9TkB208N1<510PU8F222222221?A@?<<14`0BilPCQi,0*6F
!AIVDM,2,2,0,A,CCmE28888888880,2*06
!AIVDM,2,1,1,A,53M@D`42;N`4mMISH00Pu0E@uDp000000000000l2PG68<n60@B3mCQ8,0*5A
!AIVDM,2,2,1,A,43jCU0000000000,2*6E
!AIVDM,1,1,,A,13:iFj3P00wiKM8P2Kt=sgwB068T,0*33
!AIVDM,2,1,2,B,53M@D`42;N`4mMISH00Pu0E@uDp000000000000l2PG68<n60@B3mCQ8,0*5A
!AIVDM,2,2,2,B,43jCU0000000000,2*6E
!AIVDM,1,1,,B,402MN7h000Htt<tSF0l4Q@3P0pHi,0*11
!AIVDM,1,1,,A,13MA4Bh000Oi@4hP2?gf463D00Sh,0*2E
!AIVDM,2,1,3,A,53M@D`42;N`4mMISH00Pu0E@uDp000000000000l2PG68<n60@B3mCQ8,0*58
!AIVDM,2,2,3,A,43jCU0000000000,2*6C
!AIVDM,1,1,,A,33:EIf0P@wOiHRLP2`Ct3IIH00qh,0*06
!AIVDM,1,1,,A,402MN7h000Htt<tSF0l4Q@3P0P00,0*13
!AIVDM,2,1,4,B,53M@D`42;N`4mMISH00Pu0E@uDp000000000000l2PG68<n60@B3mCQ8,0*5C
!AIVDM,2,2,4,B,43jCU0000000000,2*68
!AIVDM,1,1,,B,33M@du5000OhnwTP3vpc9PiH0Dh:,0*3E
!AIVDM,2,1,5,A,53M@D`42;N`4mMISH00Pu0E@uDp000000000000l2PG68<n60@B3mCQ8,0*5E
!AIVDM,2,2,5,A,43jCU0000000000,2*6A
!AIVDM,1,1,,B,402MN7h000Htt<tSF0l4Q@3P0pK7,0*4C
!AIVDM,2,1,6,B,53M@D`42;N`4mMISH00Pu0E@uDp000000000000l2PG68<n60@B3mCQ8,0*5E
!AIVDM,2,2,6,B,43jCU0000000000,2*6A
!AIVDM,1,1,,B,138Nsd0000OiKFbP2LAe4:1N068T,0*1E
!AIVDM,2,1,7,A,53P8nuH00000lQIKP00<u98TpLP4l0000000000l1`C664v<0=ASlU28,0*74
!AIVDM,2,2,7,A,53mhAi@00000000,2*78
!AIVDM,1,1,,B,13:EIf000vOiHN<P2`OssaIP0HL7,0*1B
!AIVDM,2,1,8,A,53M@D`42;N`4mMISH00Pu0E@uDp000000000000l2PG684n60@B3mCQ8,0*5B
!AIVDM,2,2,8,A,43jCU0000000000,2*67
!AIVDM,1,1,,A,402MN7h000Htt<tSF0l4Q@3P0P00,0*13
!AIVDM,2,1,9,B,53M@D`42;N`4mMISH00Pu0E@uDp000000000000l2PG68<n60@B3mCQ8,0*51
!AIVDM,2,2,9,B,43jCU0000000000,2*65
!AIVDM,1,1,,B,B3M@Gf@00?t6>b`0a:4AswpUoP06,0*7F
!AIVDM,2,1,0,A,53M@D`42;N`4mMISH00Pu0E@uDp000000000000l2PG68<n60@B3mCQ8,0*5B
!AIVDM,2,2,0,A,43jCU0000000000,2*6F
!AIVDM,1,1,,A,33:EIf000wOiHLPP2`Tcr9IT02:P,0*48
!AIVDM,1,1,,B,402=ac1vU4i9iOhIh2P3BLwP2D0D,0*4F
!AIVDM,1,1,,B,13:iFj3P00wiKM8P2Kt=sgwR068T,0*20
!AIVDM,2,1,1,B,53M@D`42;N`4mMISH00Pu0E@uDp000000000000l2PG68<n60@B3mCQ8,0*59
!AIVDM,2,2,1,B,43jCU0000000000,2*6D
!AIVDM,1,1,,B,13MAjP0P00wi@2VP2?l4IOwR0hMu,0*0D
!AIVDM,2,1,2,A,53M@D`42;N`4mMISH00Pu0E@uDp000000000000l2PG68<n60@B3mCQ8,0*59
!AIVDM,2,2,2,A,43jCU0000000000,2*6D
!AIVDM,1,1,,A,402MN7h000Htt<tSF0l4Q@3P0P00,0*13
!AIVDM,1,1,,B,13:EQR000IOiEJ2P2g@cFI5b0<0K,0*30
!AIVDM,2,1,3,B,53M@D`42;N`4mMISH00Pu0E@uDp000000000000l2PG68<n60@B3mCQ8,0*5B
!AIVDM,2,2,3,B,43jCU0000000000,2*6F
!AIVDM,1,1,,B,402MN7h000Htt<tSF0l4Q@3P0pOk,0*14
!AIVDM,2,1,4,A,53M@D`42;N`4mMISH00Pu0E@uDp000000000000l2PG68<n60@B3mCQ8,0*5F
!AIVDM,2,2,4,A,43jCU0000000000,2*6B
!AIVDM,1,1,,B,33:EIf000vOiHI>P2`eKo9If0100,0*7E
!AIVDM,1,1,,A,33P;D0E000OhH4jP2UAe?n1d0000,0*6A
!AIVDM,2,1,5,B,53M@D`42;N`4mMISH00Pu0E@uDp000000000000l2PG68<n60@B3mCQ8,0*5D
!AIVDM,2,2,5,B,43jCU0000000000,2*69
!AIVDM,1,1,,A,33P;FBE001wi<NhP4nA=DWWh0000,0*63
!AIVDM,1,1,,A,402MN7h000Htt<tSF0l4Q@3P0P00,0*13
!AIVDM,1,1,,A,138Nsd0000OiKFJP2LF=4:1j0@Q7,0*32
!AIVDM,2,1,6,A,53M@D`42;N`4mMISH00Pu0E@uDp000000000000l2PG68<n60@B3mCQ8,0*5D
!AIVDM,2,2,6,A,43jCU0000000000,2*69
!AIVDM,1,1,,A,13:EIf000wOiHFjP2`ksmqKl0L0S,0*4F
!AIVDM,1,1,,B,402MN7h000Htt<tSF0l4Q@3P0pR9,0*5B
!AIVDM,2,1,7,B,53M@D`42;N`4mMISH00Pu0E@uDp000000000000l2PG68<n60@B3mCQ8,0*5F
!AIVDM,2,2,7,B,43jCU0000000000,2*6B
!AIVDM,2,1,8,A,53M@D`42;N`4mMISH00Pu0E@uDp000000000000l2PG68<n60@B3mCQ8,0*53
!AIVDM,2,2,8,A,43jCU0000000000,2*67
!AIVDM,1,1,,B,13M@Qnh001whOwVP2Ogj7Dwh0<0G,0*0A
!AIVDM,2,1,9,B,53M@D`42;N`4mMISH00Pu0E@uDp000000000000l2PG68<n60@B3mCQ8,0*51
!AIVDM,2,2,9,B,43jCU0000000000,2*65
!AIVDM,1,1,,A,13:iFj3P00wiKM<P2Ktesgwn00ST,0*2E
!AIVDM,1,1,,A,402=ac1vU4i9sOhIh@P3BLOP2@0:,0*66
!AIVDM,2,1,0,A,53M@D`42;N`4mMISH00Pu0E@uDp000000000000l2PG684n60@B3mCQ8,0*53
!AIVDM,2,2,0,A,43jCU0000000000,2*6F
!AIVDM,1,1,,B,33:EIf000wOiHCjP2`uclqJ401jh,0*01
!AIVDM,2,1,1,B,53M@D`42;N`4mMISH00Pu0E@uDp000000000000l2PG684n60@B3mCQ8,0*51
!AIVDM,2,2,1,B,43jCU0000000000,2*6D
!AIVDM,1,1,,B,402MN7h000Htt<tSF0l4Q@3P0t0K,0*4F
!AIVDM,2,1,2,A,53M@D`42;N`4mMISH00Pu0E@uDp000000000000l2PG68<n60@B3mCQ8,0*59
!AIVDM,2,2,2,A,43jCU0000000000,2*6D
!AIVDM,2,1,3,B,53M@D`42;N`4mMISH00Pu0E@uDp000000000000l2PG68<n60@B3mCQ8,0*5B
!AIVDM,2,2,3,B,43jCU0000000000,2*6F
!AIVDM,1,1,,B,37OdddE000OiN7vP29Lbbb@40Dgr,0*36
!AIVDM,1,1,,A,402MN7h000Htt<tSF0l4Q@3P0p2P,0*51
!AIVDM,1,1,,A,33:EIf000vOiHAJP2a5;maJ:00jh,0*26
!AIVDM,1,1,,A,34hIiw5000OiLc`P25sJF1J60000,0*17
!AIVDM,2,1,4,A,53M@D`42;N`4mMISH00Pu0E@uDp000000000000l2PG68<n60@B3mCQ8,0*5F
!AIVDM,2,2,4,A,43jCU0000000000,2*6B
!AIVDM,2,1,5,B,53M@D`42;N`4mMISH00Pu0E@uDp000000000000l2PG68<n60@B3mCQ8,0*5D
!AIVDM,2,2,5,B,43jCU0000000000,2*69
!AIVDM,2,1,6,A,53M@D`42;N`4mMISH00Pu0E@uDp000000000000l2PG68<n60@B3mCQ8,0*5D
!AIVDM,2,2,6,A,43jCU0000000000,2*69
!AIVDM,1,1,,A,33M@Qnh001whOwRP2Ogv3Dv<02t1,0*7E
!AIVDM,1,1,,A,402MN7h000Htt<tSF0l4Q@3P0t0K,0*4C
!AIVDM,1,1,,B,13:EIf000vOiH>BP2a?;nqJB068`,0*6D
!AIVDM,1,1,,A,33mRVH5000OiOqjP26@5l3lB0Dpr,0*56
!AIVDM,2,1,7,B,53M@D`42;N`4mMISH00Pu0E@uDp000000000000l2PG68<n60@B3mCQ8,0*5F
!AIVDM,2,2,7,B,43jCU0000000000,2*6B
!AIVDM,2,1,8,A,53M@D`42;N`4mMISH00Pu0E@uDp000000000000l2PG68<n60@B3mCQ8,0*53
!AIVDM,2,2,8,A,43jCU0000000000,2*67
!AIVDM,1,1,,B,402=ac1vU4i:9OhIh:P3BLgP2@61,0*73
!AIVDM,1,1,,B,13:iFj3P00wiKM>P2KtusgvB068`,0*4B
!AIVDM,2,1,9,B,53M@D`42;N`4mMISH00Pu0E@uDp000000000000l2PG68<n60@B3mCQ8,0*51
!AIVDM,2,2,9,B,43jCU0000000000,2*65
!AIVDM,2,1,0,A,53M@D`42;N`4mMISH00Pu0E@uDp000000000000l2PG68<n60@B3mCQ8,0*5B
!AIVDM,2,2,0,A,43jCU0000000000,2*6F
!AIVDM,1,1,,A,402MN7h000Htt<tSF0l4Q@3P0t0K,0*4C
!AIVDM,2,1,1,B,53M@D`42;N`4mMISH00Pu0E@uDp000000000000l2PG68<n60@B3mCQ8,0*59
!AIVDM,2,2,1,B,43jCU0000000000,2*6D
!AIVDM,1,1,,A,33M@QnhP@1whOwRP2OhB`TvH004h,0*79
!AIVDM,1,1,,B,13:EQR000EOiEC@P2gJsCI2L0D0K,0*09
!AIVDM,2,1,2,B,57OdddH2GWdeHlt800000000000000000000000042kA=400004i@E4R,0*25
!AIVDM,2,2,2,B,@C0000000000008,2*2E
!AIVDM,2,1,3,B,53mRVH42@:QhhA8v220pu8l4pB0A8uAB2222220j3q0<<54dNBC1BE28,0*76
!AIVDM,2,2,3,B,888888888888880,2*24
!AIVDM,2,1,4,A,53M@D`42;N`4mMISH00Pu0E@uDp000000000000l2PG68<n60@B3mCQ8,0*5F
!AIVDM,2,2,4,A,43jCU0000000000,2*6B
!AIVDM,1,1,,B,402MN7h000Htt<tSF0l4Q@3P0t0K,0*4F
!AIVDM,1,1,,A,138Nsd0000OiKFNP2LDM4:0N0L0W,0*6C
!AIVDM,2,1,5,B,53M@D`42;N`4mMISH00Pu0E@uDp000000000000l2PG684n60@B3mCQ8,0*55
!AIVDM,2,2,5,B,43jCU0000000000,2*69
!AIVDM,2,1,6,A,53M@D`42;N`4mMISH00Pu0E@uDp000000000000l2PG68<n60@B3mCQ8,0*5D
!AIVDM,2,2,6,A,43jCU0000000000,2*69
!AIVDM,1,1,,A,402MN7h000Htt<tSF0l4Q@3P0t0K,0*4C
!AIVDM,1,1,,A,13:EIf0P@vOiH7TP2aPsnIDR0D0S,0*29
!AIVDM,1,1,,B,33M@Qnh000whOwRP2OhF`TvL011P,0*57
!AIVDM,2,1,7,B,53M@D`42;N`4mMISH00Pu0E@uDp000000000000l2PG68<n60@B3mCQ8,0*5F
!AIVDM,2,2,7,B,43jCU0000000000,2*6B
!AIVDM,2,1,8,A,53M@D`42;N`4mMISH00Pu0E@uDp000000000000l2PG68<n60@B3mCQ8,0*53
!AIVDM,2,2,8,A,43jCU0000000000,2*67
!AIVDM,1,1,,B,402MN7h000Htt<tSF0l4Q@3P0t0K,0*4F
!AIVDM,1,1,,B,33M@QnhOh0whOwTP2OheDltP0000,0*37
!AIVDM,2,1,9,B,53M@D`42;N`4mMISH00Pu0E@uDp000000000000l2PG68<n60@B3mCQ8,0*51
!AIVDM,2,2,9,B,43jCU0000000000,2*65
!AIVDM,1,1,,A,33M@QnhOh1whOwVP2OhT=4vT00L0,0*5D
!AIVDM,1,1,,A,13:iFj3P00wiKM>P2Ku=sgvV0<0M,0*3A
!AIVDM,2,1,0,A,53M@D`42;N`4mMISH00Pu0E@uDp000000000000l2PG68<n60@B3mCQ8,0*5B
!AIVDM,2,2,0,A,43jCU0000000000,2*6F
!AIVDM,1,1,,A,402=ac1vU4i:COhIh4P3BLgP2@;p,0*48
!AIVDM,1,1,,A,33l3kv5000OiPNfP22uTqIJT0Dir,0*07
!AIVDM,1,1,,B,34S7qJ5000wg5pJP3uCpR:J`0DMJ,0*73
!AIVDM,1,1,,B,33M@D1E000OfuW4P3V6WWA`b0EF:,0*5E
!AIVDM,2,1,1,B,53M@D`42;N`4mMISH00Pu0E@uDp000000000000l2PG68<n60@B3mCQ8,0*59
!AIVDM,2,2,1,B,43jCU0000000000,2*6D
!AIVDM,1,1,,B,402MN7h000Htt<tSF0l4Q@3P0t0K,0*4F
!AIVDM,2,1,2,A,53M@D`42;N`4mMISH00Pu0E@uDp000000000000l2PG68<n60@B3mCQ8,0*59
!AIVDM,2,2,2,A,43jCU0000000000,2*6D
!AIVDM,2,1,3,B,53M@D`42;N`4mMISH00Pu0E@uDp000000000000l2PG68<n60@B3mCQ8,0*5B
!AIVDM,2,2,3,B,43jCU0000000000,2*6F
!AIVDM,1,1,,A,13MA4Bh000Oi@4hP2?gf464f0L0C,0*3F
!AIVDM,2,1,4,A,53M@D`42;N`4mMISH00Pu0E@uDp000000000000l2PG68<n60@B3mCQ8,0*5F
!AIVDM,2,2,4,A,43jCU0000000000,2*6B
!AIVDM,1,1,,A,402MN7h000Htt<tSF0l4Q@3P0t0K,0*4C
!AIVDM,2,1,5,B,53M@D`42;N`4mMISH00Pu0E@uDp000000000000l2PG68<n60@B3mCQ8,0*5D
!AIVDM,2,2,5,B,43jCU0000000000,2*69
!AIVDM,1,1,,B,402MN7h000Htt<tSF0l4Q@3P0t0K,0*4F
!AIVDM,1,1,,B,138Nsd0000OiKFbP2LBe4:0n00Rp,0*74
!AIVDM,2,1,6,A,53M@D`42;N`4mMISH00Pu0E@uDp000000000000l2PG68<n60@B3mCQ8,0*5D
!AIVDM,2,2,6,A,43jCU0000000000,2*69
!AIVDM,1,1,,B,13:EIf000vOiGvFP2aosgIBp068`,0*3D
!AIVDM,1,1,,B,33MAf3E000Ofv:HP3WwRJo<j0DVr,0*16
!AIVDM,1,1,,A,33M@Qnh001whOwVP2OhC8U0l02iA,0*21
!AIVDM,2,1,7,B,53M@D`42;N`4mMISH00Pu0E@uDp000000000000l2PG68<n60@B3mCQ8,0*5F
!AIVDM,2,2,7,B,43jCU0000000000,2*6B
!AIVDM,2,1,8,A,53M@D`42;N`4mMISH00Pu0E@uDp000000000000l2PG684n60@B3mCQ8,0*5B
!AIVDM,2,2,8,A,43jCU0000000000,2*67
!AIVDM,1,1,,B,13MAjP0P00wi@2dP2?k4IOvp0`AO,0*25
!AIVDM,2,1,9,B,53M@D`42;N`4mMISH00Pu0E@uDp000000000000l2PG68<n60@B3mCQ8,0*51
!AIVDM,2,2,9,B,43jCU0000000000,2*65
!AIVDM,1,1,,B,13:iFj3P00wiKM8P2Kuusgvt0HAh,0*75
!AIVDM,2,1,0,A,53M@D`42;N`4mMISH00Pu0E@uDp000000000000l2PG68<n60@B3mCQ8,0*5B
!AIVDM,2,2,0,A,43jCU0000000000,2*6F
!AIVDM,2,1,1,B,53M@D`42;N`4mMISH00Pu0E@uDp000000000000l2PG68<n60@B3mCQ8,0*59
!AIVDM,2,2,1,B,43jCU0000000000,2*6D
!AIVDM,1,1,,A,402MN7h000Htt<tSF0l4Q@3P0t0K,0*4C
!AIVDM,2,1,2,A,53M@D`42;N`4mMISH00Pu0E@uDp000000000000l2PG68<n60@B3mCQ8,0*59
!AIVDM,2,2,2,A,43jCU0000000000,2*6D
!AIVDM,2,1,3,B,53M@D`42;N`4mMISH00Pu0E@uDp000000000000l2PG68<n60@B3mCQ8,0*5B
!AIVDM,2,2,3,B,43jCU0000000000,2*6F
!AIVDM,1,1,,B,402MN7h000Htt<tSF0l4Q@3P0t0K,0*4F
!AIVDM,2,1,4,A,53M@D`42;N`4mMISH00Pu0E@uDp000000000000l2PG68<n60@B3mCQ8,0*5F
!AIVDM,2,2,4,A,43jCU0000000000,2*6B
!AIVDM,1,1,,A,138Nsd0000OiKFrP2LBe4:180<0W,0*79
!AIVDM,1,1,,A,402MN7h000Htt<tSF0l4Q@3P0t0K,0*4C
!AIVDM,1,1,,A,13:EIf000vOiGntP2b;cfIE:068`,0*1F
!AIVDM,2,1,5,B,53M@D`42;N`4mMISH00Pu0E@uDp000000000000l2PG68<n60@B3mCQ8,0*5D
!AIVDM,2,2,5,B,43jCU0000000000,2*69
!AIVDM,1,1,,A,33MAidE000OhTn<P2n;mk0o80E0r,0*12
!AIVDM,1,1,,B,13M@Qnh001whOwbP2OhAdDw800Rs,0*43
!AIVDM,1,1,,B,402MN7h000Htt<tSF0l4Q@3P0t0K,0*4F
!AIVDM,2,1,6,A,53M@D`42;N`4mMISH00Pu0E@uDp000000000000l2PG68<n60@B3mCQ8,0*5D
!AIVDM,2,2,6,A,43jCU0000000000,2*69
!AIVDM,2,1,7,B,53MAidH2Fmk<lMM;V215DDDq<HE99V222222220l0pA<05410>23mCQ8,0*5C
!AIVDM,2,2,7,B,43jCU8888888880,2*63
!AIVDM,2,1,8,B,53M@D`42;N`4mMISH00Pu0E@uDp000000000000l2PG68<n60@B3mCQ8,0*50
!AIVDM,2,2,8,B,43jCU0000000000,2*64
!AIVDM,2,1,9,A,53M@D`42;N`4mMISH00Pu0E@uDp000000000000l2PG68<n60@B3mCQ8,0*52
!AIVDM,2,2,9,A,43jCU0000000000,2*66
!AIVDM,1,1,,A,402=ac1vU4i:WOhIh:P3BLgP2@GV,0*08
!AIVDM,2,1,0,B,53M@D`42;N`4mMISH00Pu0E@uDp000000000000l2PG68<n60@B3mCQ8,0*58
!AIVDM,2,2,0,B,43jCU0000000000,2*6C
!AIVDM,1,1,,A,13:iFj3P00wiKM0P2KvMsgwB00RU,0*24
!AIVDM,2,1,1,A,53M@D`42;N`4mMISH00Pu0E@uDp000000000000l2PG684n60@B3mCQ8,0*52
!AIVDM,2,2,1,A,43jCU0000000000,2*6E
!AIVDM,1,1,,B,402MN7h000Htt<tSF0l4Q@3P0t0K,0*4F
!AIVDM,1,1,,B,33MC3Qm000OhUibP2nO5mPk@0Da:,0*22
!AIVDM,2,1,2,B,53M@D`42;N`4mMISH00Pu0E@uDp000000000000l2PG684n60@B3mCQ8,0*52
!AIVDM,2,2,2,B,43jCU0000000000,2*6E
!AIVDM,2,1,3,A,53M@D`42;N`4mMISH00Pu0E@uDp000000000000l2PG68<n60@B3mCQ8,0*58
!AIVDM,2,2,3,A,43jCU0000000000,2*6C
!AIVDM,1,1,,A,13MA4Bh000Oi@4hP2?gf467F0D0C,0*14
!AIVDM,1,1,,A,402MN7h000Htt<tSF0l4Q@3P0t0K,0*4C
!AIVDM,2,1,4,B,53M@D`42;N`4mMISH00Pu0E@uDp000000000000l2PG68<n60@B3mCQ8,0*5C
!AIVDM,2,2,4,B,43jCU0000000000,2*68
!AIVDM,2,1,5,A,53M@D`42;N`4mMISH00Pu0E@uDp000000000000l2PG68<n60@B3mCQ8,0*5E
!AIVDM,2,2,5,A,43jCU0000000000,2*6A
!AIVDM,1,1,,B,402MN7h000Htt<tSF0l4Q@3P0t0K,0*4F
!AIVDM,1,1,,B,138Nsd0000OiKG2P2LBe4:1N00RE,0*31
!AIVDM,1,1,,A,13M@Qnh001whOwbP2OhRoE1L0L0G,0*41
!AIVDM,2,1,6,B,53M@D`42;N`4mMISH00Pu0E@uDp000000000000l2PG68<n60@B3mCQ8,0*5E
!AIVDM,2,2,6,B,43jCU0000000000,2*6A
!AIVDM,1,1,,B,13:EIf000vOiGePP2bWsjqIP0D0S,0*54
!AIVDM,1,1,,A,402MN7h000Htt<tSF0l4Q@3P0t0K,0*4C
!AIVDM,2,1,7,A,53M@D`42;N`4mMISH00Pu0E@uDp000000000000l2PG68<n60@B3mCQ8,0*5C
!AIVDM,2,2,7,A,43jCU0000000000,2*68
!AIVDM,2,1,8,B,53M@D`42;N`4mMISH00Pu0E@uDp000000000000l2PG68<n60@B3mCQ8,0*50
!AIVDM,2,2,8,B,43jCU0000000000,2*64
!AIVDM,1,1,,B,402=ac1vU4i:iOhIh6P3BLgP2@MM,0*28
!AIVDM,1,1,,B,13:iFj3P00wiKM2P2KvMsgwT00Rt,0*12
!AIVDM,1,1,,B,33M@QnhOh1whOwVP2OhBM51P029P,0*6D
!AIVDM,1,1,,A,33M@QnhOh1whOwVP2OhBM51P00g@,0*22
!AIVDM,2,1,9,A,53M@D`42;N`4mMISH00Pu0E@uDp000000000000l2PG68<n60@B3mCQ8,0*52
!AIVDM,2,2,9,A,43jCU0000000000,2*66
!AIVDM,1,1,,B,13MAjP0P00wi@2`P2?k4IOwR0d0C,0*7B
!AIVDM,1,1,,A,33ewh210P0win1vP6`6EgWf`0Dg:,0*52
!AIVDM,1,1,,A,402MN7h000Htt<tSF0l4Q@3P0t0K,0*4C
!AIVDM,2,1,0,B,53M@D`42;N`4mMISH00Pu0E@uDp000000000000l2PG68<n60@B3mCQ8,0*58
!AIVDM,2,2,0,B,43jCU0000000000,2*6C
!AIVDM,1,1,,B,13:EQR000@OiE8pP2gcsMa3b08Ni,0*47
!AIVDM,2,1,1,A,53M@D`42;N`4mMISH00Pu0E@uDp000000000000l2PG68<n60@B3mCQ8,0*5A
!AIVDM,2,2,1,A,43jCU0000000000,2*6E
!AIVDM,1,1,,B,402MN7h000Htt<tSF0l4Q@3P0t0K,0*4F
!AIVDM,2,1,2,B,53M@D`42;N`4mMISH00Pu0E@uDp000000000000l2PG68<n60@B3mCQ8,0*5A
!AIVDM,2,2,2,B,43jCU0000000000,2*6E
!AIVDM,1,1,,A,37OdddE000OiN4>P29LVhbA`0Dh:,0*52
!AIVDM,1,1,,B,33ku8ME000wg5d<P3g<UgWQd0000,0*2E
!AIVDM,2,1,3,A,53BBGt42>ABduPQ3:2098v0qEDf222222222221@>`K7@5480DAhQlQp,0*0B
!AIVDM,2,2,3,A,888888888888880,2*27
!AIVDM,2,1,4,A,53M@D`42;N`4mMISH00Pu0E@uDp000000000000l2PG68<n60@B3mCQ8,0*5F
!AIVDM,2,2,4,A,43jCU0000000000,2*6B
!AIVDM,1,1,,A,402MN7h000Htt<tSF0l4Q@3P0t0K,0*4C
!AIVDM,1,1,,A,138Nsd0000OiKG6P2LCe4:1j0<0W,0*6F
!AIVDM,1,1,,A,33M@QnhOh1whOwRP2OhHv51d00k@,0*2F
!AIVDM,2,1,5,B,53M@D`42;N`4mMISH00Pu0E@uDp000000000000l2PG684n60@B3mCQ8,0*55
!AIVDM,2,2,5,B,43jCU0000000000,2*69
!AIVDM,1,1,,A,13:EIf000vOiGV>P2bvKmaIl0HQh,0*6E
!AIVDM,1,1,,B,402MN7h000Htt<tSF0l4Q@3P0t0K,0*4F
!AIVDM,2,1,6,A,53M@D`42;N`4mMISH00Pu0E@uDp000000000000l2PG68<n60@B3mCQ8,0*5D
!AIVDM,2,2,6,A,43jCU0000000000,2*69
!AIVDM,1,1,,B,33M@Qnh000whOwNP2Ohe9m3l0000,0*0D
!AIVDM,1,1,,A,33BBGt5000Og628P40mPaQun0E0r,0*71
!AIVDM,1,1,,A,33MAGG5000OiPdrP25mFtCqj0000,0*1F
!AIVDM,2,1,7,B,53M@D`42;N`4mMISH00Pu0E@uDp000000000000l2PG68<n60@B3mCQ8,0*5F
!AIVDM,2,2,7,B,43jCU0000000000,2*6B
!AIVDM,1,1,,A,402=ac1vU4i:sOhIh>P3BMOP2<0A,0*1D
!AIVDM,1,1,,A,13:iFj3P00wiKM8P2KvMsgv00@0D,0*5C
!AIVDM,2,1,8,A,53M@D`42;N`4mMISH00Pu0E@uDp000000000000l2PG68<n60@B3mCQ8,0*53
!AIVDM,2,2,8,A,43jCU0000000000,2*67
!AIVDM,2,1,9,B,53M@D`42;N`4mMISH00Pu0E@uDp000000000000l2PG68<n60@B3mCQ8,0*51
!AIVDM,2,2,9,B,43jCU0000000000,2*65
!AIVDM,2,1,0,A,53M@D`42;N`4mMISH00Pu0E@uDp000000000000l2PG68<n60@B3mCQ8,0*5B
!AIVDM,2,2,0,A,43jCU0000000000,2*6F
!AIVDM,1,1,,B,402MN7h000Htt<tSF0l4Q@3P0t0H,0*4C
!AIVDM,2,1,1,B,53M@D`42;N`4mMISH00Pu0E@uDp000000000000l2PG68<n60@B3mCQ8,0*59
!AIVDM,2,2,1,B,43jCU0000000000,2*6D
!AIVDM,2,1,2,A,53M@D`42;N`4mMISH00Pu0E@uDp000000000000l2PG68<n60@B3mCQ8,0*59
!AIVDM,2,2,2,A,43jCU0000000000,2*6D
!AIVDM,1,1,,A,402MN7h000Htt<tSF0l4Q@3P0p2P,0*51
!AIVDM,2,1,3,B,53M@D`42;N`4mMISH00Pu0E@uDp000000000000l2PG68<n60@B3mCQ8,0*5B
!AIVDM,2,2,3,B,43jCU0000000000,2*6F
!AIVDM,2,1,4,A,53M@D`42;N`4mMISH00Pu0E@uDp000000000000l2PG68<n60@B3mCQ8,0*5F
!AIVDM,2,2,4,A,43jCU0000000000,2*6B
!AIVDM,2,1,5,B,53M@D`42;N`4mMISH00Pu0E@uDp000000000000l2PG68<n60@B3mCQ8,0*5D
!AIVDM,2,2,5,B,43jCU0000000000,2*69
!AIVDM,1,1,,A,B3P<v3000?t6>K`0a:9ngwS5oP06,0*55
!AIVDM,2,1,6,A,53M@D`42;N`4mMISH00Pu0E@uDp000000000000l2PG68<n60@B3mCQ8,0*5D
!AIVDM,2,2,6,A,43jCU0000000000,2*69
!AIVDM,1,1,,A,13M@Qnh000whOwRP2OhtSU0<0D0G,0*03
!AIVDM,2,1,7,B,53P;D0@29kH0lqLf3J0Hu9@R1<Dq@TpDj222220l0000051jN64;iA1h,0*7C
!AIVDM,2,2,7,B,D`8888888888880,2*04
!AIVDM,1,1,,A,402MN7h000Htt<tSF0l4Q@3P0t0H,0*4F
!AIVDM,1,1,,B,33:EIf000vOiGMJP2cFslaFB05WS,0*69
!AIVDM,2,1,8,B,53M@D`42;N`4mMISH00Pu0E@uDp000000000000l2PG684n60@B3mCQ8,0*58
!AIVDM,2,2,8,B,43jCU0000000000,2*64
!AIVDM,1,1,,B,33M@Qnh001whOwRP2Oi<rU0@00>0,0*1A
!AIVDM,1,1,,A,33M@Qnh001whOwRP2Oi<rU0@00V0,0*71
!AIVDM,2,1,9,A,53M@D`42;N`4mMISH00Pu0E@uDp000000000000l2PG684n60@B3mCQ8,0*5A
!AIVDM,2,2,9,A,43jCU0000000000,2*66
!AIVDM,1,1,,B,402=ac1vU4i;9OhIh>P3BN?P2<0A,0*26
!AIVDM,1,1,,B,13:iFj3P00wiKM>P2KvMsgvD00S?,0*45
!AIVDM,2,1,0,B,53M@D`42;N`4mMISH00Pu0E@uDp000000000000l2PG68<n60@B3mCQ8,0*58
!AIVDM,2,2,0,B,43jCU0000000000,2*6C
!AIVDM,2,1,1,A,53M@D`42;N`4mMISH00Pu0E@uDp000000000000l2PG68<n60@B3mCQ8,0*5A
!AIVDM,2,2,1,A,43jCU0000000000,2*6E
!AIVDM,1,1,,A,402MN7h000Htt<tSF0l4Q@3P0t0H,0*4F
!AIVDM,2,1,2,B,53M@D`42;N`4mMISH00Pu0E@uDp000000000000l2PG68<n60@B3mCQ8,0*5A
!AIVDM,2,2,2,B,43jCU0000000000,2*6E
!AIVDM,1,1,,A,H3M@Gf@584lU<00000000000000,2*0F
!AIVDM,1,1,,B,13:EQR000=OiE4fP2gnKbpvL0@7u,0*5D
!AIVDM,1,1,,B,402MN7h000Htt<tSF0l4Q@3P0t0H,0*4C
!AIVDM,2,1,3,A,53M@D`42;N`4mMISH00Pu0E@uDp000000000000l2PG68<n60@B3mCQ8,0*58
!AIVDM,2,2,3,A,43jCU0000000000,2*6C
!AIVDM,1,1,,A,138Nsd0000OiKFrP2LDe4:0N0H8g,0*44
!AIVDM,2,1,4,B,53M@D`42;N`4mMISH00Pu0E@uDp000000000000l2PG68<n60@B3mCQ8,0*5C
!AIVDM,2,2,4,B,43jCU0000000000,2*68
!AIVDM,1,1,,A,402MN7h000Htt<tSF0l4Q@3P0t0H,0*4F
!AIVDM,2,1,5,A,53M@D`42;N`4mMISH00Pu0E@uDp000000000000l2PG68<n60@B3mCQ8,0*5E
!AIVDM,2,2,5,A,43jCU0000000000,2*6A
!AIVDM,1,1,,A,13:EIf000vOiGG0P2c`sk9DR0@9c,0*58
!AIVDM,2,1,6,B,53M@D`42;N`4mMISH00Pu0E@uDp000000000000l2PG68<n60@B3mCQ8,0*5E
!AIVDM,2,2,6,B,43jCU0000000000,2*6A
!AIVDM,1,1,,B,402MN7h000Htt<tSF0l4Q@3P0t0H,0*4C
!AIVDM,2,1,7,A,53M@D`42;N`4mMISH00Pu0E@uDp000000000000l2PG68<n60@B3mCQ8,0*5C
!AIVDM,2,2,7,A,43jCU0000000000,2*68
!AIVDM,2,1,8,B,53M@D`42;N`4mMISH00Pu0E@uDp000000000000l2PG68<n60@B3mCQ8,0*50
!AIVDM,2,2,8,B,43jCU0000000000,2*64
!AIVDM,1,1,,A,13:iFj3P00wiKMBP2KvMsgvV08;Q,0*26
!AIVDM,1,1,,A,402=ac1vU4i;COhIh:P3BMwP2<0A,0*10
!AIVDM,2,1,9,A,53M@D`42;N`4mMISH00Pu0E@uDp000000000000l2PG68<n60@B3mCQ8,0*52
!AIVDM,2,2,9,A,43jCU0000000000,2*66
!AIVDM,1,1,,B,B3MBj@h007t6:H80a4OQ3wb1jE8:,0*67
!AIVDM,2,1,0,B,53M@D`42;N`4mMISH00Pu0E@uDp000000000000l2PG68<n60@B3mCQ8,0*58
!AIVDM,2,2,0,B,43jCU0000000000,2*6C
!AIVDM,1,1,,B,402MN7h000Htt<tSF0l4Q@3P0t0H,0*4C
!AIVDM,2,1,1,A,53M@D`42;N`4mMISH00Pu0E@uDp000000000000l2PG684n60@B3mCQ8,0*52
!AIVDM,2,2,1,A,43jCU0000000000,2*6E
!AIVDM,1,1,,A,13MA4Bh000Oi@4LP2?gf464f0H=e,0*34
!AIVDM,1,1,,A,402MN7h000Htt<tSF0l4Q@3P0t0H,0*4F
!AIVDM,2,1,2,B,53M@D`42;N`4mMISH00Pu0E@uDp000000000000l2PG68<n60@B3mCQ8,0*5A
!AIVDM,2,2,2,B,43jCU0000000000,2*6E
!AIVDM,2,1,3,A,53M@D`42;N`4mMISH00Pu0E@uDp000000000000l2PG68<n60@B3mCQ8,0*58
!AIVDM,2,2,3,A,43jCU0000000000,2*6C
!AIVDM,1,1,,A,H3M@GfDQCBD5OgA=IFDm000p5220,0*23
!AIVDM,1,1,,B,138Nsd0000OiKFrP2LCM4:0l0D0W,0*7E
!AIVDM,1,1,,B,402MN7h000Htt<tSF0l4Q@3P0t0H,0*4C
!AIVDM,2,1,4,B,53M@D`42;N`4mMISH00Pu0E@uDp000000000000l2PG68<n60@B3mCQ8,0*5C
!AIVDM,2,2,4,B,43jCU0000000000,2*68
!AIVDM,2,1,5,A,53M@D`42;N`4mMISH00Pu0E@uDp000000000000l2PG68<n60@B3mCQ8,0*5E
!AIVDM,2,2,5,A,43jCU0000000000,2*6A
!AIVDM,1,1,,A,13M@Qnh002whOwNP2OiacE0l0D0G,0*79
!AIVDM,2,1,6,B,53M@D`42;N`4mMISH00Pu0E@uDp000000000000l2PG68<n60@B3mCQ8,0*5E
!AIVDM,2,2,6,B,43jCU0000000000,2*6A
!AIVDM,2,1,7,A,53M@D`42;N`4mMISH00Pu0E@uDp000000000000l2PG68<n60@B3mCQ8,0*5C
!AIVDM,2,2,7,A,43jCU0000000000,2*68
!AIVDM,1,1,,B,13MAjP0P00wi@2`P2?l4IOvp0V8d,0*42
!AIVDM,1,1,,B,13:iFj3P00wiKMFP2Kv=sgvr0D0M,0*1E
!AIVDM,2,1,8,B,53M@D`42;N`4mMISH00Pu0E@uDp000000000000l2PG68<n60@B3mCQ8,0*50
!AIVDM,2,2,8,B,43jCU0000000000,2*64
!AIVDM,1,1,,A,402MN7h000Htt<tSF0l4Q@3P0t0H,0*4F
!AIVDM,2,1,9,A,53M@D`42;N`4mMISH00Pu0E@uDp000000000000l2PG68<n60@B3mCQ8,0*52
!AIVDM,2,2,9,A,43jCU0000000000,2*66
!AIVDM,2,1,0,B,53M@D`42;N`4mMISH00Pu0E@uDp000000000000l2PG68<n60@B3mCQ8,0*58
!AIVDM,2,2,0,B,43jCU0000000000,2*6C
!AIVDM,2,1,1,A,53M@D`42;N`4mMISH00Pu0E@uDp000000000000l2PG68<n60@B3mCQ8,0*5A
!AIVDM,2,2,1,A,43jCU0000000000,2*6E
!AIVDM,1,1,,B,402MN7h000Htt<tSF0l4Q@3P0t0H,0*4C
!AIVDM,1,1,,B,13:EQR000:OiE1TP2gucR8u60@D9,0*60
!AIVDM,2,1,2,B,53M@D`42;N`4mMISH00Pu0E@uDp000000000000l2PG68<n60@B3mCQ8,0*5A
!AIVDM,2,2,2,B,43jCU0000000000,2*6E
!AIVDM,1,1,,A,138Nsd0000OiKFlP2LB=4:1808Dk,0*73
!AIVDM,2,1,3,A,53M@D`42;N`4mMISH00Pu0E@uDp000000000000l2PG684n60@B3mCQ8,0*50
!AIVDM,2,2,3,A,43jCU0000000000,2*6C
!AIVDM,1,1,,A,402MN7h000Htt<tSF0l4Q@3P0t0H,0*4F
!AIVDM,1,1,,A,13:EIf0P@vOiG6DP2dFsdqA:00Sk,0*54
!AIVDM,1,1,,A,33P8nuE000OhS<:P2h`5jPo60DbJ,0*32
!AIVDM,2,1,4,B,53M@D`42;N`4mMISH00Pu0E@uDp000000000000l2PG684n60@B3mCQ8,0*54
!AIVDM,2,2,4,B,43jCU0000000000,2*68
!AIVDM,1,1,,B,33M@QnhP@2whOwPP2Oiqqlu802tA,0*78
!AIVDM,1,1,,B,402MN7h000Htt<tSF0l4Q@3P0t0H,0*4C
!AIVDM,2,1,5,A,53M@D`42;N`4mMISH00Pu0E@uDp000000000000l2PG68<n60@B3mCQ8,0*5E
!AIVDM,2,2,5,A,43jCU0000000000,2*6A
!AIVDM,2,1,6,B,53M@D`42;N`4mMISH00Pu0E@uDp000000000000l2PG68<n60@B3mCQ8,0*5E
!AIVDM,2,2,6,B,43jCU0000000000,2*6A
!AIVDM,2,1,7,A,53l3kv82G?8`=4EcJ21LTi<tr0HhER0V2222221?1Q<6853e1:1hS1BH,0*35
!AIVDM,2,2,7,A,888888888888880,2*23
!AIVDM,2,1,8,A,53M@D`42;N`4mMISH00Pu0E@uDp000000000000l2PG68<n60@B3mCQ8,0*53
!AIVDM,2,2,8,A,43jCU0000000000,2*67
!AIVDM,1,1,,A,402=ac1vU4i;WOhIh6P3BMgP2<0A,0*18
!AIVDM,1,1,,A,13:iFj3P00wiKMFP2Kv=sgw@0L0M,0*26
!AIVDM,2,1,9,B,53M@D`42;N`4mMISH00Pu0E@uDp000000000000l2PG68<n60@B3mCQ8,0*51
!AIVDM,2,2,9,B,43jCU0000000000,2*65
!AIVDM,1,1,,B,402MN7h000Htt<tSF0l4Q@3P0t0H,0*4C
!AIVDM,1,1,,A,13:EQR000:OiE0PP2h0KW8uF0D0K,0*73
!AIVDM,1,1,,A,33M@QnhOh1whOwPP2OiWVE3@01b0,0*3D
!AIVDM,2,1,0,A,53M@D`42;N`4mMISH00Pu0E@uDp000000000000l2PG68<n60@B3mCQ8,0*5B
!AIVDM,2,2,0,A,43jCU0000000000,2*6F
!AIVDM,2,1,1,B,53M@D`42;N`4mMISH00Pu0E@uDp000000000000l2PG68<n60@B3mCQ8,0*59
!AIVDM,2,2,1,B,43jCU0000000000,2*6D
!AIVDM,1,1,,A,13MA4Bh000Oi@4hP2?gf463F0@Ia,0*4F
!AIVDM,1,1,,A,402MN7h000Htt<tSF0l4Q@3P0t0H,0*4F
!AIVDM,2,1,2,A,53M@D`42;N`4mMISH00Pu0E@uDp000000000000l2PG68<n60@B3mCQ8,0*59
!AIVDM,2,2,2,A,43jCU0000000000,2*6D
!AIVDM,1,1,,B,33M@QnhOh1whOwPP2Oib3U1D013P,0*49
!AIVDM,2,1,3,B,53M@D`42;N`4mMISH00Pu0E@uDp000000000000l2PG68<n60@B3mCQ8,0*5B
!AIVDM,2,2,3,B,43jCU0000000000,2*6F
!AIVDM,1,1,,B,138Nsd0000OiKF`P2LA=4:1L0L0W,0*37
!AIVDM,2,1,4,A,54hIiw82Ga61`M<?@00ptlD0000000000000000U3`e664lA091h`1A2,0*4E
!AIVDM,2,2,4,A,@00000000000000,2*50
!AIVDM,1,1,,B,402MN7h000Htt<tSF0l4Q@3P0t0I,0*4D
!AIVDM,2,1,5,A,53M@D`42;N`4mMISH00Pu0E@uDp000000000000l2PG68<n60@B3mCQ8,0*5E
!AIVDM,2,2,5,A,43jCU0000000000,2*6A
!AIVDM,2,1,6,B,53:EIf42?QtwD9<G>21DpTtr0tqUR2222222220l1HF564M70<ihS1BH,0*3B
!AIVDM,2,2,6,B,888888888888880,2*21
!AIVDM,1,1,,A,13M@QnhOh1whOwPP2OiDEm3L0HKa,0*1A
!AIVDM,2,1,7,B,53M@D`42;N`4mMISH00Pu0E@uDp000000000000l2PG68<n60@B3mCQ8,0*5F
!AIVDM,2,2,7,B,43jCU0000000000,2*6B
!AIVDM,1,1,,B,13:EIf000vOiFtFP2de;`q=P0@L7,0*4C
!AIVDM,1,1,,A,402MN7h000Htt<tSF0l4Q@3P0t0I,0*4E
!AIVDM,2,1,8,A,53M@D`42;N`4mMISH00Pu0E@uDp000000000000l2PG68<n60@B3mCQ8,0*53
!AIVDM,2,2,8,A,43jCU0000000000,2*67
!AIVDM,1,1,,B,13:iFj3P00wiKMFP2Kv=sgwR0L0M,0*37
!AIVDM,2,1,9,B,53M@D`42;N`4mMISH00Pu0E@uDp000000000000l2PG684n60@B3mCQ8,0*59
!AIVDM,2,2,9,B,43jCU0000000000,2*65
!AIVDM,1,1,,B,402=ac1vU4i;iOhIhBP3BM?P2<0B,0*0A
!AIVDM,2,1,0,A,53M@D`42;N`4mMISH00Pu0E@uDp000000000000l2PG68<n60@B3mCQ8,0*5B
!AIVDM,2,2,0,A,43jCU0000000000,2*6F
!AIVDM,1,1,,B,B3P9QrP007t6>K`0au;Q3wqQjDi:,0*79
!AIVDM,1,1,,A,33M@DV5000OfuJ0P3UGdtiQV0DcJ,0*48
!AIVDM,1,1,,A,402MN7h000Htt<tSF0l4Q@3P0t0I,0*4E
!AIVDM,2,1,1,B,53M@D`42;N`4mMISH00Pu0E@uDp000000000000l2PG68<n60@B3mCQ8,0*59
!AIVDM,2,2,1,B,43jCU0000000000,2*6D
!AIVDM,1,1,,A,337SK61000Oiqa4P6ul007g`0Dv:,0*4B
!AIVDM,2,1,2,A,53M@D`42;N`4mMISH00Pu0E@uDp000000000000l2PG68<n60@B3mCQ8,0*59
!AIVDM,2,2,2,A,43jCU0000000000,2*6D
!AIVDM,2,1,3,B,53M@D`42;N`4mMISH00Pu0E@uDp000000000000l2PG68<n60@B3mCQ8,0*5B
!AIVDM,2,2,3,B,43jCU0000000000,2*6F
!AIVDM,1,1,,B,402MN7h000Htt<tSF0l4Q@3P0t0I,0*4D
!AIVDM,2,1,4,A,53M@D`42;N`4mMISH00Pu0E@uDp000000000000l2PG68<n60@B3mCQ8,0*5F
!AIVDM,2,2,4,A,43jCU0000000000,2*6B
!AIVDM,1,1,,A,402MN7h000Htt<tSF0l4Q@3P0t0I,0*4E
!AIVDM,1,1,,A,138Nsd0000OiKFHP2LA=4:1j08Q7,0*4F
!AIVDM,2,1,5,B,53M@D`42;N`4mMISH00Pu0E@uDp000000000000l2PG68<n60@B3mCQ8,0*5D
!AIVDM,2,2,5,B,43jCU0000000000,2*69
!AIVDM,2,1,6,A,53M@D`42;N`4mMISH00Pu0E@uDp000000000000l2PG68<n60@B3mCQ8,0*5D
!AIVDM,2,2,6,A,43jCU0000000000,2*69
!AIVDM,1,1,,A,13:EIf0P@vOiFlfP2e0KTa3l0D0S,0*49
!AIVDM,1,1,,B,33M@Qnh001whOwPP2OiLV51h031i,0*50
!AIVDM,1,1,,A,33dqcb5000Og5b2P3pS2J@sj0DbJ,0*47
!AIVDM,1,1,,B,402MN7h000Htt<tSF0l4Q@3P0t0J,0*4E
!AIVDM,2,1,7,B,53M@D`42;N`4mMISH00Pu0E@uDp000000000000l2PG68<n60@B3mCQ8,0*5F
!AIVDM,2,2,7,B,43jCU0000000000,2*6B
!AIVDM,1,1,,B,33M@QnhP@1whOwPP2OiLV51h00b@,0*39
!AIVDM,2,1,8,A,53M@D`42;N`4mMISH00Pu0E@uDp000000000000l2PG68<n60@B3mCQ8,0*53
!AIVDM,2,2,8,A,43jCU0000000000,2*67
!AIVDM,1,1,,A,33M@QnhP@1whOwPP2OiLV51h006@,0*6E
!AIVDM,2,1,9,B,53M@D`42;N`4mMISH00Pu0E@uDp000000000000l2PG68<n60@B3mCQ8,0*51
!AIVDM,2,2,9,B,43jCU0000000000,2*65
!AIVDM,1,1,,A,33M@QnhP@1whOwPP2OiLV51h029@,0*63
!AIVDM,1,1,,A,13:iFj3P00wiKMHP2Kv=sgv00<0M,0*29
!AIVDM,1,1,,A,33:EIf0P@vOiFj<P2e6cP90200H0,0*57
!AIVDM,1,1,,B,33:EIf0P@vOiFj<P2e6cP9020210,0*2F
!AIVDM,2,1,0,A,53M@D`42;N`4mMISH00Pu0E@uDp000000000000l2PG68<n60@B3mCQ8,0*5B
!AIVDM,2,2,0,A,43jCU0000000000,2*6F
!AIVDM,1,1,,B,402MN7h000Htt<tSF0l4Q@3P0t0I,0*4D
!AIVDM,2,1,1,B,53M@D`42;N`4mMISH00Pu0E@uDp000000000000l2PG684n60@B3mCQ8,0*51
!AIVDM,2,2,1,B,43jCU0000000000,2*6D
!AIVDM,1,1,,A,13MA4Bh000Oi@4hP2?gf46240@1c,0*46
!AIVDM,1,1,,A,33:EIf0P@vOiFgPP2e<;Ma0801;@,0*29
!AIVDM,1,1,,A,13:EQR000<OiDttP2h7cLHt800Sa,0*12
!AIVDM,1,1,,A,402MN7h000Htt<tSF0l4Q@3P0p2P,0*51
!AIVDM,2,1,2,A,53M@D`42;N`4mMISH00Pu0E@uDp000000000000l2PG684n60@B3mCQ8,0*51
!AIVDM,2,2,2,A,43jCU0000000000,2*6D
!AIVDM,2,1,3,B,53M@D`42;N`4mMISH00Pu0E@uDp000000000000l2PG68<n60@B3mCQ8,0*5B
!AIVDM,2,2,3,B,43jCU0000000000,2*6F
!AIVDM,1,1,,B,33M@QnhP@1OhOwPP2Oihhlv800vh,0*69
!AIVDM,2,1,4,A,53M@D`42;N`4mMISH00Pu0E@uDp000000000000l2PG68<n60@B3mCQ8,0*5F
!AIVDM,2,2,4,A,43jCU0000000000,2*6B
!AIVDM,2,1,5,B,53M@D`42;N`4mMISH00Pu0E@uDp000000000000l2PG68<n60@B3mCQ8,0*5D
!AIVDM,2,2,5,B,43jCU0000000000,2*69
!AIVDM,2,1,6,A,53M@D`42;N`4mMISH00Pu0E@uDp000000000000l2PG68<n60@B3mCQ8,0*5D
!AIVDM,2,2,6,A,43jCU0000000000,2*69
!AIVDM,1,1,,A,33M@QnhP@1OhOwRP2OirCTt<0000,0*79
!AIVDM,1,1,,A,402MN7h000Htt<tSF0l4Q@3P0t0I,0*4E
!AIVDM,1,1,,B,13:EIf000vOiFbrP2eE;JpvB084o,0*65
!AIVDM,2,1,7,B,53M@D`42;N`4mMISH00Pu0E@uDp000000000000l2PG68<n60@B3mCQ8,0*5F
!AIVDM,2,2,7,B,43jCU0000000000,2*6B
!AIVDM,1,1,,B,13MAjP0P00wi@2TP2?o4IOv@0d0C,0*58
!AIVDM,1,1,,B,402=ac1vU4i<9OhIhDP3BLgP2861,0*73
!AIVDM,2,1,8,A,53M@D`42;N`4mMISH00Pu0E@uDp000000000000l2PG68<n60@B3mCQ8,0*53
!AIVDM,2,2,8,A,43jCU0000000000,2*67
!AIVDM,1,1,,B,13:iFj3P00wiKMLP2KvMsgvD0H6A,0*54
!AIVDM,1,1,,A,33:EIf000vOiF`8P2eI;F`vH01kh,0*67
!AIVDM,2,1,9,B,53M@D`42;N`4mMISH00Pu0E@uDp000000000000l2PG68<n60@B3mCQ8,0*51
!AIVDM,2,2,9,B,43jCU0000000000,2*65
!AIVDM,1,1,,A,402MN7h000Htt<tSF0l4Q@3P0t0J,0*4D
!AIVDM,2,1,0,A,53M@D`42;N`4mMISH00Pu0E@uDp000000000000l2PG68<n60@B3mCQ8,0*5B
!AIVDM,2,2,0,A,43jCU0000000000,2*6F
!AIVDM,1,1,,B,33M@QnhOh1OhOwNP2Oib`TvD01oP,0*26
!AIVDM,2,1,1,B,53M@D`42;N`4mMISH00Pu0E@uDp000000000000l2PG68<n60@B3mCQ8,0*59
!AIVDM,2,2,1,B,43jCU0000000000,2*6D
!AIVDM,1,1,,B,13:EQR000>OiDrpP2h:cD8tL0<0K,0*55
!AIVDM,1,1,,B,402MN7h000Htt<tSF0l4Q@3P0t0J,0*4E
!AIVDM,1,1,,A,338Nsd0000OiKEpP2LC=4:0N05MS,0*24
!AIVDM,2,1,2,A,53M@D`42;N`4mMISH00Pu0E@uDp000000000000l2PG68<n60@B3mCQ8,0*59
!AIVDM,2,2,2,A,43jCU0000000000,2*6D
!AIVDM,1,1,,A,33M@Qnh000OhOwFP2OidSDvL00nP,0*26
!AIVDM,2,1,3,B,53M@D`42;N`4mMISH00Pu0E@uDp000000000000l2PG68<n60@B3mCQ8,0*5B
!AIVDM,2,2,3,B,43jCU0000000000,2*6F
!AIVDM,1,1,,A,402MN7h000Htt<tSF0l4Q@3P0t0J,0*4D
!AIVDM,1,1,,A,13:EIf0P@vOiFSTP2eP;E`nR0<0T,0*58
!AIVDM,2,1,4,A,53M@D`42;N`4mMISH00Pu0E@uDp000000000000l2PG684n60@B3mCQ8,0*57
!AIVDM,2,2,4,A,43jCU0000000000,2*6B
!AIVDM,1,1,,A,33M@QnhOh0OhOwFP2OidSE0L0000,0*78
!AIVDM,2,1,5,B,53M@D`42;N`4mMISH00Pu0E@uDp000000000000l2PG68<n60@B3mCQ8,0*5D
!AIVDM,2,2,5,B,43jCU0000000000,2*69
!AIVDM,1,1,,B,402MN7h000Htt<tSF0l4Q@3P0t0J,0*4E
!AIVDM,1,1,,B,33M@QnhOh0OhOwBP2OiVTm0P0000,0*7E
!AIVDM,2,1,6,A,53M@D`42;N`4mMISH00Pu0E@uDp000000000000l2PG68<n60@B3mCQ8,0*5D
!AIVDM,2,2,6,A,43jCU0000000000,2*69
!AIVDM,1,1,,B,33P5WB5000wiN7PP2>42l9DT0Deb,0*0B
!AIVDM,1,1,,A,13:iFj3P00wiKMRP2KvusgvV068h,0*3A
!AIVDM,2,1,7,B,53M@D`42;N`4mMISH00Pu0E@uDp000000000000l2PG68<n60@B3mCQ8,0*5F
!AIVDM,2,2,7,B,43jCU0000000000,2*6B
!AIVDM,1,1,,A,402=ac1vU4i<COhIh@P3BL?P28;p,0*1A
!AIVDM,2,1,8,A,53M@D`42;N`4mMISH00Pu0E@uDp000000000000l2PG68<n60@B3mCQ8,0*53
!AIVDM,2,2,8,A,43jCU0000000000,2*67
!AIVDM,1,1,,B,B4eHT0@007t66j80af?Q3wbQjGdJ,0*66
!AIVDM,2,1,9,B,53M@D`42;N`4mMISH00Pu0E@uDp000000000000l2PG68<n60@B3mCQ8,0*51
!AIVDM,2,2,9,B,43jCU0000000000,2*65
!AIVDM,1,1,,B,402MN7h000Htt<tSF0l4Q@3P0t0J,0*4E
!AIVDM,1,1,,A,13:EQR000>OiDq0P2h=sDHtf0D0K,0*20
!AIVDM,1,1,,A,33:EIf0P@vOiFLnP2eVs:8Vh00wh,0*63
!AIVDM,2,1,0,B,53P;UtD2;G3O8<4KF20I>10DL5=E>222222222162hv996p809k1BE28,0*27
!AIVDM,2,2,0,B,888888888888880,2*27
!AIVDM,2,1,1,A,53M@D`42;N`4mMISH00Pu0E@uDp000000000000l2PG68<n60@B3mCQ8,0*5A
!AIVDM,2,2,1,A,43jCU0000000000,2*6E
!AIVDM,2,1,2,B,53M@D`42;N`4mMISH00Pu0E@uDp000000000000l2PG68<n60@B3mCQ8,0*5A
!AIVDM,2,2,2,B,43jCU0000000000,2*6E
!AIVDM,1,1,,A,402MN7h000Htt<tSF0l4Q@3P0t0J,0*4D
!AIVDM,2,1,3,A,53M@D`42;N`4mMISH00Pu0E@uDp000000000000l2PG68<n60@B3mCQ8,0*58
!AIVDM,2,2,3,A,43jCU0000000000,2*6C
!AIVDM,1,1,,B,138Nsd0000OiKEjP2LAe4:0l0@?@,0*53
!AIVDM,1,1,,B,402MN7h000Htt<tSF0l4Q@3P0t0J,0*4E
!AIVDM,2,1,4,B,53M@D`42;N`4mMISH00Pu0E@uDp000000000000l2PG68<n60@B3mCQ8,0*5C
!AIVDM,2,2,4,B,43jCU0000000000,2*68
!AIVDM,1,1,,B,13:EIf0PA0OiFHdP2ea:upTp0@@>,0*59
!AIVDM,1,1,,A,13M@Qnh000OhOw@P2OiRVm2l0@@T,0*06
!AIVDM,2,1,5,A,53M@D`42;N`4mMISH00Pu0E@uDp000000000000l2PG68<n60@B3mCQ8,0*5E
!AIVDM,2,2,5,A,43jCU0000000000,2*6A
!AIVDM,2,1,6,B,53M@D`42;N`4mMISH00Pu0E@uDp000000000000l2PG68<n60@B3mCQ8,0*5E
!AIVDM,2,2,6,B,43jCU0000000000,2*6A
!AIVDM,2,1,7,A,53M@D`42;N`4mMISH00Pu0E@uDp000000000000l2PG684n60@B3mCQ8,0*54
!AIVDM,2,2,7,A,43jCU0000000000,2*68
!AIVDM,1,1,,B,13MAjP0P00wi@2FP2?o4IOvp0P0l,0*61
!AIVDM,1,1,,B,402=ac1vU4i<MOhIhBP3BL?P28Ag,0*78
!AIVDM,1,1,,B,13:iFj3P00wiKMVP2Kvusgvt0@Ah,0*10
!AIVDM,1,1,,A,33:EIf0011OiFEdP2ebJrHVv01n@,0*2D
!AIVDM,2,1,8,B,53M@D`42;N`4mMISH00Pu0E@uDp000000000000l2PG684n60@B3mCQ8,0*58
!AIVDM,2,2,8,B,43jCU0000000000,2*64
!AIVDM,2,1,9,A,53M@D`42;N`4mMISH00Pu0E@uDp000000000000l2PG68<n60@B3mCQ8,0*52
!AIVDM,2,2,9,A,43jCU0000000000,2*66
!AIVDM,1,1,,A,402MN7h000Htt<tSF0l4Q@3P0t0J,0*4D
!AIVDM,2,1,0,B,53M@D`42;N`4mMISH00Pu0E@uDp000000000000l2PG68<n60@B3mCQ8,0*58
!AIVDM,2,2,0,B,43jCU0000000000,2*6C
!AIVDM,1,1,,B,33:EIf0013OiFBbP2ecJmpU400vP,0*43
!AIVDM,2,1,1,A,53M@D`42;N`4mMISH00Pu0E@uDp000000000000l2PG68<n60@B3mCQ8,0*5A
!AIVDM,2,2,1,A,43jCU0000000000,2*6E
!AIVDM,1,1,,B,402MN7h000Htt<tSF0l4Q@3P0t0J,0*4E
!AIVDM,1,1,,B,13:EQR000>OiDndP2hAKB`u60<0K,0*2B
!AIVDM,2,1,2,B,53M@D`42;N`4mMISH00Pu0E@uDp000000000000l2PG68<n60@B3mCQ8,0*5A
!AIVDM,2,2,2,B,43jCU0000000000,2*6E
!AIVDM,1,1,,A,138Nsd0000OiKEjP2LA=4:18068h,0*04
!AIVDM,1,1,,A,402MN7h000Htt<tSF0l4Q@3P0t0J,0*4D
!AIVDM,2,1,3,A,53M@D`42;N`4mMISH00Pu0E@uDp000000000000l2PG68<n60@B3mCQ8,0*58
!AIVDM,2,2,3,A,43jCU0000000000,2*6C
!AIVDM,1,1,,A,E>jHE7?6Rb@1:WdP00000000000OpTea@2LtP10888j@20,4*4C
!AIVDM,2,1,4,A,54S7qJ82EcoQK8MS:21<htl4r0PD8F222222221@?0I>652k0EkS0CDw,0*07
!AIVDM,2,2,4,A,QhQlQp888888880,2*05
!AIVDM,2,1,5,B,53M@D`42;N`4mMISH00Pu0E@uDp000000000000l2PG68<n60@B3mCQ8,0*5D
!AIVDM,2,2,5,B,43jCU0000000000,2*69
!AIVDM,1,1,,A,13:EIf0PA5OiF>NP2ef:p8K<0<0T,0*7C
!AIVDM,1,1,,B,E>jHE7?6Rb@1:WdP00000000000OpTea@2LtP10888jh20,4*67
!AIVDM,1,1,,B,13M@Qnh001OhOw>P2OiT?m180@F3,0*23
!AIVDM,1,1,,B,402MN7h000Htt<tSF0l4Q@3P0t0J,0*4E
!AIVDM,2,1,6,A,8>jHE700Gh00F`00;I<C?wvlFR06F2wwgwl?wnP1FQ@26b05DH0>9?Gm,0*54
!AIVDM,2,2,6,A,wvuP0000000,2*06
!AIVDM,2,1,7,A,53M@D`42;N`4mMISH00Pu0E@uDp000000000000l2PG68<n60@B3mCQ8,0*5C
!AIVDM,2,2,7,A,43jCU0000000000,2*68
!AIVDM,1,1,,B,H3P9QrQ5DDDq<HE99V08DhhD000,2*18
!AIVDM,2,1,8,B,8>jHE700Gh00F`00;I<C?wvlFR06F2wwgwl?wnP1FQ@26b05DH0>9?Gm,0*59
!AIVDM,2,2,8,B,wvuP0000000,2*0B
!AIVDM,2,1,9,B,53M@D`42;N`4mMISH00Pu0E@uDp000000000000l2PG68<n60@B3mCQ8,0*51
!AIVDM,2,2,9,B,43jCU0000000000,2*65
!AIVDM,1,1,,B,33:EIf0PA7OiF;6P2ehJo8G@0220,0*7B
!AIVDM,1,1,,A,13:iFj3P00wiKMVP2Kvusgw@0HGj,0*2A
!AIVDM,2,1,0,A,53M@D`42;N`4mMISH00Pu0E@uDp000000000000l2PG68<n60@B3mCQ8,0*5B
!AIVDM,2,2,0,A,43jCU0000000000,2*6F
!AIVDM,2,1,1,B,53M@D`42;N`4mMISH00Pu0E@uDp000000000000l2PG68<n60@B3mCQ8,0*59
!AIVDM,2,2,1,B,43jCU0000000000,2*6D
!AIVDM,1,1,,B,402MN7h000Htt<tSF0l4Q@3P0t0J,0*4E
!AIVDM,1,1,,A,13:EQR000>OiDlpP2hDc>`uF0@Hs,0*23
!AIVDM,1,1,,A,33:EIf0017OiF7jP2eg:`pGF011h,0*5E
!AIVDM,2,1,2,A,53M@D`42;N`4mMISH00Pu0E@uDp000000000000l2PG68<n60@B3mCQ8,0*59
!AIVDM,2,2,2,A,43jCU0000000000,2*6D
!AIVDM,2,1,3,B,53M@D`42;N`4mMISH00Pu0E@uDp000000000000l2PG684n60@B3mCQ8,0*53
!AIVDM,2,2,3,B,43jCU0000000000,2*6F
!AIVDM,1,1,,A,402MN7h000Htt<tSF0l4Q@3P0t0J,0*4D
!AIVDM,2,1,4,A,53M@D`42;N`4mMISH00Pu0E@uDp000000000000l2PG68<n60@B3mCQ8,0*5F
!AIVDM,2,2,4,A,43jCU0000000000,2*6B
!AIVDM,1,1,,B,138Nsd0000OiKF2P2L@e4:1L0HJV,0*43
!AIVDM,1,1,,B,402MN7h000Htt<tSF0l4Q@3P0t0J,0*4E
!AIVDM,1,1,,A,B3M@Gf@00?t6>e80a:LAswo5oP06,0*24
!AIVDM,2,1,5,B,53M@D`42;N`4mMISH00Pu0E@uDp000000000000l2PG68<n60@B3mCQ8,0*5D
!AIVDM,2,2,5,B,43jCU0000000000,2*69
!AIVDM,1,1,,A,33M@Qnh001OhOwBP2OiDa4wL06S3,0*18
!AIVDM,2,1,6,A,53M@D`42;N`4mMISH00Pu0E@uDp000000000000l2PG68<n60@B3mCQ8,0*5D
!AIVDM,2,2,6,A,43jCU0000000000,2*69
!AIVDM,2,1,7,A,53ewh282E6P?TP7C;SDTpDu>0TqADU@Ttr22221@AhVE653?0FEDj3mO,0*22
!AIVDM,2,2,7,A,QhQlQp888888880,2*06
!AIVDM,2,1,8,B,53M@D`42;N`4mMISH00Pu0E@uDp000000000000l2PG68<n60@B3mCQ8,0*50
!AIVDM,2,2,8,B,43jCU0000000000,2*64
!AIVDM,1,1,,B,13:EIf0Oi9OiF20P2ef:V8OP0<0T,0*78
!AIVDM,1,1,,A,402MN7h000Htt<tSF0l4Q@3P0t0J,0*4D
!AIVDM,2,1,9,A,53M@D`42;N`4mMISH00Pu0E@uDp000000000000l2PG68<n60@B3mCQ8,0*52
!AIVDM,2,2,9,A,43jCU0000000000,2*66
!AIVDM,1,1,,B,13:iFj3P00wiKMTP2KvMsgwR0HM@,0*21
!AIVDM,1,1,,A,33:EIf0Oi:OiEwTP2efbV`ST0260,0*2C
!AIVDM,1,1,,B,402=ac1vU4i<iOhIhJP3BLgP28MM,0*2A
!AIVDM,2,1,0,B,53M@D`42;N`4mMISH00Pu0E@uDp000000000000l2PG68<n60@B3mCQ8,0*58
!AIVDM,2,2,0,B,43jCU0000000000,2*6C
!AIVDM,2,1,1,A,53M@D`42;N`4mMISH00Pu0E@uDp000000000000l2PG68<n60@B3mCQ8,0*5A
!AIVDM,2,2,1,A,43jCU0000000000,2*6E
!AIVDM,1,1,,A,33M@du5000OhnwNP3vmK9PsT0Drb,0*56
!AIVDM,2,1,2,A,538Nsd42CfhgD9AGF20M1>05HDpLE:222222220l10C274Od07S1BE28,0*07
!AIVDM,2,2,2,A,14QA1iH3l4p8880,2*00
!AIVDM,1,1,,A,402MN7h000Htt<tSF0l4Q@3P0t0J,0*4D
!AIVDM,2,1,3,B,53M@D`42;N`4mMISH00Pu0E@uDp000000000000l2PG68<n60@B3mCQ8,0*5B
!AIVDM,2,2,3,B,43jCU0000000000,2*6F
!AIVDM,1,1,,B,33:EIf001;OiErfP2ehbc8Sd00wP,0*4E
!AIVDM,2,1,4,A,53M@D`42;N`4mMISH00Pu0E@uDp000000000000l2PG68<n60@B3mCQ8,0*5F
!AIVDM,2,2,4,A,43jCU0000000000,2*6B
!AIVDM,1,1,,B,402MN7h000Htt<tSF0l4Q@3P0t0J,0*4E
!AIVDM,1,1,,B,33P;D0E000OhH4FP2UF<v61d0000,0*0A
!AIVDM,2,1,5,B,53M@D`42;N`4mMISH00Pu0E@uDp000000000000l2PG68<n60@B3mCQ8,0*5D
!AIVDM,2,2,5,B,43jCU0000000000,2*69
!AIVDM,2,1,6,A,53MAGG82<2g@lDiWT00dtll4p@u:1=E<4p00000O2Q0::52C0=S1BE20,0*10
!AIVDM,2,2,6,A,000000000000000,2*22
!AIVDM,2,1,7,A,53M@D`42;N`4mMISH00Pu0E@uDp000000000000l2PG68<n60@B3mCQ8,0*5C
!AIVDM,2,2,7,A,43jCU0000000000,2*68
!AIVDM,1,1,,A,402MN7h000Htt<tSF0l4Q@3P0t0K,0*4C
!AIVDM,1,1,,A,138Nsd0000OiKFBP2L@M4:1j068h,0*0C
!AIVDM,2,1,8,B,53M@D`42;N`4mMISH00Pu0E@uDp000000000000l2PG684n60@B3mCQ8,0*58
!AIVDM,2,2,8,B,43jCU0000000000,2*64
!AIVDM,1,1,,A,13:EIf0PA=OiEo6P2ejbf8Ol0@Qh,0*69
!AIVDM,1,1,,B,33M@Qnh000whOwJP2OiL7lwh02lA,0*41
!AIVDM,1,1,,B,402MN7h000Htt<tSF0l4Q@3P0t0K,0*4F
!AIVDM,2,1,9,A,53M@D`42;N`4mMISH00Pu0E@uDp000000000000l2PG684n60@B3mCQ8,0*5A
!AIVDM,2,2,9,A,43jCU0000000000,2*66
!AIVDM,2,1,0,B,53M@D`42;N`4mMISH00Pu0E@uDp000000000000l2PG68<n60@B3mCQ8,0*58
!AIVDM,2,2,0,B,43jCU0000000000,2*6C
!AIVDM,2,1,1,A,53M@D`42;N`4mMISH00Pu0E@uDp000000000000l2PG68<n60@B3mCQ8,0*5A
!AIVDM,2,2,1,A,43jCU0000000000,2*6E
!AIVDM,1,1,,A,13:iFj3P00wiKMRP2Kv=sgv0080D,0*3E
!AIVDM,1,1,,B,33:EIf0PA>OiEk`P2ekrcpJ201m0,0*2B
!AIVDM,2,1,2,B,53M@D`42;N`4mMISH00Pu0E@uDp000000000000l2PG68<n60@B3mCQ8,0*5A
!AIVDM,2,2,2,B,43jCU0000000000,2*6E
!AIVDM,2,1,3,B,53MAf3H2EV<HlLqWR210E@E8Dj2222222222220l1H=5751F0>53mhAi,0*1B
!AIVDM,2,2,3,B,H3l4p8888888880,2*4F
!AIVDM,1,1,,B,H3MBj@hHu9@R04AHDqAE8E80000,2*7E
!AIVDM,1,1,,B,402MN7h000Htt<tSF0l4Q@3P0t0J,0*4E
!AIVDM,2,1,4,A,53M@D`42;N`4mMISH00Pu0E@uDp000000000000l2PG68<n60@B3mCQ8,0*5F
!AIVDM,2,2,4,A,43jCU0000000000,2*6B
!AIVDM,1,1,,A,13MA4Bh000Oi@4LP2?gf46440<0C,0*39
!AIVDM,2,1,5,B,53M@D`42;N`4mMISH00Pu0E@uDp000000000000l2PG68<n60@B3mCQ8,0*5D
!AIVDM,2,2,5,B,43jCU0000000000,2*69
!AIVDM,1,1,,A,402MN7h000Htt<tSF0l4Q@3P0p2P,0*51
!AIVDM,1,1,,A,33:EIf0Oi?OiEg0P2emJa8L:00ph,0*7C
!AIVDM,2,1,6,A,53M@D`42;N`4mMISH00Pu0E@uDp000000000000l2PG68<n60@B3mCQ8,0*5D
!AIVDM,2,2,6,A,43jCU0000000000,2*69
!AIVDM,1,1,,B,34hIiw5000OiLc`P25sbOAJ60000,0*45
!AIVDM,2,1,7,B,53M@D`42;N`4mMISH00Pu0E@uDp000000000000l2PG68<n60@B3mCQ8,0*5F
!AIVDM,2,2,7,B,43jCU0000000000,2*6B
!AIVDM,1,1,,B,138Nsd0000OiKFDP2L@e4:0<0D0W,0*33
!AIVDM,2,1,8,A,53M@D`42;N`4mMISH00Pu0E@uDp000000000000l2PG68<n60@B3mCQ8,0*53
!AIVDM,2,2,8,A,43jCU0000000000,2*67
!AIVDM,2,1,9,B,53M@D`42;N`4mMISH00Pu0E@uDp000000000000l2PG68<n60@B3mCQ8,0*51
!AIVDM,2,2,9,B,43jCU0000000000,2*65
!AIVDM,1,1,,A,402MN7h000Htt<tSF0l4Q@3P0t0J,0*4D
!AIVDM,1,1,,B,13:EIf0Oi@OiEb:P2enJV`TB068l,0*4B
!AIVDM,2,1,0,A,53M@D`42;N`4mMISH00Pu0E@uDp000000000000l2PG68<n60@B3mCQ8,0*5B
!AIVDM,2,2,0,A,43jCU0000000000,2*6F
!AIVDM,2,1,1,B,53M@D`42;N`4mMISH00Pu0E@uDp000000000000l2PG68<n60@B3mCQ8,0*59
!AIVDM,2,2,1,B,43jCU0000000000,2*6D
!AIVDM,1,1,,B,33mRVH5000OiOpRP26MEl3lD0DuJ,0*2A
!AIVDM,1,1,,B,13MAjP0P00wi@2FP2?o4IOv@0`5u,0*7D
!AIVDM,1,1,,B,402=ac1vU4i=9OhIhFP3BMOP268l,0*04
!AIVDM,1,1,,B,13:iFj3P00wiKMRP2KuusgvD0D0M,0*77
!AIVDM,2,1,2,A,53M@D`42;N`4mMISH00Pu0E@uDp000000000000l2PG684n60@B3mCQ8,0*51
!AIVDM,2,2,2,A,43jCU0000000000,2*6D
!AIVDM,2,1,3,B,53M@D`42;N`4mMISH00Pu0E@uDp000000000000l2PG68<n60@B3mCQ8,0*5B
!AIVDM,2,2,3,B,43jCU0000000000,2*6F
!AIVDM,1,1,,A,402MN7h000Htt<tSF0l4Q@3P0t0J,0*4D
!AIVDM,2,1,4,A,53M@D`42;N`4mMISH00Pu0E@uDp000000000000l2PG68<n60@B3mCQ8,0*5F
!AIVDM,2,2,4,A,43jCU0000000000,2*6B
!AIVDM,1,1,,B,33:EQR000=OiDfdP2hKs1I0L04ck,0*0E
!AIVDM,2,1,5,B,53M@D`42;N`4mMISH00Pu0E@uDp000000000000l2PG68<n60@B3mCQ8,0*5D
!AIVDM,2,2,5,B,43jCU0000000000,2*69
!AIVDM,1,1,,B,402MN7h000Htt<tSF0l4Q@3P0t0K,0*4F
!AIVDM,2,1,6,A,53M@D`42;N`4mMISH00Pu0E@uDp000000000000l2PG68<n60@B3mCQ8,0*5D
!AIVDM,2,2,6,A,43jCU0000000000,2*69
!AIVDM,1,1,,A,138Nsd0000OiKFRP2L>M4:0N0@8g,0*3E
