!AIVDM,1,1,,A,18IsCb0Oj1wl2L4P78w3B2q600Rr,0*4D
!AIVDM,1,1,,B,18IsCb0Oj0wl2klP791SIRwN08Ki,0*08
!AIVDM,1,1,,B,13M2?H02Aowlt20P84HrM`MV0<0O,0*4D
!AIVDM,1,1,,A,18IsCb0Oj0wl35tP78w3NS1j0<0V,0*4F
!AIVDM,1,1,,A,13M2?H021owlsiRP84ErN8L20L0O,0*43
!AIVDM,1,1,,B,18IsCb0Oiwwl3I`P78r3SS6>060l,0*1B
!AIVDM,1,1,,B,13M2?H02AowlsO>P84CJKpLF0D0O,0*75
!AIVDM,1,1,,A,18IsCb0Oiwwl3a@P78m3`S:N0H9h,0*33
!AIVDM,1,1,,A,13M2?H021nwls<jP84?rM`N`0<0N,0*2F
!AIVDM,1,1,,B,18IsCb0Oiwwl3ttP78c3eS<j0<0V,0*7B
!AIVDM,1,1,,B,13M2?H0vinwlrr8P84;:O8Nv060l,0*05
!AIVDM,1,1,,A,18IsCb001wwl4@DP78NSjS?40<0V,0*43
!AIVDM,1,1,,B,18IsCb001wwl4WLP78:SoSAL060l,0*18
!AIVDM,1,1,,A,18IsCb001wwl4rlP77nStSCh08Qh,0*13
!AIVDM,1,1,,B,18IsCb001wwl5><P77RSw3B<00SF,0*23
!AIVDM,1,1,,A,13Ih<k0025Om1<nP6W5bw8lB0@4m,0*3A
!AIVDM,1,1,,A,18IsCb001wwl5MPP77A41SDL0D0V,0*1C
!AIVDM,1,1,,B,18IsCb0020wl5l`P76mT43Dl08@0,0*28
!AIVDM,1,1,,A,13Ih<k0024Om0PbP6Wkrvplv08Ab,0*6B
!AIVDM,1,1,,A,18IsCb0020wl680P76O443E808EG,0*49
!AIVDM,1,1,,A,34`Uui1001OlQ1LP5LVpL9?H0Dr:,0*36
!AIVDM,1,1,,B,18IsCb0020wl6IPP76;443EL00S<,0*3E
!AIVDM,1,1,,A,13Ih<k01j5OlwpHP6`Ls08oL00Sm,0*4C
!AIVDM,1,1,,A,18IsCb0021wl6dpP75lT43Ch060p,0*0E
!AIVDM,1,1,,B,13Ih<k0026Olw`DP6`e:wHon08RC,0*5B
!AIVDM,1,1,,A,13M2?H0uAnwlpCVP846JW8N00D0O,0*02
!AIVDM,1,1,,B,18IsCb0021wl70@P75N443B<0D0V,0*2B
!AIVDM,1,1,,A,18IsCb0021wl7C`P757T43BP0@9h,0*3D
!AIVDM,1,1,,B,18IsCb0021wl7WDP74i443Bj060t,0*68
!AIVDM,1,1,,A,18IsCb0022wl7rdP74JT43C6060t,0*73
!AIVDM,1,1,,B,13Ih<k01j5OlvCnP6b4c0pm@0D0b,0*6F
!AIVDM,1,1,,B,18IsCb0022wl8>HP744443CJ0HKk,0*67
!AIVDM,1,1,,A,18IsCb0022wl8R4P73eT43Cf00S1,0*54
!AIVDM,1,1,,B,18IsCb0022wl8mhP73G443B:0@4P,0*5D
!AIVDM,1,1,,A,18IsCb0022wl9;DP72v443BP0<0V,0*01
!AIVDM,1,1,,B,18IsCb0022wl9O0P72WT43Bl00SU,0*13
!AIVDM,1,1,,A,18IsCb0022wl9hlP72CT43C800SK,0*34
!AIVDM,1,1,,B,18IsCb0023wl:4PP71rT43CL0D0V,0*19
!AIVDM,1,1,,B,13M2?H01inwlm:>P83WrP8QT0@MJ,0*3F
!AIVDM,1,1,,B,13Ih<k0v24Olsn`P6dW:w8mn00Sv,0*49
!AIVDM,1,1,,A,13M2?H0tinwllorP83V:RHN20<0N,0*26
!AIVDM,1,1,,B,18IsCb0023wl:g`P718T43B>0<0W,0*3A
!AIVDM,1,1,,A,18IsCb0023wl:wTP70o443BN089h,0*69
!AIVDM,1,1,,B,13Ih<k0024Ols<@P6eBK0`l`0<0b,0*73
!AIVDM,1,1,,B,18IsCb0023wl;G0P70KT43Bn0@@K,0*79
!AIVDM,1,1,,A,18IsCb0023wl;VtP70:443C60HE`,0*41
!AIVDM,1,1,,B,34`Uui10@1OlPwfP5LQ8L9AB0E8J,0*28
!AIVDM,1,1,,B,18IsCb0023wl;r`P6wi443CJ0@Kk,0*16
!AIVDM,1,1,,A,18IsCb0023wl<>DP6wJT43Cj0D0W,0*5A
!AIVDM,1,1,,B,18IsCb0023wl<V4P6vw443B>084P,0*37
!AIVDM,1,1,,A,13Ih<k0225OlqcJP6flrwpl:00Sg,0*57
!AIVDM,1,1,,A,18IsCb0023wl<mdP6veT43BN0618,0*3E
!AIVDM,2,1,0,B,58IsCb42>a<sUK?K3R098v04LpE>22222222221@>@N@74eF0DDSm51DQ0CH,0*1C
!AIVDM,2,2,0,B,1Sl`3lQ1D`0,2*52
!AIVDM,1,1,,B,18IsCb0022wl=;@P6vDT43Bn0<0V,0*2B
!AIVDM,1,1,,A,13Ih<k0v24Olq0pP6gObwHlr0D0d,0*2D
!AIVDM,1,1,,B,13M2?H03Aowlj@fP830rC`G00@Be,0*4F
!AIVDM,1,1,,A,38IsCb0022wl=JpP6v0T43C60Bc=,0*00
!AIVDM,1,1,,B,18IsCb0022wl=fTP6ub443CN0<0V,0*06
!AIVDM,1,1,,A,13Ih<k0024OlpD`P6h<bwHmV00R3,0*16
!AIVDM,1,1,,A,18IsCb0022wl>60P6u>T43Ch0@QW,0*34
!AIVDM,1,1,,B,18IsCb0022wl>IdP6tp443B<061<,0*1B
!AIVDM,1,1,,B,13M2?H001nwli7DP82OJHpJH0@6c,0*31
!AIVDM,1,1,,A,18IsCb0022wl>aDP6tVT43BL00S6,0*48
!AIVDM,1,1,,B,18IsCb0022wl?0hP6t;443Bl08@K,0*7C
!AIVDM,1,1,,A,13Ih<k0vB5Olo:FP6iIJv`lr0@@W,0*30
!AIVDM,1,1,,A,18IsCb0022wl?@HP6so443C80@E`,0*7F
!AIVDM,1,1,,B,13Ih<k0vB4Olnh@P6ilc08m@061<,0*2A
!AIVDM,1,1,,A,13M2?H0vAowlhARP82@rKpKB0<0O,0*0D
!AIVDM,1,1,,B,18IsCb0022wl?WlP6sKT43CL08Kk,0*02
!AIVDM,1,1,,A,13Ih<k0vB4OlnN<P6j8:wpmJ0<0d,0*2B
!AIVDM,1,1,,B,13M2?H01Aowlgw<P82<rK`KT061<,0*1C
!AIVDM,1,1,,A,18IsCb0021wl?s<P6s5443Ch0<0V,0*0E
!AIVDM,1,1,,B,13Ih<k01B4Oln84P6jOJwHoh061@,0*21
!AIVDM,1,1,,A,13M2?H0u1owlgdnP828rL8J200S5,0*3B
!AIVDM,2,1,1,B,54`Uui42DaOL?H<oV2118TlE8v2222222222221AH`OBL4LDNNi5CPPD`0CP,0*69
!AIVDM,2,2,1,B,j3lPAiH8880,2*1B
!AIVDM,1,1,,B,18IsCb0022wl@>pP6ri443B<00Rn,0*2E
!AIVDM,1,1,,A,18IsCb0022wl@N<P6rM443BL0D0U,0*68
!AIVDM,1,1,,B,13Ih<k0vB6OlmQhP6k6bw8l`00S0,0*6D
!AIVDM,1,1,,B,18IsCb0022wl@khP6r4443Bp061@,0*39
!AIVDM,1,1,,B,13M2?H0viowlfk`P81t:IHHv08Be,0*1E
!AIVDM,1,1,,A,18IsCb0021wlA78P6qeT43C80<0U,0*51
!AIVDM,1,1,,B,13Ih<k0024OllsRP6kdbv8o@00S0,0*30
!AIVDM,1,1,,A,13M2?H031owlfRvP81nJH`IB08H0,0*06
!AIVDM,1,1,,A,34`Uui1001OlPv:P5LDH<qGJ0Dc:,0*7F
!AIVDM,1,1,,B,18IsCb0021wlAJlP6qG443CL061@,0*53
!AIVDM,1,1,,A,13Ih<k0225OllWLP6l2JvpmR08LD,0*48
!AIVDM,1,1,,B,13M2?H03Aowlf@PP81gJFpKR00Sv,0*11
!AIVDM,1,1,,A,18IsCb0021wlAf<P6q0T43Cf08QW,0*68
!AIVDM,1,1,,A,13M2?H02iowleunP81`JHpL00@0I,0*73
!AIVDM,1,1,,A,13Ih<k0026Olku@P6lgJwHnD0D0b,0*3F
!AIVDM,1,1,,A,18IsCb0021wlBE@P6pA443BN0@9d,0*2E
!AIVDM,1,1,,B,13Ih<k0vj6OlkbjP6m3Ju`lV0L0b,0*78
!AIVDM,1,1,,A,13M2?H001owleHpP81MrKpN`061D,0*34
!AIVDM,1,1,,B,18IsCb0021wlB``P6orT43Bn00RG,0*7C
!AIVDM,1,1,,A,13Ih<k0uB6OlkFbP6mHbt`lh08@W,0*21
!AIVDM,1,1,,A,18IsCb0021wlBt0P6oT443C608E`,0*1C
!AIVDM,1,1,,A,13M2?H0uAowldl:P81KbQ`KB061D,0*55
!AIVDM,1,1,,B,18IsCb0021wlC?HP6o=T43CJ00Rb,0*45
!AIVDM,1,1,,A,13Ih<k0vB4OljetP6n3;0`mR061D,0*26
!AIVDM,1,1,,B,13M2?H001pwldOlP81IrOHI`0HN>,0*76
!AIVDM,1,1,,A,18IsCb0021wlCRhP6nlT43Cf061D,0*34
!AIVDM,1,1,,B,18IsCb0021wlCl@P6nPT43B:0<0V,0*59
!AIVDM,1,1,,B,13M2?H0vAowlcrrP81BJJ`HH061H,0*3B
!AIVDM,1,1,,A,18IsCb0021wlD7`P6n:443BN0<0V,0*58
!AIVDM,1,1,,B,13Ih<k01j4OlihtP6o2bv`lV0H:u,0*1A
!AIVDM,1,1,,A,13M2?H001owlcbDP81>:JpH`00TA,0*76
!AIVDM,1,1,,B,18IsCb0021wlDK0P6mi443Bj0D0V,0*7B
!AIVDM,1,1,,A,13Ih<k0026OliNdP6oEbvplr061H,0*7F
!AIVDM,1,1,,A,18IsCb0021wlDfHP6mJT6SC6061H,0*3C
!AIVDM,1,1,,B,13Ih<k01B6Oli8hP6od;2`o@0@G4,0*16
!AIVDM,1,1,,B,18IsCb0021wlE1hP6m1T6SCH0HKC,0*43
!AIVDM,1,1,,B,13M2?H001pwlbiBP810rJHK`0D0P,0*1A
!AIVDM,1,1,,A,18IsCb0021wlEI<P6lV443Ch00SN,0*45
!AIVDM,1,1,,B,18IsCb0021wlE`lP6lDT43B<084<,0*05
!AIVDM,1,1,,A,13Ih<k02j7Olh;tP6pcs2`nD0<0`,0*2B
!AIVDM,1,1,,B,13M2?H031owlb<6P80n:IpLF00Rj,0*06
!AIVDM,1,1,,A,18IsCb0021wlEwtP6kq443BP089d,0*62
!AIVDM,1,1,,B,13Ih<k0v26OlgmjP6q3c08lV0D0`,0*01
!AIVDM,1,1,,B,18IsCb0021wlFCDP6kP443Bl0@?`,0*01
!AIVDM,1,1,,A,18IsCb0021wlFVdP6k9T6SC800SB,0*37
!AIVDM,1,1,,B,34`Uui1001OlPu4P5L7`<qMH0DbJ,0*53
!AIVDM,1,1,,A,13Ih<k0026OlfntP6r7K0poL0<0b,0*5C
!AIVDM,1,1,,B,13M2?H001pwla1:P80a:PpOb0@N>,0*11
!AIVDM,1,1,,A,18IsCb0021wlG;TP6jLT6SCl0HQs,0*00
!AIVDM,2,1,2,A,53Ih<k02>K2`Hlhn220<P4q@4<v222222222221@>pH:=4dieEilPCQiCCmE,0*1A
!AIVDM,2,2,2,A,28888888880,2*2C
!AIVDM,1,1,,A,13Ih<k0vB8Olf@DP6ris1HlD085J,0*07
!AIVDM,2,1,3,A,58IsCb42>a<sUK?K3R098v04LpE>22222222221@>@N@74eF0DDSm51DQ0CH,0*1C
!AIVDM,2,2,3,A,1Sl`3lQ1D`0,2*52
!AIVDM,1,1,,B,38IsCb0021wlH5dP6iD443Bj0D;=,0*16
!AIVDM,1,1,,A,13Ih<k01j5OleadP6sJc28lh0@@p,0*3D
!AIVDM,1,1,,A,18IsCb0021wlHI4P6hs46SC60@Eh,0*1D
!AIVDM,1,1,,B,18IsCb0021wlHdLP6hR46SCJ0@KC,0*33
!AIVDM,1,1,,A,18IsCb0021wlHwlP6h;T6SCj0D0V,0*40
!AIVDM,1,1,,B,18IsCb0021wlIC<P6gjT6SB:00S>,0*56
!AIVDM,1,1,,A,13Ih<k0vj4OldDVP6tl;28l<061T,0*63
!AIVDM,1,1,,B,13M2?H0vApwlVe`P80QrQ8LH0H6C,0*0B
!AIVDM,1,1,,A,13Ih<k0226Olcf:P6uMc1Hnr0<0d,0*48
!AIVDM,1,1,,B,13Ih<k0v26OlcKvP6ui;18m8061T,0*10
!AIVDM,1,1,,A,13M2?H0tipwlUm2P80O:QHID061T,0*3A
!AIVDM,1,1,,B,13M2?H0u1qwlUPDP80LrOpG`08N>,0*76
!AIVDM,1,1,,B,13Ih<k0vB6Olbg6P6vQK18mh00S@,0*66
!AIVDM,1,1,,B,13M2?H0vApwlTuHP80F:IpDF0D0S,0*22
!AIVDM,1,1,,B,13Ih<k0vB8Olb8FP6w:c0plN08:u,0*3F
!AIVDM,1,1,,B,18IsCb0021wlKd0P6dqT6SBh061`,0*0F
!AIVDM,1,1,,B,13M2?H02ipwlTFvP809bEpE208BW,0*17
!AIVDM,1,1,,A,18IsCb0021wlKwHP6dS443C808Eh,0*64
!AIVDM,1,1,,B,13Ih<k0025OlaQpP6wlc0Ho@00S7,0*18
!AIVDM,1,1,,B,18IsCb0021wlLFPP6d5443CL08KC,0*7E
!AIVDM,1,1,,A,18IsCb0021wlLapP6cfT43Ch0<0S,0*05
!AIVDM,1,1,,B,13Ih<k0vj3Ol`q6P70Qc1pn00<0c,0*6F
!AIVDM,1,1,,B,18IsCb0021wlLu@P6cET6SB<0<0S,0*36
!AIVDM,1,1,,B,13Ih<k0027Ol`@VP71>K2`nV061d,0*1B
!AIVDM,1,1,,B,18IsCb0021wlMOtP6b`T6SBh00S;,0*4E
!AIVDM,1,1,,B,13Ih<k0026OlWT>P71wK1`o@0HG1,0*51
!AIVDM,1,1,,B,18IsCb0021wlN8TP6anT6SCL061d,0*09
!AIVDM,1,1,,B,E8VFNB1aRR1Wspr000000000000Oq:8;@43gaJ;GOHq@20,4*43
!AIVDM,1,1,,B,13M2?H021owlR22P7wNJNpK`00RW,0*3E
!AIVDM,1,1,,A,18IsCb0021wlNK`P6aP46SCh08Qs,0*4E
!AIVDM,1,1,,B,13Ih<k0vB7OlVv0P72a;18l008Rh,0*39
!AIVDM,1,1,,B,18IsCb0021wlNg0P6a746SB:084@,0*53
!AIVDM,1,1,,A,13Ih<k01j6OlVcpP72uc48nB0<0c,0*55
!AIVDM,1,1,,B,13Ih<k01j6OlVGTP73Cc1plV00SR,0*64
!AIVDM,1,1,,B,18IsCb0021wlOEhP6`GT6SBj0<0R,0*7B
!AIVDM,1,1,,B,13Ih<k0226OlUfvP741;1`m80D0d,0*4C
!AIVDM,1,1,,B,18IsCb0021wlOtPP6W`46SCJ00S6,0*28
!AIVDM,1,1,,B,18IsCb0021wlPS@P6Vs46SB:061l,0*5D
!AIVDM,1,1,,B,18IsCb0021wlQ88P6V>443Bj08?a,0*3D
!AIVDM,1,1,,B,13M2?H0uApwlO9JP7w2:MpHv0L0T,0*7F
!AIVDM,1,1,,B,34`Uui1000OlPt`P5L3`<qSF0DbJ,0*13
!AIVDM,1,1,,B,18IsCb0021wlQfpP6UL46SCJ0<0R,0*21
!AIVDM,1,1,,B,13M2?H01AowlNT4P7vs:L`I`0D0T,0*78
!AIVDM,1,1,,B,13Ih<k0sj6OlS<pP76e:n8d000SE,0*68
!AIVDM,2,1,4,B,53Ih<k02>K2`Hlhn220<P4q@4<v222222222221@>pH:=4dieEilPCQiCCmE,0*1F
!AIVDM,2,2,4,B,28888888880,2*29
!AIVDM,1,1,,A,13Ih<k0s25OlRnPP771bfpV:061p,0*67
!AIVDM,1,1,,B,13M2?H001owlMvjP7vl:M`HH061p,0*16
!AIVDM,1,1,,B,13Ih<k0sR5OlRP<P77Cr`HPP0D0e,0*00
!AIVDM,1,1,,A,13Ih<k0t24OlR?bP77M:R8Lt08AD,0*44
!AIVDM,1,1,,B,13Ih<k0tB4OlQnpP77V:Q8K@0<0e,0*08
!AIVDM,1,1,,B,18IsCb0021wlTjPP6QaT6SBl00T7,0*6B
!AIVDM,1,1,,B,18IsCb0021wlUI@P6Pr46SCJ061t,0*2C
!AIVDM,1,1,,B,13M2?H0tinwlK5lP7v:JEp;V0<0V,0*36
!AIVDM,1,1,,A,13M2?H0tinwlJihP7uwrB8860620,0*58
!AIVDM,2,1,5,B,54`Uui42DaOL?H<oV2118TlE8v2222222222221AH`OBL4LDNNi5CPPD`0CP,0*6D
!AIVDM,2,2,5,B,j3lPAiH8880,2*1F
!AIVDM,1,1,,B,13M2?H0u1nwlJQLP7umb?`6H0<0V,0*2F
!AIVDM,1,1,,B,13Ih<k01j6OlNbhP76hrA8>`0<0e,0*5E
!AIVDM,1,1,,B,13Ih<k0224OlMJPP769rC8@00<0e,0*69
!AIVDM,1,1,,A,13Ih<k0vB5OlM3jP760:CHBD0<0e,0*5B
!AIVDM,1,1,,B,13M2?H01AmwlHnVP7tCIw80H086I,0*30
!AIVDM,1,1,,B,13Ih<k0225OlLe0P75pJCpBP08;E,0*51
!AIVDM,1,1,,B,13M2?H01ilwlHCtP7sbaup0v0<0U,0*72
!AIVDM,1,1,,B,13Ih<k0u26OlL3LP75bJDpC>00Rb,0*03
!AIVDM,1,1,,B,13M2?H02ilwlGi4P7s29up1V0624,0*54
!AIVDM,1,1,,B,13Ih<k0vj5OlKKtP75LrCp@008Rs,0*19
!AIVDM,1,1,,B,18IsCb0021wlaa8P6KST6SB:0<0R,0*4E
!AIVDM,1,1,,A,13Ih<k0vB6OlK50P75E:D8@<085d,0*79
!AIVDM,1,1,,B,13M2?H02AlwlG=pP7rIqvH0H0628,0*76
!AIVDM,1,1,,B,13Ih<k01j5OlJlJP75?rC`@L0628,0*7C
!AIVDM,1,1,,B,13M2?H021lwlFbrP7qjb082v08Ar,0*54
!AIVDM,1,1,,B,13Ih<k0025OlJ:vP750rD8A>0L0f,0*4A
!AIVDM,1,1,,A,13Ih<k0024OlIl8P74pbC8AJ00SU,0*5D
!AIVDM,1,1,,B,13Ih<k0026OlIM:P74i:DHAh062<,0*65
!AIVDM,1,1,,A,13Ih<k0027OlI<LP74c:C8@D062<,0*30
!AIVDM,1,1,,B,13M2?H021kwlEUBP7pU:186H00Sc,0*01
!AIVDM,1,1,,B,13Ih<k0026OlHkLP74RJE`@P00Rp,0*45
!AIVDM,1,1,,A,13Ih<k01j6OlHRjP74L:FH@r062<,0*4D
!AIVDM,1,1,,B,13M2?H0v1kwlE2HP7p0J5p6v062<,0*77
!AIVDM,1,1,,B,13Ih<k0vj6OlH<DP74ArB`A60HFQ,0*02
!AIVDM,1,1,,B,34`Uui1w@1OlPvfP5LE`<qMF0DqJ,0*5A
!AIVDM,1,1,,B,18IsCb0021wldd8P6GaT93CL062<,0*0E
!AIVDM,1,1,,A,13Ih<k0028OlGmBP74:bF`AL0@M?,0*31
!AIVDM,1,1,,B,13M2?H0vikwlDO<P7oLr6`7V0@MH,0*33
!AIVDM,1,1,,A,18IsCb0021wldwPP6G@T93Ch08R?,0*1E
!AIVDM,1,1,,B,13Ih<k01B6OlGTDP746bCp@000Rh,0*2E
!AIVDM,1,1,,A,13Ih<k0uj6OlG=PP73vrCp@D00R`,0*17
!AIVDM,1,1,,B,13M2?H0vAkwlCrPP7nrr786J0<0U,0*2A
!AIVDM,1,1,,A,18IsCb0021wleV@P6FNT6SBP0L0Q,0*0F
!AIVDM,1,1,,B,13Ih<k0226OlFrhP73prE8@V0@;3,0*6D
!AIVDM,2,1,6,A,58IsCb42>a<sUK?K3R098v04LpE>22222222221@>@N@74eF0DDSm51DQ0CH,0*19
!AIVDM,2,2,6,A,1Sl`3lQ1D`0,2*57
!AIVDM,1,1,,B,38IsCb0021wleuHP6F346SDp0Cse,0*66
!AIVDM,1,1,,A,13Ih<k0226OlFUjP73jbDH@h00S;,0*1E
!AIVDM,1,1,,B,13M2?H0vAkwlCIDP7nO:7p6v00SW,0*69
!AIVDM,1,1,,A,18IsCb0020wlf<dP6EiT6SG808F>,0*67
!AIVDM,1,1,,B,13Ih<k0v26OlF@hP73dJD8A80D0e,0*00
!AIVDM,1,1,,A,13M2?H0vAkwlC60P7n>r787D08H8,0*5F
!AIVDM,1,1,,B,18IsCb0020wlfMpP6EHT93IL00S@,0*56
!AIVDM,1,1,,A,E8VFNB1aRR1Wspr000000000000Oq:81@43eQJ;GOHph20,4*51
!AIVDM,1,1,,A,13Ih<k02j7OlEofP73T:C`CL0<0f,0*2E
!AIVDM,1,1,,B,13M2?H001kwlBn>P7n1b787V0<0V,0*22
!AIVDM,1,1,,A,18IsCb0020wlfhtP6DwT93Kh062@,0*0B
!AIVDM,1,1,,B,13Ih<k0vj8OlETpP73L:D8Af0L0f,0*54
!AIVDM,1,1,,A,13M2?H0uilwlBTbP7mjr7H44080U,0*03
!AIVDM,1,1,,A,13Ih<k0028OlEArP73EJDHBB0D0f,0*78
!AIVDM,1,1,,B,13M2?H0vikwlBADP7mSJ6p4H086r,0*52
!AIVDM,1,1,,A,18IsCb0020wlgFhP6D64>3LN0H:6,0*3F
!AIVDM,1,1,,B,13Ih<k0027OlDtjP73?:DH@L0<0f,0*26
!AIVDM,1,1,,A,13M2?H0uAlwlB1JP7mFr6p2d0H<A,0*4D
!AIVDM,1,1,,A,13Ih<k0026OlDSNP737rCp@t0L0f,0*10
!AIVDM,1,1,,B,13M2?H021kwlAerP7m5r5`500@BG,0*52
!AIVDM,1,1,,A,18IsCb0020wlgwdP6C2TC3M:062D,0*6D
!AIVDM,1,1,,B,13Ih<k0027OlDBbP733JD8A>0@FQ,0*5A
!AIVDM,1,1,,A,13M2?H021lwlAL2P7ll:4`3D062D,0*59
!AIVDM,1,1,,B,18IsCb0020wlh>dP6BaTC3MJ0L0Q,0*67
!AIVDM,1,1,,A,13Ih<k02B8OlCsLP72sbF8AV08M?,0*22
!AIVDM,1,1,,B,13M2?H0uikwlA<2P7lTJ483V08MH,0*4D
!AIVDM,1,1,,A,18IsCb0020wlhU<P6B44C3Mj00R1,0*3C
!AIVDM,1,1,,B,13Ih<k0vj8OlC`VP72lrCp@00HRQ,0*60
!AIVDM,1,1,,A,13M2?H001lwl@r@P7lBb5H24062H,0*34
!AIVDM,2,1,7,A,54`Uui42DaOL?H<oV2118TlE8v2222222222221AH`OBL4LDNNi5CPPD`0CP,0*6C
!AIVDM,2,2,7,A,j3lPAiH8880,2*1E
!AIVDM,1,1,,A,13Ih<k0029OlCCbP72ebFHBD0@5:,0*3D
!AIVDM,1,1,,B,13M2?H0uAlwl@VjP7kv:482H062H,0*6A
!AIVDM,1,1,,B,13Ih<k0227OlBtRP72KbFpB`08;3,0*79
!AIVDM,1,1,,A,13M2?H021kwl@FnP7kg:3`2d0D0V,0*41
!AIVDM,1,1,,A,13Ih<k01j5OlBcVP72G:E`Bt0HA>,0*64
!AIVDM,1,1,,B,13M2?H01ilwl@3bP7kLr2p300<0V,0*38
!AIVDM,1,1,,A,13M2?H021kwl?l6P7k>b2`5B00SD,0*68
!AIVDM,1,1,,A,34`Uui1000OlQ0dP5LEp<qIN0Dur,0*0A
!AIVDM,1,1,,A,13Ih<k01j7OlAu<P72:rC8AV062H,0*28
!AIVDM,1,1,,B,13M2?H02ilwl?RrP7jwJ485V062H,0*0F
!AIVDM,1,1,,B,13Ih<k0v29OlAe4P722bDH@00D0f,0*74
!AIVDM,1,1,,A,13Ih<k01j8OlAF@P71s:C8@D0<0f,0*5F
!AIVDM,1,1,,B,13M2?H02Alwl>vbP7jNJ584H00SB,0*58
!AIVDM,1,1,,A,18IsCb0021wljpdP6>7TC3LP0@:6,0*79
!AIVDM,1,1,,B,13Ih<k0028OlA3hP71k:B8@`062L,0*47
!AIVDM,1,1,,A,13M2?H0v1kwl>frP7j?J4p4d0@<A,0*60
!AIVDM,1,1,,A,13Ih<k0027Ol@fdP71drB`@t0D0f,0*42
!AIVDM,1,1,,B,13M2?H0vAlwl>KNP7itr4`3008BG,0*36
!AIVDM,1,1,,B,13Ih<k0026Ol@InP71VJDpA>08FQ,0*0F
!AIVDM,1,1,,A,13Ih<k0vj6Ol@0lP71MJB8AV00RR,0*4B
!AIVDM,1,1,,B,13M2?H01Alwl=r0P7iL:4H3V00SB,0*17
!AIVDM,1,1,,B,13Ih<k01j6Ol?f4P71FrC`@00@RQ,0*00
!AIVDM,1,1,,A,13Ih<k02B6Ol?KHP71>rBp@D085:,0*10
!AIVDM,1,1,,B,13M2?H01Alwl=E<P7ho:284J0D0V,0*60
!AIVDM,1,1,,B,13Ih<k0026Ol?6TP716rD8@`00Ss,0*45
!AIVDM,1,1,,A,13Ih<k0vAwOl>ejP70tbC`@t0@A>,0*69
!AIVDM,1,1,,B,13Ih<k01ivOl>M<P70oJBpA>062P,0*78
!AIVDM,1,1,,B,13M2?H01ilwl<@tP7ghJ283V0<0V,0*1F
!AIVDM,1,1,,B,13Ih<k0v25Ol=l8P70WbBp@00<0c,0*25
!AIVDM,1,1,,B,13M2?H0uilwl;d4P7g;J2`2J0@72,0*31
!AIVDM,1,1,,B,13Ih<k0025Ol=7<P70PJC8@b0H;l,0*78
!AIVDM,1,1,,A,13Ih<k0vB5Ol<kjP70N:C8@t0<0c,0*4E
!AIVDM,1,1,,B,13M2?H01ilwl;94P7fVJ1H3000SM,0*7F
!AIVDM,1,1,,B,13Ih<k0024Ol<M4P70G:EHA>00Sj,0*50
!AIVDM,1,1,,A,13Ih<k0024Ol<:`P70@JFpCT0<0d,0*35
!AIVDM,1,1,,B,13M2?H0vilwl:WjP7f2J3H5V08MP,0*04
!AIVDM,1,1,,B,13Ih<k0223Ol;n@P708rC`B008RQ,0*23
!AIVDM,2,1,8,B,53Ih<k02>K2`Hlhn220<P4q@4<v222222222221@>pH:=4dieEilPCQiCCmE,0*13
!AIVDM,2,2,8,B,28888888880,2*25
!AIVDM,1,1,,B,13M2?H01ilwl:2RP7eIr2`2J0<0V,0*13
!AIVDM,1,1,,B,13Ih<k01B4Ol;:jP6wlJE8Bb0D0c,0*23
!AIVDM,1,1,,A,13M2?H01ilwl9jbP7e9:3p2b062`,0*44
!AIVDM,1,1,,B,13M2?H0v1lwl9OFP7dlb3H2v0L0V,0*37
!AIVDM,1,1,,B,13Ih<k01B4Ol:RlP6wSbG8C80<0c,0*7A
!AIVDM,1,1,,B,13M2?H01ilwl8vLP7dCJ1p3T062`,0*4A
!AIVDM,1,1,,B,13Ih<k0225Ol9tDP6wEJC`B0062`,0*65
!AIVDM,1,1,,A,13M2?H021lwl8e0P7cwJ1H2000Sj,0*7E
!AIVDM,1,1,,A,13Ih<k0uj4Ol9UnP6w<rF`@F0<0b,0*49
!AIVDM,1,1,,B,13M2?H001lwl8IlP7car184J0872,0*19
!AIVDM,1,1,,B,13Ih<k01j3Ol9?BP6w6JH8Bb0@;l,0*74
!AIVDM,1,1,,A,13M2?H01ilwl89pP7cJ:1p4`00Sj,0*1A
!AIVDM,1,1,,A,13Ih<k0v24Ol8tnP6w0:F8@t062d,0*12
!AIVDM,1,1,,B,13M2?H0vAlwl7nHP7c8r2H2v0HBb,0*66
!AIVDM,1,1,,B,13Ih<k0022Ol8dPP6vt:EHC@08G9,0*58
!AIVDM,1,1,,A,13M2?H0vAlwl7TnP7bqJ2p5B08HB,0*58
!AIVDM,1,1,,A,13Ih<k0023Ol8F@P6vkrE8AT062d,0*7F
!AIVDM,1,1,,B,13M2?H01ilwl7E>P7bb:3H5V00Ss,0*19
!AIVDM,1,1,,B,13Ih<k01B5Ol84:P6vf:FpB000SC,0*2A
!AIVDM,1,1,,B,13M2?H021lwl6hbP7b7b3H4J062h,0*5E
!AIVDM,1,1,,B,13Ih<k0uj4Ol7GFP6vP:FpBb0<0d,0*6B
!AIVDM,1,1,,A,13M2?H0uilwl6O0P7an:4H4d0L0`,0*6C
!AIVDM,1,1,,B,13M2?H0vilwl6<lP7aQ:48500D0`,0*51
!AIVDM,1,1,,B,13Ih<k0vB2Ol6hDP6vFbFHA@062h,0*39
!AIVDM,1,1,,B,13M2?H001lwl5a<P7`v:383`0L0`,0*3E
!AIVDM,1,1,,B,13Ih<k0023Ol69dP6v9rE8@00D0d,0*6E
!AIVDM,1,1,,A,13M2?H01Alwl5G`P7`eJ3p440H19,0*12
!AIVDM,1,1,,B,13Ih<k0023Ol5M6P6us:Dp@b08;l,0*2E
!AIVDM,1,1,,A,13Ih<k0024Ol5:tP6um:FH@t0H@m,0*27
!AIVDM,1,1,,B,13M2?H0vikwl4RrP7Wor3`4v0@Bb,0*08
!AIVDM,1,1,,B,13Ih<k0vB5Ol4l2P6uerE`A800S<,0*1E
!AIVDM,1,1,,A,13Ih<k01j4Ol4SvP6u`JF`CL0D0c,0*08
!AIVDM,1,1,,B,13M2?H0v1lwl3wtP7WEJ3p3`0HNA,0*47
!AIVDM,1,1,,B,13Ih<k0224Ol4;VP6uTJD8@00@Rb,0*6E
!AIVDM,1,1,,A,13Ih<k0uj3Ol3n>P6uKrDH@F00Rg,0*1B
!AIVDM,1,1,,B,13M2?H01ilwl3LdP7Vi:2H2F0D0a,0*62
!AIVDM,1,1,,B,13Ih<k0224Ol3SBP6uEbCp@b062p,0*35
!AIVDM,1,1,,A,13Ih<k0025Ol3ARP6u=bEH@l0D0d,0*1B
!AIVDM,1,1,,B,13M2?H0vAlwl2q`P7V?b2p2v0<0a,0*4B
!AIVDM,1,1,,B,13Ih<k0025Ol2sbP6u7JE`A@0L0d,0*34
!AIVDM,1,1,,B,13M2?H0vAlwl2FRP7Ugr2p3`0D0a,0*6A
!AIVDM,1,1,,B,13Ih<k0025Ol2B0P6trbBp>00<0e,0*52
!AIVDM,1,1,,A,13Ih<k0025Ol1vtP6tiJC`>D0<0e,0*74
!AIVDM,1,1,,B,13Ih<k0024Ol1V:P6tWbD8>b00R;,0*47
!AIVDM,1,1,,A,13M2?H02Alwl1S0P7To:182b0@<q,0*48
!AIVDM,1,1,,B,13M2?H01Alwl1AdP7TSqw`2v08Bb,0*66
!AIVDM,1,1,,B,13Ih<k0024Ol0u0P6tKJD8A@0HG;,0*6B
!AIVDM,1,1,,A,13M2?H01Akwl11nP7TBJ0H3@08Gn,0*63
!AIVDM,1,1,,A,13Ih<k01j4Ol0UvP6tB:C8AT0<0e,0*60
!AIVDM,1,1,,B,13M2?H0v1lwl0fRP7Sur1`5V0@NA,0*55
!AIVDM,1,1,,B,13Ih<k0024Ol0ELP6t<bBp>008Rb,0*05
!AIVDM,2,1,9,A,53Ih<k02>K2`Hlhn220<P4q@4<v222222222221@>pH:=4dieEilPCQiCCmE,0*11
!AIVDM,2,2,9,A,28888888880,2*27
!AIVDM,1,1,,A,13M2?H01ikwl0M2P7Sc:1H420<0a,0*34
!AIVDM,1,1,,A,13Ih<k0025Okwu6P6t3JC8@<085M,0*59
!AIVDM,1,1,,B,13M2?H0vAlwl0;fP7SH:1H4H0<0a,0*2C
!AIVDM,1,1,,B,13Ih<k0026Okwe4P6strD`>V0D0e,0*29
!AIVDM,1,1,,B,13M2?H0vilwkw`dP7Rir2p500630,0*6F
!AIVDM,1,1,,B,13Ih<k0225Okw0RP6scJD`?@0D0f,0*20
!AIVDM,1,1,,A,13M2?H021lwkwJdP7RR:283B0630,0*15
!AIVDM,1,1,,A,13Ih<k0024OkvhPP6sSJ@p?T08M8,0*14
!AIVDM,1,1,,B,13M2?H0v1lwkw5lP7R:J283`0<0a,0*47
!AIVDM,1,1,,B,13Ih<k01B4OkvGPP6sJrBH>00630,0*4F
!AIVDM,1,1,,B,13Ih<k0025Okui>P6s8bB`>V0@:m,0*72
!AIVDM,1,1,,A,13M2?H021lwkvAbP7QA:184b08<q,0*6D
!AIVDM,1,1,,A,13Ih<k01j6OkuNHP6s0:B8@r08@m,0*2A
!AIVDM,1,1,,B,13M2?H02Alwkv0BP7Pwb185000RC,0*27
!AIVDM,1,1,,B,13Ih<k01B8Oku9lP6rr:B8A@0@G;,0*05
!AIVDM,1,1,,A,13M2?H0v1lwkuh`P7Phb1p5B00S;,0*35
!AIVDM,1,1,,B,13M2?H0v1lwkuMJP7PMJ3`5`08NA,0*6B
!AIVDM,1,1,,B,13Ih<k0025OktQJP6ra:Bp@000SF,0*05
!AIVDM,1,1,,A,13Ih<k0024Okt:lP6rO:C`@D00R`,0*26
!AIVDM,1,1,,B,13M2?H021lwktrDP7OqJ2H4H0638,0*36
!AIVDM,1,1,,B,13Ih<k02j6Oksr6P6rE:BH@V0<0f,0*31
!AIVDM,1,1,,A,13Ih<k0v25OksVDP6r<:D`@r0638,0*5F
!AIVDM,1,1,,B,13Ih<k0025Oks><P6r1JDHA@0<0f,0*3B
!AIVDM,1,1,,A,13Ih<k0024Okrq@P6qpbC8AT00Rm,0*67
!AIVDM,1,1,,B,13M2?H01Ajwksl4P7Nhb385`0638,0*42
!AIVDM,1,1,,B,13Ih<k0026OkrW6P6qhJCH@00D0f,0*0E
!AIVDM,1,1,,A,13M2?H021kwksRRP7NNb3`2400S5,0*2D
!AIVDM,1,1,,A,13Ih<k0027OkrDnP6qWbC8@B0D0f,0*52
!AIVDM,1,1,,B,13Ih<k0026Okr0@P6qNbC8@V08:m,0*7A
!AIVDM,1,1,,A,13Ih<k0025OkqWLP6qD:Bp>r00SF,0*19
!AIVDM,1,1,,B,13M2?H01ijwkrhFP7MbJ2p2v0<0b,0*37
!AIVDM,1,1,,B,13Ih<k0026OkqBjP6q;JBp?@08G;,0*77
!AIVDM,1,1,,A,13Ih<k0025Okq0:P6q4:Bp?T0HLk,0*15
!AIVDM,1,1,,B,13M2?H0vAjwkr<HP7M5:3H3`00S6,0*30
!AIVDM,1,1,,B,13Ih<k0225OkpaRP6ps:@pAh0@Rn,0*39
!AIVDM,1,1,,B,13M2?H0v1iwkqcrP7LS:2H2D0H65,0*78
!AIVDM,1,1,,A,13M2?H0v1iwkqI2P7L?b282b0L0b,0*26
!AIVDM,1,1,,B,13M2?H01Aiwkq9PP7Kvb282t08Ak,0*54
!AIVDM,1,1,,B,13Ih<k0vB7OkoK0P6pMJBpA@063@,0*05
!AIVDM,1,1,,A,13M2?H001iwkppBP7Ke:1`3@0@Go,0*23
!AIVDM,1,1,,B,13M2?H01AiwkpUNP7KK:383V0@N=,0*41
!AIVDM,1,1,,B,13Ih<k0v23OknibP6p=bAp@00<0j,0*09
!AIVDM,1,1,,A,13Ih<k02B5OknO4P6p6bB8@B0<0j,0*7A
!AIVDM,2,1,0,B,53M2?H02=NThuc;3WV0IE8F0pu8B22222222221A>@ND24dh0E1lPCQiCCmE,0*62
!AIVDM,2,2,0,B,28888888880,2*2D
!AIVDM,1,1,,B,13M2?H021iwkp5BP7JvJ1p2F0D0b,0*6C
!AIVDM,1,1,,B,13Ih<k0026Okn8HP6otrBH@V00SR,0*7D
!AIVDM,1,1,,B,13M2?H01AiwkoRfP7JG:282t063D,0*2C
!AIVDM,1,1,,B,13Ih<k0023OkmK>P6ocJDpA800Rt,0*27
!AIVDM,1,1,,A,13M2?H0v1iwkoAVP7J4b383B0<0c,0*08
!AIVDM,1,1,,A,13Ih<k01j3Okm:lP6oUrDpAT0@Lk,0*4D
!AIVDM,1,1,,B,13Ih<k0vj5Okll:P6oMJD8@008Rn,0*60
!AIVDM,2,1,1,B,53Ih<k02>K2`Hlhn220<P4q@4<v222222222221@>pH:=4dieEilPCQiCCmE,0*1A
!AIVDM,2,2,1,B,28888888880,2*2C
!AIVDM,1,1,,B,13Ih<k01B5Okl=DP6o>rBH>`0H;=,0*79
!AIVDM,1,1,,A,13Ih<k0024Okkl8P6o5JB8>t0@A1,0*09
!AIVDM,1,1,,B,13Ih<k0vB6OkkSVP6nvb@p?@0HFu,0*31
!AIVDM,1,1,,A,13Ih<k0v25Okk=8P6nn:?`=T0<0h,0*67
!AIVDM,1,1,,B,13Ih<k0024OkjnPP6nc:@8=h063L,0*22
!AIVDM,1,1,,A,13Ih<k0v25OkjVFP6nS:?p<8063L,0*1E
!AIVDM,1,1,,B,13Ih<k0026Okj=nP6nGb>p<`0D0i,0*5A
!AIVDM,1,1,,B,13Ih<k0024OkiVnP6n3b@8=@0D0h,0*52
!AIVDM,1,1,,A,13Ih<k0024Oki@TP6moJ?8=L08Lk,0*7A
!AIVDM,1,1,,B,13Ih<k01j3Oki0VP6mgb>p<000SE,0*78
!AIVDM,1,1,,A,13M2?H02AiwkkO`P7F6r1`2200RU,0*6D
!AIVDM,1,1,,A,13Ih<k0024OkheLP6mU:?p<B00SH,0*7F
!AIVDM,1,1,,B,13M2?H0v1iwkk@4P7Enb1p2D0865,0*20
!AIVDM,1,1,,B,13Ih<k0025OkhFfP6mI:@H<`0@;=,0*60
!AIVDM,1,1,,A,13M2?H01iiwkju4P7EQr284d0<0d,0*19
!AIVDM,1,1,,A,13Ih<k0v25Okh0tP6m>:@H<t08A1,0*2C
!AIVDM,1,1,,B,13M2?H001iwkjctP7E>b1`500HBU,0*53
!AIVDM,1,1,,B,13Ih<k0025OkgbdP6m3J@8=80@Fu,0*5F
!AIVDM,1,1,,A,13M2?H001jwkjLPP7Dvb1`5@00SH,0*15
!AIVDM,1,1,,A,13Ih<k0vj5OkgJDP6lrJ=H=T063P,0*4D
!AIVDM,1,1,,B,13M2?H01Ajwkj9fP7DcJ1H5`00Rj,0*32
!AIVDM,1,1,,B,13Ih<k0025Okg3hP6lf:?p<00@S1,0*49
!AIVDM,1,1,,A,13M2?H01ijwkirPP7DL:18420H0O,0*24
!AIVDM,1,1,,B,13M2?H0vAjwkiaNP7D:b284F063T,0*7A
!AIVDM,1,1,,B,13Ih<k0vj5OkfLbP6lGJ>8<`0<0i,0*2C
!AIVDM,1,1,,A,13Ih<k0225Okf3:P6l9:>8<l063T,0*22
!AIVDM,1,1,,B,13M2?H021iwki5RP7CTJ1H500D0e,0*00
!AIVDM,1,1,,B,13Ih<k0v24Okek2P6l0:>H?@0<0i,0*55
!AIVDM,1,1,,A,13Ih<k0224OkeLpP6klJ?p?T00S;,0*4C
!AIVDM,1,1,,B,13M2?H0uijwkhTdP7C0J1p5T0D0e,0*72
!AIVDM,1,1,,B,13Ih<k0vB6Oke6RP6k`bAp?h0<0j,0*79
!AIVDM,1,1,,A,13Ih<k01B6OkdnDP6kQ:B`>80859,0*0B
!AIVDM,1,1,,B,13Ih<k0vj4OkdMlP6kE:Ap>P08;=,0*0B
!AIVDM,1,1,,A,13Ih<k0vB4Okd=PP6k=:?p>t00Sk,0*78
!AIVDM,1,1,,B,13M2?H001jwkgMTP7Akb1H4v0@BU,0*65
!AIVDM,1,1,,B,13Ih<k0026OkcnlP6k2:?`?@08Fu,0*0E
!AIVDM,1,1,,A,13Ih<k0026OkcTNP6jpb>`?L0<0k,0*6F
!AIVDM,1,1,,B,13M2?H0vAjwkfu:P7ABr1p5T0@Mm,0*11
!AIVDM,1,1,,B,13Ih<k0024Okc?pP6jer>`>008S1,0*7E
!AIVDM,1,1,,A,13Ih<k0025OkbsLP6jSJ@p>B063d,0*24
!AIVDM,1,1,,B,13M2?H01ijwkfHtP7@f:2H2F0D0g,0*3D
!AIVDM,1,1,,B,13Ih<k0026OkbVtP6jI:@p>`063d,0*71
!AIVDM,1,1,,A,13M2?H0v1jwkf7hP7@LJ1p2f00Rq,0*03
!AIVDM,1,1,,A,13Ih<k0026Okb@FP6j=J=`>v0L0l,0*58
!AIVDM,1,1,,B,13M2?H01ijwkenVP7@:J1H320<0g,0*18
!AIVDM,1,1,,B,13Ih<k0027OkauVP6j3r>`?8063d,0*77
!AIVDM,1,1,,A,13M2?H01ijwkeW4P7?qb0`3D0<0g,0*03
!AIVDM,1,1,,B,34`Uui1000OlQ2FP5LQQ?aAJ0Dkr,0*1D
!AIVDM,1,1,,B,13M2?H001jwkeEnP7?Vb0p5`0<0g,0*04
!AIVDM,1,1,,B,13Ih<k0023Oka@bP6idJ@p>00680,0*26
!AIVDM,1,1,,A,13Ih<k01B4Oka0BP6iTJ@H>B00Sn,0*4A
!AIVDM,1,1,,B,13M2?H01ijwkdiJP7>vJ284J0@73,0*13
!AIVDM,1,1,,B,13Ih<k0025Ok`afP6iHr@H>`00S`,0*45
!AIVDM,1,1,,A,13M2?H001jwkdQdP7>eb284d0@<J,0*38
!AIVDM,1,1,,A,13Ih<k0025Ok`C2P6i>:@`>v0HAb,0*58
!AIVDM,1,1,,B,13M2?H0v1jwkd>JP7>Ir2p5208BU,0*06
!AIVDM,1,1,,B,13Ih<k0025Ok`2bP6i6b@H?@00Rc,0*5F
!AIVDM,1,1,,A,13M2?H01Ajwkcv`P7>9r3H5D08H5,0*02
!AIVDM,1,1,,B,13M2?H0vijwkce:P7=pJ2p5V08Mm,0*23
!AIVDM,1,1,,B,13Ih<k0vj5OkWE`P6hk:Ap>000Rk,0*47
!AIVDM,1,1,,A,13Ih<k0026OkW34P6hbr@`>D0<0n,0*34
!AIVDM,1,1,,B,13M2?H0v1kwkc8DP7=Bb3H2J0<0j,0*1F
!AIVDM,1,1,,B,13Ih<k0026OkVdPP6hPbAH<P0H;c,0*6A
!AIVDM,1,1,,A,13Ih<k0025OkVGvP6hG:AH<l0D0l,0*14
!AIVDM,1,1,,B,13M2?H01AjwkbULP7<br0`300684,0*70
!AIVDM,1,1,,B,13Ih<k0025OkV9`P6h@b?8=>0@FN,0*2D
!AIVDM,1,1,,A,13M2?H01ijwkbErP7<Ir183B0684,0*75
!AIVDM,1,1,,B,13M2?H01Ajwkb4dP7<7b183V0684,0*43
!AIVDM,1,1,,B,13Ih<k0024OkULVP6grr@H<00HRb,0*71
!AIVDM,1,1,,A,13M2?H0vAjwkakPP7;n:0H440688,0*71
!AIVDM,1,1,,A,13Ih<k0024OkU64P6ggbA`><085m,0*50
!AIVDM,1,1,,B,13M2?H01ijwkaPLP7;TJ1H4H0873,0*07
!AIVDM,1,1,,B,13Ih<k0026OkTi`P6gV:@`>`0D0l,0*17
!AIVDM,1,1,,B,13M2?H0uikwk`v4P7;0J1H3000Rp,0*28
!AIVDM,1,1,,B,13Ih<k0026OkT<fP6gE:Ap?>0<0l,0*61
!AIVDM,1,1,,B,13M2?H01Akwk`MHP7:M:0`3V00SP,0*61
!AIVDM,1,1,,B,13Ih<k0024OkSOTP6g0r@H?h0D0l,0*0F
!AIVDM,1,1,,A,13Ih<k0025OkS;:P6fnr@H<D068<,0*4D
!AIVDM,1,1,,B,13M2?H01ikwkWqJP79mJ084J068<,0*51
!AIVDM,1,1,,A,13M2?H001kwkWWvP79QIw`4d068<,0*1F
!AIVDM,1,1,,A,13Ih<k0026OkRR6P6fS:=p<l0<0n,0*62
!AIVDM,1,1,,B,13M2?H0vAkwkWFPP79=J184v0L0m,0*5D
!AIVDM,1,1,,B,13Ih<k0025OkRAbP6fJr=`=408FN,0*6F
!AIVDM,1,1,,B,13M2?H01AkwkVkVP78W:183`0HN;,0*16
!AIVDM,1,1,,B,13Ih<k0025OkQ``P6f5b?`=n0@Rb,0*38
!AIVDM,1,1,,A,13Ih<k0026OkQB2P6eqr>p<D00S<,0*0A
!AIVDM,1,1,,B,13Ih<k02B6OkPsLP6efb>`<P0<0n,0*0B
!AIVDM,1,1,,B,13M2?H0vikwkUf4P77IJ1H700HBC,0*24
!AIVDM,1,1,,B,13Ih<k0025OkPFLP6eK:@p=>068@,0*17
!AIVDM,1,1,,A,13Ih<k0026OkOujP6e>b=p=V0D0n,0*71
!AIVDM,1,1,,B,13Ih<k0026OkOcDP6e5:<`=f0<0n,0*40
!AIVDM,1,1,,A,13Ih<k0025OkODdP6dqJ=`<<0L0n,0*58
!AIVDM,1,1,,B,13Ih<k0023OkO4@P6dhJ@8<`08;c,0*1B
!AIVDM,1,1,,B,13M2?H001kwkT5PP75lb6`8v0D0l,0*34
!AIVDM,1,1,,B,13Ih<k0024OkNKFP6dKb?H?>00SO,0*71
!AIVDM,1,1,,B,34`Uui1000OlQ2DP5LKi?aAJ0DOr,0*19
!AIVDM,1,1,,B,13Ih<k0026OkMjHP6d7b>p?n08Rb,0*6E
!AIVDM,1,1,,A,13M2?H021jwkSBvP758b7`80068H,0*2F
!AIVDM,1,1,,B,13M2?H0uAjwkS1`P74sr8`8D0H63,0*54
!AIVDM,1,1,,B,13Ih<k0025OkM5`P6cm:@8>`068H,0*68
!AIVDM,1,1,,B,13M2?H0tikwkRN`P74Or8p4v0@BC,0*1C
!AIVDM,1,1,,B,13Ih<k0025OkLMrP6cP:?H?60D0n,0*3A
!AIVDM,1,1,,B,13M2?H0v1jwkQr:P73sb4H1V0<0l,0*39
!AIVDM,1,1,,B,13Ih<k0024OkKntP6c;J=p=n068H,0*3E
!AIVDM,1,1,,A,13Ih<k0024OkKPBP6c0J>`<D0D0o,0*5B
!AIVDM,1,1,,B,13M2?H001jwkQI4P73Gb0H0D0D0k,0*16
!AIVDM,1,1,,B,13Ih<k0023OkK9bP6bm:?8<P00R<,0*32
!AIVDM,1,1,,B,13M2?H0vijwkPlbP72equow00<0l,0*64
!AIVDM,1,1,,B,13Ih<k0024OkJP2P6bTJ@`?>0@Fk,0*3D
!AIVDM,1,1,,A,13M2?H001jwkPSNP72IIuGwB068L,0*06
!AIVDM,1,1,,A,13Ih<k0vj4OkJ;`P6bKJ=`=T08MJ,0*41
!AIVDM,1,1,,B,13Ih<k01j3OkIqPP6bBJ<p=f00Si,0*64
!AIVDM,2,1,2,B,54`Uui42DaOL?H<oV2118TlE8v2222222222221AH`OBL4LDNNi5CPPD`0CP,0*6A
!AIVDM,2,2,2,B,j3lPAiH8880,2*18
!AIVDM,1,1,,A,13Ih<k0025OkIS:P6b6b>p<<0@5o,0*65
!AIVDM,1,1,,B,13M2?H0vijwkOinP71L9rovD0@63,0*47
!AIVDM,1,1,,B,13Ih<k01B5OkIBnP6aur@H>T0@:e,0*2B
!AIVDM,1,1,,A,13Ih<k0025OkHvVP6akb@`>r0@@c,0*28
!AIVDM,1,1,,B,13M2?H0vijwkO=LP70dqrotv08BC,0*1C
!AIVDM,1,1,,B,13Ih<k0026OkHbBP6aa:?p?>0<0r,0*45
!AIVDM,1,1,,A,13Ih<k0025OkHCHP6aN:@8?T068P,0*3C
!AIVDM,1,1,,B,13M2?H001kwkNc8P6wuqoou`068P,0*12
!AIVDM,1,1,,B,13Ih<k0024OkGu0P6aCr@8?h0@07,0*1F
!AIVDM,1,1,,A,13Ih<k0023OkGdhP6a;rA8>D0<0s,0*3E
!AIVDM,1,1,,B,13M2?H001kwkN:jP6w@qo7tF0<0k,0*6A
!AIVDM,1,1,,B,13Ih<k0025OkGJHP6a3bB`>T0<0s,0*66
!AIVDM,1,1,,A,13M2?H01ikwkMqjP6vq9o7tb08;t,0*34
!AIVDM,1,1,,B,13M2?H02AkwkMW2P6vOIoWu0068T,0*32
!AIVDM,1,1,,A,13Ih<k0024OkFG6P6`SbBH?L00Rj,0*31
!AIVDM,1,1,,B,13M2?H0vAkwkM52P6uhIpWwV00S4,0*46
!AIVDM,1,1,,B,13Ih<k0v23OkF2`P6`JbA8>00<0r,0*31
!AIVDM,1,1,,A,13M2?H01ikwkLl6P6uHIoov40<0k,0*22
!AIVDM,1,1,,A,13Ih<k0024OkEenP6`AJ@H<D085o,0*11
!AIVDM,1,1,,B,13M2?H001kwkLTlP6u3IoovD0863,0*4B
!AIVDM,1,1,,B,13Ih<k0uj4OkEMBP6`9r@H<L08:e,0*46
!AIVDM,1,1,,A,13M2?H001kwkLClP6tcqq7v`068`,0*07
!AIVDM,1,1,,A,13Ih<k0024OkE78P6Wwr?8<j08@c,0*74
!AIVDM,1,1,,B,13M2?H0vikwkL2nP6tDIpGvv00Sc,0*7F
!AIVDM,1,1,,B,13Ih<k0vB5OkDm2P6Wnr=`=>068`,0*72
!AIVDM,1,1,,B,13M2?H01AkwkKO0P6sSqpGwV0HN5,0*0E
!AIVDM,1,1,,B,13Ih<k0024OkD:NP6WPJ?`<00807,0*34
!AIVDM,2,1,3,A,53M2?H02=NThuc;3WV0IE8F0pu8B22222222221A>@ND24dh0E1lPCQiCCmE,0*62
!AIVDM,2,2,3,A,28888888880,2*2D
!AIVDM,1,1,,B,13M2?H0vikwkJvRP6rpIpovF068d,0*41
!AIVDM,1,1,,B,13Ih<k0024OkCT>P6W=J>H>T068d,0*5A
!AIVDM,1,1,,A,13M2?H0vikwkJeLP6rQIpWv`00S9,0*40
!AIVDM,1,1,,B,13M2?H001kwkJJdP6r8apGw00L0k,0*17
!AIVDM,1,1,,B,13Ih<k0025OkBsVP6VqrA8?>00Sj,0*67
!AIVDM,1,1,,A,13M2?H01ikwkJ;DP6ql9pGw@08Gj,0*61
!AIVDM,1,1,,A,13Ih<k0022OkBU>P6VgbA`?T08M2,0*57
!AIVDM,1,1,,B,13M2?H0v1kwkIpRP6qJqpGw`0D0k,0*67
!AIVDM,1,1,,B,13Ih<k0024OkB>pP6VV:@H?h068h,0*2A
!AIVDM,1,1,,A,13Ih<k0v25OkAvfP6VOJBH>D00R>,0*4F
!AIVDM,1,1,,B,13M2?H021kwkIH6P6peIp7vD00Sj,0*2A
!AIVDM,1,1,,B,13Ih<k0023OkAbPP6VGbB8>T00Sj,0*3B
!AIVDM,1,1,,A,13M2?H001kwkI72P6pEqpov`0H;s,0*3D
!AIVDM,1,1,,A,13Ih<k0vj3OkAF@P6V>rBp>r00Sa,0*1E
!AIVDM,1,1,,B,13M2?H0vikwkHl<P6otIqow00HBl,0*54
!AIVDM,1,1,,B,13Ih<k0022OkA0<P6V6:?`?@0HGK,0*50
!AIVDM,1,1,,A,13M2?H0vAkwkHTnP6oW9r7w@068h,0*6D
!AIVDM,1,1,,B,13M2?H01AkwkHAtP6o=ar7wV0@N5,0*5F
!AIVDM,1,1,,B,13Ih<k0023Ok@J4P6UmbA`>000S;,0*31
!AIVDM,1,1,,A,13M2?H021kwkH0dP6nnIqWv400Rr,0*1F
!AIVDM,1,1,,A,13Ih<k0vB2Ok@64P6Udr?8<@0L0q,0*61
!AIVDM,1,1,,B,13M2?H001kwkGgVP6nP9qWvH0H6c,0*4B
!AIVDM,1,1,,B,13Ih<k0022Ok?j4P6UTb@H>V0<0q,0*3C
!AIVDM,1,1,,B,13M2?H01ikwkG=4P6mj9qGw20D0n,0*7F
!AIVDM,1,1,,B,13Ih<k0022Ok?9rP6UBbAH=80D0q,0*2B
!AIVDM,1,1,,A,13M2?H0v1jwkFufP6mM9q7wB00SS,0*74
!AIVDM,1,1,,A,13Ih<k0021Ok>mjP6U9JAH=V00SN,0*73
!AIVDM,1,1,,B,13M2?H0v1kwkFbtP6m49r7wV0<0n,0*4F
!AIVDM,1,1,,A,13M2?H01AkwkFIpP6leaqGt20@0o,0*35
!AIVDM,1,1,,B,13M2?H01ikwkF8pP6lF9ootF0D0m,0*50
!AIVDM,1,1,,A,13M2?H01ijwkEqVP6l19pWv`0@;s,0*5B
!AIVDM,1,1,,B,13M2?H0vAjwkEVtP6kWIpow00@Bl,0*2C
!AIVDM,1,1,,B,13Ih<k0023Ok=@pP6TO:?H?B0@GK,0*48
!AIVDM,1,1,,A,13M2?H01ijwkEEvP6k@9oWwD0D0m,0*12
!AIVDM,1,1,,A,34`Uui11h1OlQ0pP5LKA?aCH0Djb,0*69
